2013-03-17 01:31:00,474 [1] DEBUG DEBUGLogger [(null)] - Copy data from 01/03/2013
2013-03-17 01:31:01,616 [1] DEBUG DEBUGLogger [(null)] - Write data: "0, 0, 0, 0, 0, 0, 0, 0, 0, 0, 0, 0, 0, 0, 0, 0, 0, 0, 0, 0, 0, 0, 0, 0, 0, " to day 02/03/2013, stock type STOCK
2013-03-17 01:31:01,640 [1] DEBUG DEBUGLogger [(null)] - Write data: "0, 0, 0, 0, 0, 0, 0, 0, 0, 0, 0, 0, 0, 0, 0, 0, 0, 0, 0, 0, 0, 0, 0, 0, 0, " to day 02/03/2013, stock type STOCK
2013-03-17 01:31:01,643 [1] DEBUG DEBUGLogger [(null)] - Write data: "0, 0, 0, 0, 0, 0, 0, 0, 0, 0, 0, 0, 0, 0, 0, 0, 0, 0, 0, 0, 0, 0, 0, 0, 0, " to day 02/03/2013, stock type STOCK
2013-03-17 01:31:01,648 [1] DEBUG DEBUGLogger [(null)] - Write data: "0, 0, 0, 0, 0, 0, 0, 0, 0, 0, 0, 0, 0, 0, 0, 0, 0, 0, 0, 0, 0, 0, 0, 0, 0, " to day 02/03/2013, stock type STOCK
2013-03-17 01:31:01,654 [1] DEBUG DEBUGLogger [(null)] - Write data: "0, 0, 0, 0, 0, 0, 0, 0, 0, 0, 0, 0, 0, 0, 0, 0, 0, 0, 0, 0, 0, 0, 0, 0, 0, " to day 02/03/2013, stock type STOCK
2013-03-17 01:31:01,660 [1] DEBUG DEBUGLogger [(null)] - Write data: "0, 0, 0, 0, 0, 0, 0, 0, 0, 0, 0, 0, 0, 0, 0, 0, 0, 0, 0, 0, 0, 0, 0, 0, 0, 0, 0, 0, 0, " to day 02/03/2013, stock type STOCK
2013-03-17 01:31:01,665 [1] DEBUG DEBUGLogger [(null)] - Write data: "0, 0, 0, 0, 0, 0, 0, 0, 0, 0, 0, 0, 0, 0, 0, 0, 0, 0, 0, 0, 0, 0, 0, 0, 0, 0, 0, 0, 0, " to day 02/03/2013, stock type STOCK
2013-03-17 01:31:01,671 [1] DEBUG DEBUGLogger [(null)] - Write data: "0, 0, 0, 0, 0, 0, 0, 150, 200, 80, 410, 70, 160, 70, 70, 20, 0, 0, 0, 0, 0, 0, 0, 0, 0, 0, 0, 0, 1230, " to day 02/03/2013, stock type STOCK
2013-03-17 01:31:01,679 [1] DEBUG DEBUGLogger [(null)] - Write data: "0, 0, 0, 0, 0, 0, 0, 0, 0, 0, 0, 0, 0, 0, 0, 0, 0, 0, 0, 0, 0, 0, 0, 0, 50, 0, 0, 0, 50, " to day 02/03/2013, stock type STOCK
2013-03-17 01:31:01,685 [1] DEBUG DEBUGLogger [(null)] - Write data: "0, 0, 0, 0, 0, 30, 340, 760, 1040, 190, 1160, 60, 460, 260, 100, 40, 40, 100, 10, 0, 10, 0, 0, 0, 0, 0, 0, 0, 4600, " to day 02/03/2013, stock type STOCK
2013-03-17 01:31:01,694 [1] DEBUG DEBUGLogger [(null)] - Write data: "20, 0, 0, 0, 0, 0, 0, 0, 0, 0, 10, 0, 10, 0, 0, 0, 0, 0, 0, 0, 0, 0, 0, 0, 0, 0, 0, 0, 40, " to day 02/03/2013, stock type STOCK
2013-03-17 01:31:01,700 [1] DEBUG DEBUGLogger [(null)] - Write data: "0, 0, 0, 0, 0, 0, 0, 0, 0, 0, 0, 0, 0, 0, 0, 0, 0, 0, 0, 0, 0, 0, 0, 0, 0, 0, 0, 0, 0, " to day 02/03/2013, stock type STOCK
2013-03-17 01:31:01,706 [1] DEBUG DEBUGLogger [(null)] - Write data: "130, 150, 340, 320, 440, 190, 610, 720, 1070, 610, 1170, 970, 330, 150, 160, 260, 130, 260, 170, 270, 190, 140, 110, 200, 70, 0, 0, 0, 9160, " to day 02/03/2013, stock type STOCK
2013-03-17 01:31:01,713 [1] DEBUG DEBUGLogger [(null)] - Write data: "0, 420, 590, 1590, 580, 240, 390, 2240, 880, 1310, 640, 250, 130, 20, 10, 0, 0, 0, 0, 0, 0, 0, 9290, , , " to day 02/03/2013, stock type STOCK
2013-03-17 01:31:01,720 [1] DEBUG DEBUGLogger [(null)] - Write data: "0, 10, 30, 0, 10, 0, 0, 0, 0, 30, 0, 0, 90, 70, 0, 100, 0, 0, 0, 0, 0, 0, 340, , , " to day 02/03/2013, stock type STOCK
2013-03-17 01:31:01,722 [1] DEBUG DEBUGLogger [(null)] - Write data: "0, 0, 0, 0, 1820, 0, 260, 0, 530, 0, 1440, 0, 910, 0, 540, 0, 250, 0, 140, 0, 230, 0, 390, 0, 30, 6540, " to day 02/03/2013, stock type STOCK
2013-03-17 01:31:01,728 [1] DEBUG DEBUGLogger [(null)] - Write data: "0, 0, 0, 0, 1180, 0, 250, 0, 192, 0, 280, 0, 990, 0, 1520, 0, 900, 0, 830, 0, 300, 0, 220, 0, 60, 6722, " to day 02/03/2013, stock type STOCK
2013-03-17 01:31:01,737 [1] DEBUG DEBUGLogger [(null)] - Write data: "0, 0, 0, 0, 100, 0, 0, 0, 130, 0, 320, 0, 540, 0, 740, 0, 580, 0, 470, 0, 40, 0, 160, 0, 0, 3080, " to day 02/03/2013, stock type STOCK
2013-03-17 01:31:01,738 [1] DEBUG DEBUGLogger [(null)] - Write data: "0, 240, 0, 495, 0, 570, 0, 470, 0, 90, 0, 75, 0, 0, 0, 0, 0, 0, 0, 0, 0, 1940, " to day 02/03/2013, stock type STOCK
2013-03-17 01:31:01,739 [1] DEBUG DEBUGLogger [(null)] - Write data: "0, 105, 0, 60, 0, 30, 0, 40, 0, 25, 0, 30, 0, 0, 0, 0, 0, 0, 0, 0, 0, 290, " to day 02/03/2013, stock type STOCK
2013-03-17 01:31:01,745 [1] DEBUG DEBUGLogger [(null)] - Write data: "0, 8, 0, 50, 0, 40, 0, 10, 0, 13, 0, 0, 0, 0, 0, 0, 0, 0, 0, 0, 0, 121, " to day 02/03/2013, stock type STOCK
2013-03-17 01:31:01,746 [1] DEBUG DEBUGLogger [(null)] - Write data: "0, 235, 0, 275, 0, 330, 0, 240, 0, 35, 0, 43, 0, 9, 0, 0, 0, 0, 0, 0, 0, 1167, " to day 02/03/2013, stock type STOCK
2013-03-17 01:31:01,752 [1] DEBUG DEBUGLogger [(null)] - Write data: "1, 0, 5, 0, 0, 1, 0, 0, 0, 0, 1, 13, 0, 0, 0, 0, 21, " to day 02/03/2013, stock type STOCK
2013-03-17 01:31:01,759 [1] DEBUG DEBUGLogger [(null)] - Write data: "648, 352, 1008, 25, 27, 105, 2, 108, 48, 9, 0, 0, 0, 0, 0, 0, 2332, " to day 02/03/2013, stock type STOCK
2013-03-17 01:31:01,772 [1] DEBUG DEBUGLogger [(null)] - Write data: "0, 1, 1, 2, 21, 2, 0, 0, 0, 0, 61, 9, 1, 10, 2, 0, 110, " to day 02/03/2013, stock type STOCK
2013-03-17 01:31:01,778 [1] DEBUG DEBUGLogger [(null)] - Write data: "0, 0, 0, 17, 0, 0, 0, 0, 1, 0, 3, 0, 1, 15, 0, 0, 37, " to day 02/03/2013, stock type STOCK
2013-03-17 01:31:01,782 [1] DEBUG DEBUGLogger [(null)] - Write data: "232, 16, 344, 29, 153, 125, 0, 0, 0, 0, 0, 0, 0, 0, 0, 0, 899, " to day 02/03/2013, stock type STOCK
2013-03-17 01:31:01,806 [1] DEBUG DEBUGLogger [(null)] - Write data: "1, 70, 0, 2, 1, 1, 1, 0, 0, 0, 0, 0, 0, 0, 0, 0, 76, " to day 02/03/2013, stock type STOCK
2013-03-17 01:31:01,810 [1] DEBUG DEBUGLogger [(null)] - Write data: "0, 0, 0, 0, 0, 0, 0, 0, 0, 0, 0, 0, 0, 0, 0, 0, 0, " to day 02/03/2013, stock type STOCK
2013-03-17 01:31:17,219 [1] DEBUG DEBUGLogger [(null)] - Copy data from 01/03/2013
2013-03-17 01:31:17,814 [1] DEBUG DEBUGLogger [(null)] - Write data: "0, 0, 0, 0, 0, 0, 0, 0, 0, 0, 0, 0, 0, 0, 0, 0, 0, 0, 0, 0, 0, 0, 0, 0, 0, " to day 02/03/2013, stock type STOCK
2013-03-17 01:31:17,922 [1] DEBUG DEBUGLogger [(null)] - Write data: "0, 0, 0, 0, 0, 0, 0, 0, 0, 0, 0, 0, 0, 0, 0, 0, 0, 0, 0, 0, 0, 0, 0, 0, 0, " to day 02/03/2013, stock type STOCK
2013-03-17 01:31:17,927 [1] DEBUG DEBUGLogger [(null)] - Write data: "0, 0, 0, 0, 0, 0, 0, 0, 0, 0, 0, 0, 0, 0, 0, 0, 0, 0, 0, 0, 0, 0, 0, 0, 0, " to day 02/03/2013, stock type STOCK
2013-03-17 01:31:17,932 [1] DEBUG DEBUGLogger [(null)] - Write data: "0, 0, 0, 0, 0, 0, 0, 0, 0, 0, 0, 0, 0, 0, 0, 0, 0, 0, 0, 0, 0, 0, 0, 0, 0, " to day 02/03/2013, stock type STOCK
2013-03-17 01:31:17,939 [1] DEBUG DEBUGLogger [(null)] - Write data: "0, 0, 0, 0, 0, 0, 0, 0, 0, 0, 0, 0, 0, 0, 0, 0, 0, 0, 0, 0, 0, 0, 0, 0, 0, " to day 02/03/2013, stock type STOCK
2013-03-17 01:31:17,946 [1] DEBUG DEBUGLogger [(null)] - Write data: "0, 0, 0, 0, 0, 0, 0, 0, 0, 0, 0, 0, 0, 0, 0, 0, 0, 0, 0, 0, 0, 0, 0, 0, 0, 0, 0, 0, 0, " to day 02/03/2013, stock type STOCK
2013-03-17 01:31:17,952 [1] DEBUG DEBUGLogger [(null)] - Write data: "0, 0, 0, 0, 0, 0, 0, 0, 0, 0, 0, 0, 0, 0, 0, 0, 0, 0, 0, 0, 0, 0, 0, 0, 0, 0, 0, 0, 0, " to day 02/03/2013, stock type STOCK
2013-03-17 01:31:17,958 [1] DEBUG DEBUGLogger [(null)] - Write data: "0, 0, 0, 0, 0, 0, 0, 150, 200, 80, 410, 70, 160, 70, 70, 20, 0, 0, 0, 0, 0, 0, 0, 0, 0, 0, 0, 0, 1230, " to day 02/03/2013, stock type STOCK
2013-03-17 01:31:17,965 [1] DEBUG DEBUGLogger [(null)] - Write data: "0, 0, 0, 0, 0, 0, 0, 0, 0, 0, 0, 0, 0, 0, 0, 0, 0, 0, 0, 0, 0, 0, 0, 0, 50, 0, 0, 0, 50, " to day 02/03/2013, stock type STOCK
2013-03-17 01:31:17,972 [1] DEBUG DEBUGLogger [(null)] - Write data: "0, 0, 0, 0, 0, 30, 340, 760, 1040, 190, 1160, 60, 460, 260, 100, 40, 40, 100, 10, 0, 10, 0, 0, 0, 0, 0, 0, 0, 4600, " to day 02/03/2013, stock type STOCK
2013-03-17 01:31:17,981 [1] DEBUG DEBUGLogger [(null)] - Write data: "20, 0, 0, 0, 0, 0, 0, 0, 0, 0, 10, 0, 10, 0, 0, 0, 0, 0, 0, 0, 0, 0, 0, 0, 0, 0, 0, 0, 40, " to day 02/03/2013, stock type STOCK
2013-03-17 01:31:17,988 [1] DEBUG DEBUGLogger [(null)] - Write data: "0, 0, 0, 0, 0, 0, 0, 0, 0, 0, 0, 0, 0, 0, 0, 0, 0, 0, 0, 0, 0, 0, 0, 0, 0, 0, 0, 0, 0, " to day 02/03/2013, stock type STOCK
2013-03-17 01:31:17,995 [1] DEBUG DEBUGLogger [(null)] - Write data: "130, 150, 340, 320, 440, 190, 610, 720, 1070, 610, 1170, 970, 330, 150, 160, 260, 130, 260, 170, 270, 190, 140, 110, 200, 70, 0, 0, 0, 9160, " to day 02/03/2013, stock type STOCK
2013-03-17 01:31:18,002 [1] DEBUG DEBUGLogger [(null)] - Write data: "0, 420, 590, 1590, 580, 240, 390, 2240, 880, 1310, 640, 250, 130, 20, 10, 0, 0, 0, 0, 0, 0, 0, 9290, , , " to day 02/03/2013, stock type STOCK
2013-03-17 01:31:18,010 [1] DEBUG DEBUGLogger [(null)] - Write data: "0, 10, 30, 0, 10, 0, 0, 0, 0, 30, 0, 0, 90, 70, 0, 100, 0, 0, 0, 0, 0, 0, 340, , , " to day 02/03/2013, stock type STOCK
2013-03-17 01:31:18,012 [1] DEBUG DEBUGLogger [(null)] - Write data: "0, 0, 0, 0, 1820, 0, 260, 0, 530, 0, 1440, 0, 910, 0, 540, 0, 250, 0, 140, 0, 230, 0, 390, 0, 30, 6540, " to day 02/03/2013, stock type STOCK
2013-03-17 01:31:18,019 [1] DEBUG DEBUGLogger [(null)] - Write data: "0, 0, 0, 0, 1180, 0, 250, 0, 192, 0, 280, 0, 990, 0, 1520, 0, 900, 0, 830, 0, 300, 0, 220, 0, 60, 6722, " to day 02/03/2013, stock type STOCK
2013-03-17 01:31:18,021 [1] DEBUG DEBUGLogger [(null)] - Write data: "0, 0, 0, 0, 100, 0, 0, 0, 130, 0, 320, 0, 540, 0, 740, 0, 580, 0, 470, 0, 40, 0, 160, 0, 0, 3080, " to day 02/03/2013, stock type STOCK
2013-03-17 01:31:18,022 [1] DEBUG DEBUGLogger [(null)] - Write data: "0, 240, 0, 495, 0, 570, 0, 470, 0, 90, 0, 75, 0, 0, 0, 0, 0, 0, 0, 0, 0, 1940, " to day 02/03/2013, stock type STOCK
2013-03-17 01:31:18,023 [1] DEBUG DEBUGLogger [(null)] - Write data: "0, 105, 0, 60, 0, 30, 0, 40, 0, 25, 0, 30, 0, 0, 0, 0, 0, 0, 0, 0, 0, 290, " to day 02/03/2013, stock type STOCK
2013-03-17 01:31:18,029 [1] DEBUG DEBUGLogger [(null)] - Write data: "0, 8, 0, 50, 0, 40, 0, 10, 0, 13, 0, 0, 0, 0, 0, 0, 0, 0, 0, 0, 0, 121, " to day 02/03/2013, stock type STOCK
2013-03-17 01:31:18,031 [1] DEBUG DEBUGLogger [(null)] - Write data: "0, 235, 0, 275, 0, 330, 0, 240, 0, 35, 0, 43, 0, 9, 0, 0, 0, 0, 0, 0, 0, 1167, " to day 02/03/2013, stock type STOCK
2013-03-17 01:31:18,037 [1] DEBUG DEBUGLogger [(null)] - Write data: "1, 0, 5, 0, 0, 1, 0, 0, 0, 0, 1, 13, 0, 0, 0, 0, 21, " to day 02/03/2013, stock type STOCK
2013-03-17 01:31:18,049 [1] DEBUG DEBUGLogger [(null)] - Write data: "648, 352, 1008, 25, 27, 105, 2, 108, 48, 9, 0, 0, 0, 0, 0, 0, 2332, " to day 02/03/2013, stock type STOCK
2013-03-17 01:31:18,055 [1] DEBUG DEBUGLogger [(null)] - Write data: "0, 1, 1, 2, 21, 2, 0, 0, 0, 0, 61, 9, 1, 10, 2, 0, 110, " to day 02/03/2013, stock type STOCK
2013-03-17 01:31:18,060 [1] DEBUG DEBUGLogger [(null)] - Write data: "0, 0, 0, 17, 0, 0, 0, 0, 1, 0, 3, 0, 1, 15, 0, 0, 37, " to day 02/03/2013, stock type STOCK
2013-03-17 01:31:18,065 [1] DEBUG DEBUGLogger [(null)] - Write data: "232, 16, 344, 29, 153, 125, 0, 0, 0, 0, 0, 0, 0, 0, 0, 0, 899, " to day 02/03/2013, stock type STOCK
2013-03-17 01:31:18,070 [1] DEBUG DEBUGLogger [(null)] - Write data: "1, 70, 0, 2, 1, 1, 1, 0, 0, 0, 0, 0, 0, 0, 0, 0, 76, " to day 02/03/2013, stock type STOCK
2013-03-17 01:31:18,078 [1] DEBUG DEBUGLogger [(null)] - Write data: "0, 0, 0, 0, 0, 0, 0, 0, 0, 0, 0, 0, 0, 0, 0, 0, 0, " to day 02/03/2013, stock type STOCK
2013-03-17 01:44:06,603 [1] DEBUG DEBUGLogger [(null)] - Copy data from 01/03/2013
2013-03-17 01:44:07,177 [1] DEBUG DEBUGLogger [(null)] - Write data: "0, 0, 0, 0, 0, 0, 0, 0, 0, 0, 0, 0, 0, 192, 0, 0, 144, 0, 0, 0, 0, 0, 0, 336, " to day 17/03/2013, stock type STOCK
2013-03-17 01:50:35,774 [1] DEBUG DEBUGLogger [(null)] - Copy data from 16/03/2013
2013-03-17 01:50:36,443 [1] DEBUG DEBUGLogger [(null)] - Write data: "0, 0, 0, 0, 0, 0, 0, 0, 0, 0, 0, 0, 0, 0, 0, 0, 0, 0, 0, 0, 0, 0, 0, 0, " to day 17/03/2013, stock type STOCK
2013-03-17 01:50:36,462 [1] DEBUG DEBUGLogger [(null)] - Write data: "0, 0, 0, 0, 0, 0, 0, 0, 0, 0, 0, 0, 0, 0, 0, 0, 0, 0, 0, 0, 0, 0, 0, 0, " to day 17/03/2013, stock type STOCK
2013-03-17 01:52:05,419 [1] DEBUG DEBUGLogger [(null)] - Copy data from 16/03/2013
2013-03-17 01:52:06,096 [1] DEBUG DEBUGLogger [(null)] - Write data: "0, 0, 0, 0, 0, 0, 0, 0, 0, 0, 0, 0, 0, 0, 0, 0, 0, 0, 0, 0, 0, 0, 0, 0, 0, " to day 17/03/2013, stock type STOCKTQ
2013-03-17 01:52:06,114 [1] DEBUG DEBUGLogger [(null)] - Write data: "0, 0, 0, 0, 0, 0, 0, 0, 0, 0, 0, 0, 0, 0, 0, 0, 0, 0, 0, 0, 0, 0, 0, 0, 0, , , " to day 17/03/2013, stock type STOCKVN
2013-03-17 01:52:06,118 [1] DEBUG DEBUGLogger [(null)] - Write data: "0, 0, 0, 0, 0, 0, 0, 0, 0, 0, 0, 0, 0, 0, 0, 0, 0, 0, 0, 0, 0, 0, 0, 0, 0, " to day 17/03/2013, stock type STOCKTQ
2013-03-17 01:52:06,120 [1] DEBUG DEBUGLogger [(null)] - Write data: "0, 0, 0, 0, 0, 0, 0, 0, 0, 0, 0, 0, 0, 0, 0, 0, 0, 0, 0, 0, 0, 0, 0, 0, 0, , , " to day 17/03/2013, stock type STOCKVN
2013-03-17 01:52:06,140 [1] DEBUG DEBUGLogger [(null)] - Write data: "0, 0, 0, 0, 0, 0, 0, 0, 0, 0, 0, 0, 0, 0, 0, 0, 0, 0, 0, 0, 0, 0, 0, 0, 0, " to day 17/03/2013, stock type STOCKTQ
2013-03-17 01:52:06,145 [1] DEBUG DEBUGLogger [(null)] - Write data: "0, 0, 0, 0, 0, 0, 0, 0, 0, 0, 0, 0, 0, 0, 0, 0, 0, 0, 0, 0, 0, 0, 0, 0, 0, , , " to day 17/03/2013, stock type STOCKVN
2013-03-17 01:52:37,452 [1] DEBUG DEBUGLogger [(null)] - Copy data from 16/03/2013
2013-03-17 01:52:38,114 [1] DEBUG DEBUGLogger [(null)] - Write data: "0, 0, 0, 0, 0, 0, 0, 0, 0, 0, 0, 0, 0, 0, 0, 0, 0, 0, 0, 0, 0, 0, 0, 0, 0, " to day 17/03/2013, stock type STOCKTQ
2013-03-17 01:52:38,125 [1] DEBUG DEBUGLogger [(null)] - Write data: "0, 0, 0, 0, 0, 0, 0, 0, 0, 0, 0, 0, 0, 0, 0, 0, 0, 0, 0, 0, 0, 0, 0, 0, 0, , , " to day 17/03/2013, stock type STOCKVN
2013-03-17 01:52:38,129 [1] DEBUG DEBUGLogger [(null)] - Write data: "0, 0, 0, 0, 0, 0, 0, 0, 0, 0, 0, 0, 0, 0, 0, 0, 0, 0, 0, 0, 0, 0, 0, 0, 0, " to day 17/03/2013, stock type STOCKTQ
2013-03-17 01:52:38,131 [1] DEBUG DEBUGLogger [(null)] - Write data: "0, 0, 0, 0, 0, 0, 0, 0, 0, 0, 0, 0, 0, 0, 0, 0, 0, 0, 0, 0, 0, 0, 0, 0, 0, , , " to day 17/03/2013, stock type STOCKVN
2013-03-17 01:52:38,150 [1] DEBUG DEBUGLogger [(null)] - Write data: "0, 0, 0, 0, 0, 0, 0, 0, 0, 0, 0, 0, 0, 0, 0, 0, 0, 0, 0, 0, 0, 0, 0, 0, 0, " to day 17/03/2013, stock type STOCKTQ
2013-03-17 01:52:38,155 [1] DEBUG DEBUGLogger [(null)] - Write data: "0, 0, 0, 0, 0, 0, 0, 0, 0, 0, 0, 0, 0, 0, 0, 0, 0, 0, 0, 0, 0, 0, 0, 0, 0, , , " to day 17/03/2013, stock type STOCKVN
2013-03-17 01:54:17,972 [1] DEBUG DEBUGLogger [(null)] - Copy data from 16/03/2013
2013-03-17 01:54:18,839 [1] DEBUG DEBUGLogger [(null)] - Write data: "0, 0, 0, 0, 0, 0, 0, 0, 0, 0, 0, 0, 0, 0, 0, 0, 0, 0, 0, 0, 0, 0, 0, 0, " to day 17/03/2013, stock type STOCK
2013-03-17 01:54:18,872 [1] DEBUG DEBUGLogger [(null)] - Write data: "0, 0, 0, 0, 0, 0, 0, 0, 0, 0, 0, 0, 0, 0, 0, 0, 0, 0, 0, 0, 0, 0, 0, 0, " to day 17/03/2013, stock type STOCK
2013-03-23 14:29:36,807 [1] DEBUG DEBUGLogger [(null)] - Copy data from 22/03/2013
2013-03-23 14:29:37,376 [1] DEBUG DEBUGLogger [(null)] - Write data: "0, 0, 0, 0, 0, 0, 0, 0, 0, 0, 0, 0, 0, 0, 0, 0, 0, 0, 0, 0, 0, 0, 0, 0, 0, " to day 23/03/2013, stock type STOCKTQ
2013-03-23 14:29:37,389 [1] DEBUG DEBUGLogger [(null)] - Write data: "0, 0, 0, 0, 0, 0, 0, 0, 0, 0, 0, 0, 0, 0, 0, 0, 0, 0, 0, 0, 0, 0, 0, 0, 0, , , " to day 23/03/2013, stock type STOCKVN
2013-03-23 14:29:37,392 [1] DEBUG DEBUGLogger [(null)] - Write data: "0, 0, 0, 0, 0, 0, 0, 0, 0, 0, 0, 0, 0, 0, 0, 0, 0, 0, 0, 0, 0, 0, 0, 0, 0, " to day 23/03/2013, stock type STOCKTQ
2013-03-23 14:29:37,393 [1] DEBUG DEBUGLogger [(null)] - Write data: "0, 0, 0, 0, 0, 0, 0, 0, 0, 0, 0, 0, 0, 0, 0, 0, 0, 0, 0, 0, 0, 0, 0, 0, 0, , , " to day 23/03/2013, stock type STOCKVN
2013-03-23 14:29:37,410 [1] DEBUG DEBUGLogger [(null)] - Write data: "0, 0, 0, 0, 0, 0, 0, 0, 0, 0, 0, 0, 0, 0, 0, 0, 0, 0, 0, 0, 0, 0, 0, 0, 0, " to day 23/03/2013, stock type STOCKTQ
2013-03-23 14:29:37,415 [1] DEBUG DEBUGLogger [(null)] - Write data: "0, 0, 0, 0, 0, 0, 0, 0, 0, 0, 0, 0, 0, 0, 0, 0, 0, 0, 0, 0, 0, 0, 0, 0, 0, , , " to day 23/03/2013, stock type STOCKVN
2013-03-23 14:40:54,663 [1] DEBUG DEBUGLogger [(null)] - Copy data from 01/03/2013
2013-03-23 14:40:55,115 [1] DEBUG DEBUGLogger [(null)] - Write data: "9, 20, 0, 0, 0, 0, 0, 0, 0, 0, 0, 0, 0, 0, 0, 0, 0, 0, 0, 0, 0, 0, 0, 0, 29, " to day 23/03/2013, stock type STOCKTQ
2013-03-23 14:40:55,128 [1] DEBUG DEBUGLogger [(null)] - Write data: "21, 30, 0, 0, 0, 0, 0, 10, 30, 90, 0, 0, 80, 130, 150, 100, 20, 20, 90, 0, 100, 0, 0, 0, 871, , , " to day 23/03/2013, stock type STOCKVN
2013-03-23 14:40:55,131 [1] DEBUG DEBUGLogger [(null)] - Write data: "0, 0, 0, 0, 0, 0, 0, 0, 0, 0, 0, 0, 0, 0, 0, 0, 0, 0, 0, 0, 0, 0, 0, 0, 0, " to day 23/03/2013, stock type STOCKTQ
2013-03-23 14:40:55,133 [1] DEBUG DEBUGLogger [(null)] - Write data: "0, 0, 0, 0, 0, 0, 0, 60, 220, 130, 140, 160, 140, 40, 250, 40, 170, 10, 20, 30, 10, 30, 18, 0, 1468, , , " to day 23/03/2013, stock type STOCKVN
2013-03-23 14:40:55,138 [1] DEBUG DEBUGLogger [(null)] - Write data: "0, 0, 0, 0, 0, 0, 0, 0, 0, 10, 0, 0, 10, 0, 0, 0, 0, 0, 0, 0, 0, 20, " to day 23/03/2013, stock type STOCK
2013-03-23 14:40:55,143 [1] DEBUG DEBUGLogger [(null)] - Write data: "0, 0, 0, 30, 0, 20, 30, 10, 20, 20, 30, 0, 30, 40, 40, 38, 40, 8, 0, 0, 0, 0, 0, 0, 356, " to day 23/03/2013, stock type STOCK
2013-03-23 14:40:55,148 [1] DEBUG DEBUGLogger [(null)] - Write data: "0, 0, 0, 30, 0, 20, 30, 10, 20, 20, 30, 0, 30, 40, 40, 38, 40, 8, 0, 0, 0, 0, 0, 0, 356, " to day 23/03/2013, stock type STOCK
2013-03-23 14:40:55,153 [1] DEBUG DEBUGLogger [(null)] - Write data: "0, 0, 0, 0, 0, 0, 0, 0, 0, 0, 0, 0, 0, 0, 0, 0, 0, 0, 0, 0, 0, 0, 0, 0, 0, " to day 23/03/2013, stock type STOCKTQ
2013-03-23 14:40:55,157 [1] DEBUG DEBUGLogger [(null)] - Write data: "0, 0, 0, 0, 0, 0, 0, 10, 30, 90, 0, 0, 80, 130, 150, 100, 20, 20, 90, 0, 100, 0, 0, 0, 820, , , " to day 23/03/2013, stock type STOCKVN
2013-03-23 14:53:30,526 [1] DEBUG DEBUGLogger [(null)] - Copy data from 22/03/2013
2013-03-23 14:53:30,940 [1] DEBUG DEBUGLogger [(null)] - Write data: "0, 0, 0, 0, 0, 0, 0, 0, 0, 0, 0, 0, 0, 0, 0, 0, 0, 0, 0, 0, 0, 0, 0, 0, 0, " to day 23/03/2013, stock type STOCKTQ
2013-03-23 14:53:30,952 [1] DEBUG DEBUGLogger [(null)] - Write data: "0, 0, 0, 0, 0, 0, 0, 0, 0, 0, 0, 0, 0, 0, 0, 0, 0, 0, 0, 0, 0, 0, 0, 0, 0, , , " to day 23/03/2013, stock type STOCKVN
2013-03-23 14:53:30,954 [1] DEBUG DEBUGLogger [(null)] - Write data: "0, 0, 0, 0, 0, 0, 0, 0, 0, 0, 0, 0, 0, 0, 0, 0, 0, 0, 0, 0, 0, 0, 0, 0, 0, " to day 23/03/2013, stock type STOCKTQ
2013-03-23 14:53:30,955 [1] DEBUG DEBUGLogger [(null)] - Write data: "0, 0, 0, 0, 0, 0, 0, 0, 0, 0, 0, 0, 0, 0, 0, 0, 0, 0, 0, 0, 0, 0, 0, 0, 0, , , " to day 23/03/2013, stock type STOCKVN
2013-03-23 14:53:30,972 [1] DEBUG DEBUGLogger [(null)] - Write data: "0, 0, 0, 0, 0, 0, 0, 0, 0, 0, 0, 0, 0, 0, 0, 0, 0, 0, 0, 0, 0, 0, 0, 0, 0, " to day 23/03/2013, stock type STOCKTQ
2013-03-23 14:53:30,976 [1] DEBUG DEBUGLogger [(null)] - Write data: "0, 0, 0, 0, 0, 0, 0, 0, 0, 0, 0, 0, 0, 0, 0, 0, 0, 0, 0, 0, 0, 0, 0, 0, 0, , , " to day 23/03/2013, stock type STOCKVN
2013-03-23 14:57:17,390 [1] DEBUG DEBUGLogger [(null)] - Copy data from 22/03/2013
2013-03-23 14:57:17,806 [1] DEBUG DEBUGLogger [(null)] - Write data: "0, 0, 0, 0, 0, 0, 0, 0, 0, 0, 0, 0, 0, 0, 0, 0, 0, 0, 0, 0, 0, 0, 0, 0, 0, " to day 23/03/2013, stock type STOCKTQ
2013-03-23 14:57:17,818 [1] DEBUG DEBUGLogger [(null)] - Write data: "0, 0, 0, 0, 0, 0, 0, 0, 0, 0, 0, 0, 0, 0, 0, 0, 0, 0, 0, 0, 0, 0, 0, 0, 0, , , " to day 23/03/2013, stock type STOCKVN
2013-03-23 14:57:17,820 [1] DEBUG DEBUGLogger [(null)] - Write data: "0, 0, 0, 0, 0, 0, 0, 0, 0, 0, 0, 0, 0, 0, 0, 0, 0, 0, 0, 0, 0, 0, 0, 0, 0, " to day 23/03/2013, stock type STOCKTQ
2013-03-23 14:57:17,821 [1] DEBUG DEBUGLogger [(null)] - Write data: "0, 0, 0, 0, 0, 0, 0, 0, 0, 0, 0, 0, 0, 0, 0, 0, 0, 0, 0, 0, 0, 0, 0, 0, 0, , , " to day 23/03/2013, stock type STOCKVN
2013-03-23 14:57:17,838 [1] DEBUG DEBUGLogger [(null)] - Write data: "0, 0, 0, 0, 0, 0, 0, 0, 0, 0, 0, 0, 0, 0, 0, 0, 0, 0, 0, 0, 0, 0, 0, 0, 0, " to day 23/03/2013, stock type STOCKTQ
2013-03-23 14:57:17,842 [1] DEBUG DEBUGLogger [(null)] - Write data: "0, 0, 0, 0, 0, 0, 0, 0, 0, 0, 0, 0, 0, 0, 0, 0, 0, 0, 0, 0, 0, 0, 0, 0, 0, , , " to day 23/03/2013, stock type STOCKVN
2013-03-23 15:10:07,280 [1] DEBUG DEBUGLogger [(null)] - Copy data from 22/03/2013
2013-03-23 15:10:07,695 [1] DEBUG DEBUGLogger [(null)] - Write data: "0, 0, 0, 0, 0, 0, 0, 0, 0, 0, 0, 0, 0, 0, 0, 0, 0, 0, 0, 0, 0, 0, 0, 0, 0, " to day 23/03/2013, stock type STOCKTQ
2013-03-23 15:10:07,707 [1] DEBUG DEBUGLogger [(null)] - Write data: "0, 0, 0, 0, 0, 0, 0, 0, 0, 0, 0, 0, 0, 0, 0, 0, 0, 0, 0, 0, 0, 0, 0, 0, 0, , , " to day 23/03/2013, stock type STOCKVN
2013-03-23 15:10:07,709 [1] DEBUG DEBUGLogger [(null)] - Write data: "0, 0, 0, 0, 0, 0, 0, 0, 0, 0, 0, 0, 0, 0, 0, 0, 0, 0, 0, 0, 0, 0, 0, 0, 0, " to day 23/03/2013, stock type STOCKTQ
2013-03-23 15:10:07,710 [1] DEBUG DEBUGLogger [(null)] - Write data: "0, 0, 0, 0, 0, 0, 0, 0, 0, 0, 0, 0, 0, 0, 0, 0, 0, 0, 0, 0, 0, 0, 0, 0, 0, , , " to day 23/03/2013, stock type STOCKVN
2013-03-23 15:10:07,726 [1] DEBUG DEBUGLogger [(null)] - Write data: "0, 0, 0, 0, 0, 0, 0, 0, 0, 0, 0, 0, 0, 0, 0, 0, 0, 0, 0, 0, 0, 0, 0, 0, 0, " to day 23/03/2013, stock type STOCKTQ
2013-03-23 15:10:07,730 [1] DEBUG DEBUGLogger [(null)] - Write data: "0, 0, 0, 0, 0, 0, 0, 0, 0, 0, 0, 0, 0, 0, 0, 0, 0, 0, 0, 0, 0, 0, 0, 0, 0, , , " to day 23/03/2013, stock type STOCKVN
2013-03-23 15:24:13,318 [1] DEBUG DEBUGLogger [(null)] - Copy data from 22/03/2013
2013-03-23 15:24:13,718 [1] DEBUG DEBUGLogger [(null)] - Write data: "0, 0, 0, 0, 0, 0, 0, 0, 0, 0, 0, 0, 0, 0, 0, 0, 0, 0, 0, 0, 0, 0, 0, 0, 0, " to day 23/03/2013, stock type STOCKTQ
2013-03-23 15:24:13,730 [1] DEBUG DEBUGLogger [(null)] - Write data: "0, 0, 0, 0, 0, 0, 0, 0, 0, 0, 0, 0, 0, 0, 0, 0, 0, 0, 0, 0, 0, 0, 0, 0, 0, , , " to day 23/03/2013, stock type STOCKVN
2013-03-23 15:24:13,732 [1] DEBUG DEBUGLogger [(null)] - Write data: "0, 0, 0, 0, 0, 0, 0, 0, 0, 0, 0, 0, 0, 0, 0, 0, 0, 0, 0, 0, 0, 0, 0, 0, 0, " to day 23/03/2013, stock type STOCKTQ
2013-03-23 15:24:13,733 [1] DEBUG DEBUGLogger [(null)] - Write data: "0, 0, 0, 0, 0, 0, 0, 0, 0, 0, 0, 0, 0, 0, 0, 0, 0, 0, 0, 0, 0, 0, 0, 0, 0, , , " to day 23/03/2013, stock type STOCKVN
2013-03-23 15:24:13,790 [1] DEBUG DEBUGLogger [(null)] - Write data: "0, 0, 0, 0, 0, 0, 0, 0, 0, 0, 0, 0, 0, 0, 0, 0, 0, 0, 0, 0, 0, 0, 0, 0, 0, " to day 23/03/2013, stock type STOCKTQ
2013-03-23 15:24:13,793 [1] DEBUG DEBUGLogger [(null)] - Write data: "0, 0, 0, 0, 0, 0, 0, 0, 0, 0, 0, 0, 0, 0, 0, 0, 0, 0, 0, 0, 0, 0, 0, 0, 0, , , " to day 23/03/2013, stock type STOCKVN
2013-03-23 15:26:49,476 [1] DEBUG DEBUGLogger [(null)] - Copy data from 22/03/2013
2013-03-23 15:26:49,896 [1] DEBUG DEBUGLogger [(null)] - Write data: "0, 0, 0, 0, 0, 0, 0, 0, 0, 0, 0, 0, 0, 0, 0, 0, 0, 0, 0, 0, 0, 0, 0, 0, 0, " to day 23/03/2013, stock type STOCKTQ
2013-03-23 15:26:49,909 [1] DEBUG DEBUGLogger [(null)] - Write data: "0, 0, 0, 0, 0, 0, 0, 0, 0, 0, 0, 0, 0, 0, 0, 0, 0, 0, 0, 0, 0, 0, 0, 0, 0, , , " to day 23/03/2013, stock type STOCKVN
2013-03-23 15:26:49,911 [1] DEBUG DEBUGLogger [(null)] - Write data: "0, 0, 0, 0, 0, 0, 0, 0, 0, 0, 0, 0, 0, 0, 0, 0, 0, 0, 0, 0, 0, 0, 0, 0, 0, " to day 23/03/2013, stock type STOCKTQ
2013-03-23 15:26:49,912 [1] DEBUG DEBUGLogger [(null)] - Write data: "0, 0, 0, 0, 0, 0, 0, 0, 0, 0, 0, 0, 0, 0, 0, 0, 0, 0, 0, 0, 0, 0, 0, 0, 0, , , " to day 23/03/2013, stock type STOCKVN
2013-03-23 15:26:49,929 [1] DEBUG DEBUGLogger [(null)] - Write data: "0, 0, 0, 0, 0, 0, 0, 0, 0, 0, 0, 0, 0, 0, 0, 0, 0, 0, 0, 0, 0, 0, 0, 0, 0, " to day 23/03/2013, stock type STOCKTQ
2013-03-23 15:26:49,932 [1] DEBUG DEBUGLogger [(null)] - Write data: "0, 0, 0, 0, 0, 0, 0, 0, 0, 0, 0, 0, 0, 0, 0, 0, 0, 0, 0, 0, 0, 0, 0, 0, 0, , , " to day 23/03/2013, stock type STOCKVN
2013-03-23 15:28:04,007 [1] DEBUG DEBUGLogger [(null)] - Copy data from 22/03/2013
2013-03-23 15:28:04,613 [1] DEBUG DEBUGLogger [(null)] - Write data: "0, 0, 0, 0, 0, 0, 0, 0, 0, 0, 0, 0, 0, 0, 0, 0, 0, 0, 0, 0, 0, 0, 0, 0, 0, " to day 01/04/2013, stock type STOCKTQ
2013-03-23 15:28:04,630 [1] DEBUG DEBUGLogger [(null)] - Write data: "0, 0, 0, 0, 0, 0, 0, 0, 0, 0, 0, 0, 0, 0, 0, 0, 0, 0, 0, 0, 0, 0, 0, 0, 0, , , " to day 01/04/2013, stock type STOCKVN
2013-03-23 15:28:04,634 [1] DEBUG DEBUGLogger [(null)] - Write data: "0, 0, 0, 0, 0, 0, 0, 0, 0, 0, 0, 0, 0, 0, 0, 0, 0, 0, 0, 0, 0, 0, 0, 0, 0, " to day 01/04/2013, stock type STOCKTQ
2013-03-23 15:28:04,637 [1] DEBUG DEBUGLogger [(null)] - Write data: "0, 0, 0, 0, 0, 0, 0, 0, 0, 0, 0, 0, 0, 0, 0, 0, 0, 0, 0, 0, 0, 0, 0, 0, 0, , , " to day 01/04/2013, stock type STOCKVN
2013-03-23 15:28:04,652 [1] DEBUG DEBUGLogger [(null)] - Write data: "0, 0, 0, 0, 0, 0, 0, 0, 0, 0, 0, 0, 0, 0, 0, 0, 0, 0, 0, 0, 0, 0, 0, 0, 0, " to day 01/04/2013, stock type STOCKTQ
2013-03-23 15:28:04,654 [1] DEBUG DEBUGLogger [(null)] - Write data: "0, 0, 0, 0, 0, 0, 0, 0, 0, 0, 0, 0, 0, 0, 0, 0, 0, 0, 0, 0, 0, 0, 0, 0, 0, , , " to day 01/04/2013, stock type STOCKVN
2013-03-26 23:04:46,525 [1] DEBUG DEBUGLogger [(null)] - Copy data from 01/03/2013
2013-03-26 23:04:46,993 [1] DEBUG DEBUGLogger [(null)] - Write data: "9, 20, 0, 0, 0, 0, 0, 0, 0, 0, 0, 0, 0, 0, 0, 0, 0, 0, 0, 0, 0, 0, 0, 0, 29, " to day 02/03/2013, stock type STOCKTQ
2013-03-26 23:09:02,285 [1] DEBUG DEBUGLogger [(null)] - Copy data from 01/03/2013
2013-03-26 23:09:02,691 [1] DEBUG DEBUGLogger [(null)] - Write data: "9, 20, 0, 0, 0, 0, 0, 0, 0, 0, 0, 0, 0, 0, 0, 0, 0, 0, 0, 0, 0, 0, 0, 0, 29, " to day 02/03/2013, stock type STOCKTQ
2013-03-26 23:17:03,228 [10] DEBUG DEBUGLogger [(null)] - Copy data from 01/03/2013
2013-03-26 23:17:16,483 [10] DEBUG DEBUGLogger [(null)] - Write data: "9, 20, 0, 0, 0, 0, 0, 0, 0, 0, 0, 0, 0, 0, 0, 0, 0, 0, 0, 0, 0, 0, 0, 0, 29, " to day 02/03/2013, stock type STOCKTQ
2013-03-26 23:19:13,904 [8] DEBUG DEBUGLogger [(null)] - Copy data from 01/03/2013
2013-03-26 23:25:15,326 [10] DEBUG DEBUGLogger [(null)] - Copy data from 01/03/2013
2013-03-26 23:25:20,349 [10] DEBUG DEBUGLogger [(null)] - Write data: "9, 20, 0, 0, 0, 0, 0, 0, 0, 0, 0, 0, 0, 0, 0, 0, 0, 0, 0, 0, 0, 0, 0, 0, 29, " to day 02/03/2013, stock type STOCKTQ
2013-03-26 23:31:29,430 [9] DEBUG DEBUGLogger [(null)] - Copy data from 01/03/2013
2013-03-26 23:32:22,720 [9] DEBUG DEBUGLogger [(null)] - Write data: "9, 20, 0, 0, 0, 0, 0, 0, 0, 0, 0, 0, 0, 0, 0, 0, 0, 0, 0, 0, 0, 0, 0, 0, 29, " to day 02/03/2013, stock type STOCKTQ
2013-03-26 23:40:40,618 [1] DEBUG DEBUGLogger [(null)] - Copy data from 01/03/2013
2013-03-26 23:40:41,024 [1] DEBUG DEBUGLogger [(null)] - Write data: "9, 20, 0, 0, 0, 0, 0, 0, 0, 0, 0, 0, 0, 0, 0, 0, 0, 0, 0, 0, 0, 0, 0, 0, 29, " to day 02/03/2013, stock type STOCKTQ
2013-03-26 23:40:41,040 [1] DEBUG DEBUGLogger [(null)] - Write data: "21, 30, 0, 0, 0, 0, 0, 10, 30, 90, 0, 0, 80, 130, 150, 100, 20, 20, 90, 0, 100, 0, 0, 0, 871, , , " to day 02/03/2013, stock type STOCKVN
2013-03-26 23:40:41,055 [1] DEBUG DEBUGLogger [(null)] - Write data: "0, 0, 0, 0, 0, 0, 0, 0, 0, 0, 0, 0, 0, 0, 0, 0, 0, 0, 0, 0, 0, 0, 0, 0, 0, " to day 02/03/2013, stock type STOCKTQ
2013-03-26 23:40:41,055 [1] DEBUG DEBUGLogger [(null)] - Write data: "0, 0, 0, 0, 0, 0, 0, 60, 220, 130, 140, 160, 140, 40, 250, 40, 170, 10, 20, 30, 10, 30, 18, 0, 1468, , , " to day 02/03/2013, stock type STOCKVN
2013-03-26 23:40:41,055 [1] DEBUG DEBUGLogger [(null)] - Write data: "0, 0, 0, 0, 0, 0, 0, 0, 0, 10, 0, 0, 10, 0, 0, 0, 0, 0, 0, 0, 0, 20, " to day 02/03/2013, stock type STOCK
2013-03-26 23:40:41,055 [1] DEBUG DEBUGLogger [(null)] - Write data: "0, 0, 0, 30, 0, 20, 30, 10, 20, 20, 30, 0, 30, 40, 40, 38, 40, 8, 0, 0, 0, 0, 0, 0, 356, " to day 02/03/2013, stock type STOCK
2013-03-26 23:40:41,071 [1] DEBUG DEBUGLogger [(null)] - Write data: "0, 0, 0, 30, 0, 20, 30, 10, 20, 20, 30, 0, 30, 40, 40, 38, 40, 8, 0, 0, 0, 0, 0, 0, 356, " to day 02/03/2013, stock type STOCK
2013-03-26 23:40:41,118 [1] DEBUG DEBUGLogger [(null)] - Write data: "0, 0, 0, 0, 0, 0, 0, 0, 0, 0, 0, 0, 0, 0, 0, 0, 0, 0, 0, 0, 0, 0, 0, 0, 0, " to day 02/03/2013, stock type STOCKTQ
2013-03-26 23:40:41,118 [1] DEBUG DEBUGLogger [(null)] - Write data: "0, 0, 0, 0, 0, 0, 0, 10, 30, 90, 0, 0, 80, 130, 150, 100, 20, 20, 90, 0, 100, 0, 0, 0, 820, , , " to day 02/03/2013, stock type STOCKVN
2013-03-26 23:44:12,636 [1] DEBUG DEBUGLogger [(null)] - Copy data from 01/03/2013
2013-03-26 23:44:12,979 [1] DEBUG DEBUGLogger [(null)] - Write data: "+C9+C11-C14, +D9+D11-D14, +E9+E11-E14, +F9+F11-F14, +G9+G11-G14, +H9+H11-H14, +I9+I11-I14, +J9+J11-J14, +K9+K11-K14, +L9+L11-L14, +M9+M11-M14, +N9+N11-N14, +O9+O11-O14, +P9+P11-P14, +Q9+Q11-Q14, +R9+R11-R14, +S9+S11-S14, +T9+T11-T14, +U9+U11-U14, +V9+V11-V14, +W9+W11-W14, +X9+X11-X14, +Y9+Y11-Y14, +Z9+Z11-Z14, SUM(C16:Z16), " to day 02/03/2013, stock type STOCKTQ
2013-03-26 23:44:13,011 [1] DEBUG DEBUGLogger [(null)] - Write data: "+C8+C10-C12-C13, +D8+D10-D12-D13, +E8+E10-E12-E13, +F8+F10-F12-F13, +G8+G10-G12-G13, +H8+H10-H12-H13, +I8+I10-I12-I13, +J8+J10-J12-J13, +K8+K10-K12-K13, +L8+L10-L12-L13, +M8+M10-M12-M13, +N8+N10-N12-N13, +O8+O10-O12-O13, +P8+P10-P12-P13, +Q8+Q10-Q12-Q13, +R8+R10-R12-R13, +S8+S10-S12-S13, +T8+T10-T12-T13, +U8+U10-U12-U13, +V8+V10-V12-V13, +W8+W10-W12-W13, +X8+X10-X12-X13, +Y8+Y10-Y12-Y13, +Z8+Z10-Z12-Z13, SUM(C15:Z15), , , " to day 02/03/2013, stock type STOCKVN
2013-03-26 23:44:13,042 [1] DEBUG DEBUGLogger [(null)] - Write data: "+C9+C11-C14, +D9+D11-D14, +E9+E11-E14, +F9+F11-F14, +G9+G11-G14, +H9+H11-H14, +I9+I11-I14, +J9+J11-J14, +K9+K11-K14, +L9+L11-L14, +M9+M11-M14, +N9+N11-N14, +O9+O11-O14, +P9+P11-P14, +Q9+Q11-Q14, +R9+R11-R14, +S9+S11-S14, +T9+T11-T14, +U9+U11-U14, +V9+V11-V14, +W9+W11-W14, +X9+X11-X14, +Y9+Y11-Y14, +Z9+Z11-Z14, SUM(C16:Z16), " to day 02/03/2013, stock type STOCKTQ
2013-03-26 23:44:13,042 [1] DEBUG DEBUGLogger [(null)] - Write data: "+C8+C10-C12-C13, +D8+D10-D12-D13, +E8+E10-E12-E13, +F8+F10-F12-F13, +G8+G10-G12-G13, +H8+H10-H12-H13, +I8+I10-I12-I13, +J8+J10-J12-J13, +K8+K10-K12-K13, +L8+L10-L12-L13, +M8+M10-M12-M13, +N8+N10-N12-N13, +O8+O10-O12-O13, +P8+P10-P12-P13, +Q8+Q10-Q12-Q13, +R8+R10-R12-R13, +S8+S10-S12-S13, +T8+T10-T12-T13, +U8+U10-U12-U13, +V8+V10-V12-V13, +W8+W10-W12-W13, +X8+X10-X12-X13, +Y8+Y10-Y12-Y13, +Z8+Z10-Z12-Z13, SUM(C15:Z15), , , " to day 02/03/2013, stock type STOCKVN
2013-03-26 23:44:13,042 [1] DEBUG DEBUGLogger [(null)] - Write data: "C12+C13-C14, D12+D13-D14, E12+E13-E14, F12+F13-F14, G12+G13-G14, H12+H13-H14, I12+I13-I14, J12+J13-J14, K12+K13-K14, L12+L13-L14, M12+M13-M14, N12+N13-N14, O12+O13-O14, P12+P13-P14, Q12+Q13-Q14, R12+R13-R14, S12+S13-S14, T12+T13-T14, U12+U13-U14, V12+V13-V14, W12+W13-W14, SUM(C15:W15), " to day 02/03/2013, stock type STOCK
2013-03-26 23:44:13,042 [1] DEBUG DEBUGLogger [(null)] - Write data: "C12+C13-C14, D12+D13-D14, E12+E13-E14, F12+F13-F14, G12+G13-G14, H12+H13-H14, I12+I13-I14, J12+J13-J14, K12+K13-K14, L12+L13-L14, M12+M13-M14, N12+N13-N14, O12+O13-O14, P12+P13-P14, Q12+Q13-Q14, R12+R13-R14, S12+S13-S14, T12+T13-T14, U12+U13-U14, V12+V13-V14, W12+W13-W14, X12+X13-X14, Y12+Y13-Y14, Z12+Z13-Z14, SUM(C15:Z15), " to day 02/03/2013, stock type STOCK
2013-03-26 23:44:13,042 [1] DEBUG DEBUGLogger [(null)] - Write data: "C12+C13-C14, D12+D13-D14, E12+E13-E14, F12+F13-F14, G12+G13-G14, H12+H13-H14, I12+I13-I14, J12+J13-J14, K12+K13-K14, L12+L13-L14, M12+M13-M14, N12+N13-N14, O12+O13-O14, P12+P13-P14, Q12+Q13-Q14, R12+R13-R14, S12+S13-S14, T12+T13-T14, U12+U13-U14, V12+V13-V14, W12+W13-W14, X12+X13-X14, Y12+Y13-Y14, Z12+Z13-Z14, SUM(C15:Z15), " to day 02/03/2013, stock type STOCK
2013-03-26 23:44:13,057 [1] DEBUG DEBUGLogger [(null)] - Write data: "+C9+C11-C14, +D9+D11-D14, +E9+E11-E14, +F9+F11-F14, +G9+G11-G14, +H9+H11-H14, +I9+I11-I14, +J9+J11-J14, +K9+K11-K14, +L9+L11-L14, +M9+M11-M14, +N9+N11-N14, +O9+O11-O14, +P9+P11-P14, +Q9+Q11-Q14, +R9+R11-R14, +S9+S11-S14, +T9+T11-T14, +U9+U11-U14, +V9+V11-V14, +W9+W11-W14, +X9+X11-X14, +Y9+Y11-Y14, +Z9+Z11-Z14, SUM(C16:Z16), " to day 02/03/2013, stock type STOCKTQ
2013-03-26 23:44:13,057 [1] DEBUG DEBUGLogger [(null)] - Write data: "+C8+C10-C12-C13, +D8+D10-D12-D13, +E8+E10-E12-E13, +F8+F10-F12-F13, +G8+G10-G12-G13, +H8+H10-H12-H13, +I8+I10-I12-I13, +J8+J10-J12-J13, +K8+K10-K12-K13, +L8+L10-L12-L13, +M8+M10-M12-M13, +N8+N10-N12-N13, +O8+O10-O12-O13, +P8+P10-P12-P13, +Q8+Q10-Q12-Q13, +R8+R10-R12-R13, +S8+S10-S12-S13, +T8+T10-T12-T13, +U8+U10-U12-U13, +V8+V10-V12-V13, +W8+W10-W12-W13, +X8+X10-X12-X13, +Y8+Y10-Y12-Y13, +Z8+Z10-Z12-Z13, SUM(C15:Z15), , , " to day 02/03/2013, stock type STOCKVN
2013-03-26 23:58:11,282 [1] DEBUG DEBUGLogger [(null)] - Copy data from 01/03/2013
2013-03-26 23:58:11,703 [1] DEBUG DEBUGLogger [(null)] - Write data: "9, 20, 0, 0, 0, 0, 0, 0, 0, 0, 0, 0, 0, 0, 0, 0, 0, 0, 0, 0, 0, 0, 0, 0, 29, " to day 02/03/2013, stock type STOCKTQ
2013-03-26 23:58:11,719 [1] DEBUG DEBUGLogger [(null)] - Write data: "21, 30, 0, 0, 0, 0, 0, 10, 30, 90, 0, 0, 80, 130, 150, 100, 20, 20, 90, 0, 100, 0, 0, 0, 871, , , " to day 02/03/2013, stock type STOCKVN
2013-03-26 23:58:11,719 [1] DEBUG DEBUGLogger [(null)] - Write data: "0, 0, 0, 0, 0, 0, 0, 0, 0, 0, 0, 0, 0, 0, 0, 0, 0, 0, 0, 0, 0, 0, 0, 0, 0, " to day 02/03/2013, stock type STOCKTQ
2013-03-26 23:58:11,719 [1] DEBUG DEBUGLogger [(null)] - Write data: "0, 0, 0, 0, 0, 0, 0, 60, 220, 130, 140, 160, 140, 40, 250, 40, 170, 10, 20, 30, 10, 30, 18, 0, 1468, , , " to day 02/03/2013, stock type STOCKVN
2013-03-26 23:58:11,735 [1] DEBUG DEBUGLogger [(null)] - Write data: "0, 0, 0, 0, 0, 0, 0, 0, 0, 10, 0, 0, 10, 0, 0, 0, 0, 0, 0, 0, 0, 20, " to day 02/03/2013, stock type STOCK
2013-03-26 23:58:11,735 [1] DEBUG DEBUGLogger [(null)] - Write data: "0, 0, 0, 30, 0, 20, 30, 10, 20, 20, 30, 0, 30, 40, 40, 38, 40, 8, 0, 0, 0, 0, 0, 0, 356, " to day 02/03/2013, stock type STOCK
2013-03-26 23:58:11,735 [1] DEBUG DEBUGLogger [(null)] - Write data: "0, 0, 0, 30, 0, 20, 30, 10, 20, 20, 30, 0, 30, 40, 40, 38, 40, 8, 0, 0, 0, 0, 0, 0, 356, " to day 02/03/2013, stock type STOCK
2013-03-26 23:58:11,781 [1] DEBUG DEBUGLogger [(null)] - Write data: "0, 0, 0, 0, 0, 0, 0, 0, 0, 0, 0, 0, 0, 0, 0, 0, 0, 0, 0, 0, 0, 0, 0, 0, 0, " to day 02/03/2013, stock type STOCKTQ
2013-03-26 23:58:11,781 [1] DEBUG DEBUGLogger [(null)] - Write data: "0, 0, 0, 0, 0, 0, 0, 10, 30, 90, 0, 0, 80, 130, 150, 100, 20, 20, 90, 0, 100, 0, 0, 0, 820, , , " to day 02/03/2013, stock type STOCKVN
2013-03-27 00:05:27,364 [1] DEBUG DEBUGLogger [(null)] - Copy data from 01/03/2013
2013-03-27 00:05:27,769 [1] DEBUG DEBUGLogger [(null)] - Write data: "9, 20, 0, 0, 0, 0, 0, 0, 0, 0, 0, 0, 0, 0, 0, 0, 0, 0, 0, 0, 0, 0, 0, 0, 29" to day 02/03/2013, stock type STOCKTQ
2013-03-27 00:08:42,133 [9] DEBUG DEBUGLogger [(null)] - Copy data from 01/03/2013
2013-03-27 00:08:42,554 [9] DEBUG DEBUGLogger [(null)] - Write data: "9, 20, 0, 0, 0, 0, 0, 0, 0, 0, 0, 0, 0, 0, 0, 0, 0, 0, 0, 0, 0, 0, 0, 0, 29" to day 02/03/2013, stock type STOCKTQ
2013-03-27 00:13:05,999 [1] DEBUG DEBUGLogger [(null)] - Copy data from 01/03/2013
2013-03-27 00:13:06,405 [1] DEBUG DEBUGLogger [(null)] - Write data: "9, 20, 0, 0, 0, 0, 0, 0, 0, 0, 0, 0, 0, 0, 0, 0, 0, 0, 0, 0, 0, 0, 0, 0, 29" to day 02/03/2013, stock type STOCKTQ
2013-03-27 00:13:06,421 [1] DEBUG DEBUGLogger [(null)] - Write data: "21, 30, 0, 0, 0, 0, 0, 10, 30, 90, 0, 0, 80, 130, 150, 100, 20, 20, 90, 0, 100, 0, 0, 0, 871, , " to day 02/03/2013, stock type STOCKVN
2013-03-27 00:13:06,421 [1] DEBUG DEBUGLogger [(null)] - Write data: "0, 0, 0, 0, 0, 0, 0, 0, 0, 0, 0, 0, 0, 0, 0, 0, 0, 0, 0, 0, 0, 0, 0, 0, 0" to day 02/03/2013, stock type STOCKTQ
2013-03-27 00:13:06,436 [1] DEBUG DEBUGLogger [(null)] - Write data: "0, 0, 0, 0, 0, 0, 0, 60, 220, 130, 140, 160, 140, 40, 250, 40, 170, 10, 20, 30, 10, 30, 18, 0, 1468, , " to day 02/03/2013, stock type STOCKVN
2013-03-27 00:13:06,436 [1] DEBUG DEBUGLogger [(null)] - Write data: "0, 0, 0, 0, 0, 0, 0, 0, 0, 10, 0, 0, 10, 0, 0, 0, 0, 0, 0, 0, 0, 20" to day 02/03/2013, stock type STOCK
2013-03-27 00:13:06,436 [1] DEBUG DEBUGLogger [(null)] - Write data: "0, 0, 0, 30, 0, 20, 30, 10, 20, 20, 30, 0, 30, 40, 40, 38, 40, 8, 0, 0, 0, 0, 0, 0, 356" to day 02/03/2013, stock type STOCK
2013-03-27 00:13:06,436 [1] DEBUG DEBUGLogger [(null)] - Write data: "0, 0, 0, 30, 0, 20, 30, 10, 20, 20, 30, 0, 30, 40, 40, 38, 40, 8, 0, 0, 0, 0, 0, 0, 356" to day 02/03/2013, stock type STOCK
2013-03-27 00:13:06,483 [1] DEBUG DEBUGLogger [(null)] - Write data: "0, 0, 0, 0, 0, 0, 0, 0, 0, 0, 0, 0, 0, 0, 0, 0, 0, 0, 0, 0, 0, 0, 0, 0, 0" to day 02/03/2013, stock type STOCKTQ
2013-03-27 00:13:06,483 [1] DEBUG DEBUGLogger [(null)] - Write data: "0, 0, 0, 0, 0, 0, 0, 10, 30, 90, 0, 0, 80, 130, 150, 100, 20, 20, 90, 0, 100, 0, 0, 0, 820, , " to day 02/03/2013, stock type STOCKVN
2013-03-27 00:35:58,742 [1] DEBUG DEBUGLogger [(null)] - Copy data from 01/03/2013
2013-03-27 00:35:59,101 [1] DEBUG DEBUGLogger [(null)] - Write data: "50, 30, 40, 44, 0, 0, 0, 0, 0, 0, 0, 0, 0, 0, 0, 0, 0, 0, 0, 0, 0, 0, 20, SUM(C5:Y5)" to day 02/03/2013, stock type STOCK
2013-03-27 00:35:59,132 [1] DEBUG DEBUGLogger [(null)] - Write data: "0, 0, 0, 0, 0, 0, 100, 40, 350, 160, 200, 0, 50, 150, 0, 50, 10, 30, 0, 0, 0, 0, 0, SUM(C5:Y5)" to day 02/03/2013, stock type STOCK
2013-03-27 00:39:38,986 [1] DEBUG DEBUGLogger [(null)] - Copy data from 01/03/2013
2013-03-27 00:39:39,376 [1] DEBUG DEBUGLogger [(null)] - Write data: "9, 20, 0, 0, 0, 0, 0, 0, 0, 0, 0, 0, 0, 0, 0, 0, 0, 0, 0, 0, 0, 0, 0, 0, SUM(C16:Z16)" to day 13/03/2013, stock type STOCKTQ
2013-03-27 00:39:39,376 [1] DEBUG DEBUGLogger [(null)] - Write data: "21, 30, 0, 0, 0, 0, 0, 10, 30, 90, 0, 0, 80, 130, 150, 100, 20, 20, 90, 0, 100, 0, 0, 0, SUM(C15:Z15), , " to day 13/03/2013, stock type STOCKVN
2013-03-27 00:39:39,392 [1] DEBUG DEBUGLogger [(null)] - Write data: "0, 0, 0, 0, 0, 0, 0, 0, 0, 0, 0, 0, 0, 0, 0, 0, 0, 0, 0, 0, 0, 0, 0, 0, SUM(C16:Z16)" to day 13/03/2013, stock type STOCKTQ
2013-03-27 00:39:39,392 [1] DEBUG DEBUGLogger [(null)] - Write data: "0, 0, 0, 0, 0, 0, 0, 60, 220, 130, 140, 160, 140, 40, 250, 40, 170, 10, 20, 30, 10, 30, 18, 0, SUM(C15:Z15), , " to day 13/03/2013, stock type STOCKVN
2013-03-27 00:39:39,392 [1] DEBUG DEBUGLogger [(null)] - Write data: "0, 0, 0, 0, 0, 0, 0, 0, 0, 10, 0, 0, 10, 0, 0, 0, 0, 0, 0, 0, 0, SUM(C15:W15)" to day 13/03/2013, stock type STOCK
2013-03-27 00:39:39,439 [1] DEBUG DEBUGLogger [(null)] - Write data: "0, 0, 0, 30, 0, 20, 30, 10, 20, 20, 30, 0, 30, 40, 40, 38, 40, 8, 0, 0, 0, 0, 0, 0, SUM(C15:Z15)" to day 13/03/2013, stock type STOCK
2013-03-27 00:39:39,454 [1] DEBUG DEBUGLogger [(null)] - Write data: "0, 0, 0, 30, 0, 20, 30, 10, 20, 20, 30, 0, 30, 40, 40, 38, 40, 8, 0, 0, 0, 0, 0, 0, SUM(C15:Z15)" to day 13/03/2013, stock type STOCK
2013-03-27 00:39:39,454 [1] DEBUG DEBUGLogger [(null)] - Write data: "0, 0, 0, 0, 0, 0, 0, 0, 0, 0, 0, 0, 0, 0, 0, 0, 0, 0, 0, 0, 0, 0, 0, 0, SUM(C16:Z16)" to day 13/03/2013, stock type STOCKTQ
2013-03-27 00:39:39,454 [1] DEBUG DEBUGLogger [(null)] - Write data: "0, 0, 0, 0, 0, 0, 0, 10, 30, 90, 0, 0, 80, 130, 150, 100, 20, 20, 90, 0, 100, 0, 0, 0, SUM(C15:Z15), , " to day 13/03/2013, stock type STOCKVN
2013-03-27 01:26:26,670 [1] DEBUG DEBUGLogger [(null)] - Copy data from 01/03/2013
2013-03-27 01:26:27,044 [1] DEBUG DEBUGLogger [(null)] - Write data: "9, 20, 0, 0, 0, 0, 0, 0, 0, 0, 0, 0, 0, 0, 0, 0, 0, 0, 0, 0, 0, 0, 0, 0, SUM(C16:Z16)" to day 05/03/2013, stock type STOCKTQ
2013-03-27 01:26:27,060 [1] DEBUG DEBUGLogger [(null)] - Write data: "9, 20, 0, 0, 0, 0, 0, 0, 0, 0, 0, 0, 0, 0, 0, 0, 0, 0, 0, 0, 0, 0, 0, 0, SUM(C16:Z16)" to day 06/03/2013, stock type STOCKTQ
2013-03-27 01:26:27,060 [1] DEBUG DEBUGLogger [(null)] - Write data: "21, 30, 0, 0, 0, 0, 0, 10, 30, 90, 0, 0, 80, 130, 150, 100, 20, 20, 90, 0, 100, 0, 0, 0, SUM(C15:Z15), , " to day 05/03/2013, stock type STOCKVN
2013-03-27 01:26:27,075 [1] DEBUG DEBUGLogger [(null)] - Write data: "21, 30, 0, 0, 0, 0, 0, 10, 30, 90, 0, 0, 80, 130, 150, 100, 20, 20, 90, 0, 100, 0, 0, 0, SUM(C15:Z15), , " to day 06/03/2013, stock type STOCKVN
2013-03-27 01:26:27,075 [1] DEBUG DEBUGLogger [(null)] - Write data: "0, 0, 0, 0, 0, 0, 0, 0, 0, 0, 0, 0, 0, 0, 0, 0, 0, 0, 0, 0, 0, 0, 0, 0, SUM(C16:Z16)" to day 05/03/2013, stock type STOCKTQ
2013-03-27 01:26:27,075 [1] DEBUG DEBUGLogger [(null)] - Write data: "0, 0, 0, 0, 0, 0, 0, 0, 0, 0, 0, 0, 0, 0, 0, 0, 0, 0, 0, 0, 0, 0, 0, 0, SUM(C16:Z16)" to day 06/03/2013, stock type STOCKTQ
2013-03-27 01:26:27,122 [1] DEBUG DEBUGLogger [(null)] - Write data: "0, 0, 0, 0, 0, 0, 0, 60, 220, 130, 140, 160, 140, 40, 250, 40, 170, 10, 20, 30, 10, 30, 18, 0, SUM(C15:Z15), , " to day 05/03/2013, stock type STOCKVN
2013-03-27 01:26:27,122 [1] DEBUG DEBUGLogger [(null)] - Write data: "0, 0, 0, 0, 0, 0, 0, 60, 220, 130, 140, 160, 140, 40, 250, 40, 170, 10, 20, 30, 10, 30, 18, 0, SUM(C15:Z15), , " to day 06/03/2013, stock type STOCKVN
2013-03-27 01:26:27,138 [1] DEBUG DEBUGLogger [(null)] - Write data: "0, 0, 0, 0, 0, 0, 0, 0, 0, 10, 0, 0, 10, 0, 0, 0, 0, 0, 0, 0, 0, SUM(C15:W15)" to day 05/03/2013, stock type STOCK
2013-03-27 01:26:27,138 [1] DEBUG DEBUGLogger [(null)] - Write data: "0, 0, 0, 0, 0, 0, 0, 0, 0, 10, 0, 0, 10, 0, 0, 0, 0, 0, 0, 0, 0, SUM(C15:W15)" to day 06/03/2013, stock type STOCK
2013-03-27 01:26:27,138 [1] DEBUG DEBUGLogger [(null)] - Write data: "0, 0, 0, 30, 0, 20, 30, 10, 20, 20, 30, 0, 30, 40, 40, 38, 40, 8, 0, 0, 0, 0, 0, 0, SUM(C15:Z15)" to day 05/03/2013, stock type STOCK
2013-03-27 01:26:27,138 [1] DEBUG DEBUGLogger [(null)] - Write data: "0, 0, 0, 30, 0, 20, 30, 10, 20, 20, 30, 0, 30, 40, 40, 38, 40, 8, 0, 0, 0, 0, 0, 0, SUM(C15:Z15)" to day 06/03/2013, stock type STOCK
2013-03-27 01:26:27,138 [1] DEBUG DEBUGLogger [(null)] - Write data: "0, 0, 0, 30, 0, 20, 30, 10, 20, 20, 30, 0, 30, 40, 40, 38, 40, 8, 0, 0, 0, 0, 0, 0, SUM(C15:Z15)" to day 05/03/2013, stock type STOCK
2013-03-27 01:26:27,138 [1] DEBUG DEBUGLogger [(null)] - Write data: "0, 0, 0, 30, 0, 20, 30, 10, 20, 20, 30, 0, 30, 40, 40, 38, 40, 8, 0, 0, 0, 0, 0, 0, SUM(C15:Z15)" to day 06/03/2013, stock type STOCK
2013-03-27 01:26:27,153 [1] DEBUG DEBUGLogger [(null)] - Write data: "0, 0, 0, 0, 0, 0, 0, 0, 0, 0, 0, 0, 0, 0, 0, 0, 0, 0, 0, 0, 0, 0, 0, 0, SUM(C16:Z16)" to day 05/03/2013, stock type STOCKTQ
2013-03-27 01:26:27,153 [1] DEBUG DEBUGLogger [(null)] - Write data: "0, 0, 0, 0, 0, 0, 0, 0, 0, 0, 0, 0, 0, 0, 0, 0, 0, 0, 0, 0, 0, 0, 0, 0, SUM(C16:Z16)" to day 06/03/2013, stock type STOCKTQ
2013-03-27 01:26:27,153 [1] DEBUG DEBUGLogger [(null)] - Write data: "0, 0, 0, 0, 0, 0, 0, 10, 30, 90, 0, 0, 80, 130, 150, 100, 20, 20, 90, 0, 100, 0, 0, 0, SUM(C15:Z15), , " to day 05/03/2013, stock type STOCKVN
2013-03-27 01:26:27,153 [1] DEBUG DEBUGLogger [(null)] - Write data: "0, 0, 0, 0, 0, 0, 0, 10, 30, 90, 0, 0, 80, 130, 150, 100, 20, 20, 90, 0, 100, 0, 0, 0, SUM(C15:Z15), , " to day 06/03/2013, stock type STOCKVN
2013-03-27 01:28:40,391 [1] DEBUG DEBUGLogger [(null)] - Copy data from 01/03/2013
2013-03-27 01:28:41,015 [1] DEBUG DEBUGLogger [(null)] - Write data: "9, 20, 0, 0, 0, 0, 0, 0, 0, 0, 0, 0, 0, 0, 0, 0, 0, 0, 0, 0, 0, 0, 0, 0, SUM(C16:Z16)" to day 01/04/2013, stock type STOCKTQ
2013-03-27 01:28:41,015 [1] DEBUG DEBUGLogger [(null)] - Write data: "9, 20, 0, 0, 0, 0, 0, 0, 0, 0, 0, 0, 0, 0, 0, 0, 0, 0, 0, 0, 0, 0, 0, 0, SUM(C16:Z16)" to day 03/04/2013, stock type STOCKTQ
2013-03-27 01:28:41,015 [1] DEBUG DEBUGLogger [(null)] - Write data: "21, 30, 0, 0, 0, 0, 0, 10, 30, 90, 0, 0, 80, 130, 150, 100, 20, 20, 90, 0, 100, 0, 0, 0, SUM(C15:Z15), , " to day 01/04/2013, stock type STOCKVN
2013-03-27 01:28:41,031 [1] DEBUG DEBUGLogger [(null)] - Write data: "21, 30, 0, 0, 0, 0, 0, 10, 30, 90, 0, 0, 80, 130, 150, 100, 20, 20, 90, 0, 100, 0, 0, 0, SUM(C15:Z15), , " to day 03/04/2013, stock type STOCKVN
2013-03-27 01:28:41,031 [1] DEBUG DEBUGLogger [(null)] - Write data: "0, 0, 0, 0, 0, 0, 0, 0, 0, 0, 0, 0, 0, 0, 0, 0, 0, 0, 0, 0, 0, 0, 0, 0, SUM(C16:Z16)" to day 01/04/2013, stock type STOCKTQ
2013-03-27 01:28:41,031 [1] DEBUG DEBUGLogger [(null)] - Write data: "0, 0, 0, 0, 0, 0, 0, 0, 0, 0, 0, 0, 0, 0, 0, 0, 0, 0, 0, 0, 0, 0, 0, 0, SUM(C16:Z16)" to day 03/04/2013, stock type STOCKTQ
2013-03-27 01:28:41,031 [1] DEBUG DEBUGLogger [(null)] - Write data: "0, 0, 0, 0, 0, 0, 0, 60, 220, 130, 140, 160, 140, 40, 250, 40, 170, 10, 20, 30, 10, 30, 18, 0, SUM(C15:Z15), , " to day 01/04/2013, stock type STOCKVN
2013-03-27 01:28:41,031 [1] DEBUG DEBUGLogger [(null)] - Write data: "0, 0, 0, 0, 0, 0, 0, 60, 220, 130, 140, 160, 140, 40, 250, 40, 170, 10, 20, 30, 10, 30, 18, 0, SUM(C15:Z15), , " to day 03/04/2013, stock type STOCKVN
2013-03-27 01:28:41,047 [1] DEBUG DEBUGLogger [(null)] - Write data: "0, 0, 0, 0, 0, 0, 0, 0, 0, 10, 0, 0, 10, 0, 0, 0, 0, 0, 0, 0, 0, SUM(C15:W15)" to day 01/04/2013, stock type STOCK
2013-03-27 01:28:41,047 [1] DEBUG DEBUGLogger [(null)] - Write data: "0, 0, 0, 0, 0, 0, 0, 0, 0, 10, 0, 0, 10, 0, 0, 0, 0, 0, 0, 0, 0, SUM(C15:W15)" to day 03/04/2013, stock type STOCK
2013-03-27 01:28:41,047 [1] DEBUG DEBUGLogger [(null)] - Write data: "0, 0, 0, 30, 0, 20, 30, 10, 20, 20, 30, 0, 30, 40, 40, 38, 40, 8, 0, 0, 0, 0, 0, 0, SUM(C15:Z15)" to day 01/04/2013, stock type STOCK
2013-03-27 01:28:41,047 [1] DEBUG DEBUGLogger [(null)] - Write data: "0, 0, 0, 30, 0, 20, 30, 10, 20, 20, 30, 0, 30, 40, 40, 38, 40, 8, 0, 0, 0, 0, 0, 0, SUM(C15:Z15)" to day 03/04/2013, stock type STOCK
2013-03-27 01:28:41,078 [1] DEBUG DEBUGLogger [(null)] - Write data: "0, 0, 0, 30, 0, 20, 30, 10, 20, 20, 30, 0, 30, 40, 40, 38, 40, 8, 0, 0, 0, 0, 0, 0, SUM(C15:Z15)" to day 01/04/2013, stock type STOCK
2013-03-27 01:28:41,078 [1] DEBUG DEBUGLogger [(null)] - Write data: "0, 0, 0, 30, 0, 20, 30, 10, 20, 20, 30, 0, 30, 40, 40, 38, 40, 8, 0, 0, 0, 0, 0, 0, SUM(C15:Z15)" to day 03/04/2013, stock type STOCK
2013-03-27 01:28:41,078 [1] DEBUG DEBUGLogger [(null)] - Write data: "0, 0, 0, 0, 0, 0, 0, 0, 0, 0, 0, 0, 0, 0, 0, 0, 0, 0, 0, 0, 0, 0, 0, 0, SUM(C16:Z16)" to day 01/04/2013, stock type STOCKTQ
2013-03-27 01:28:41,093 [1] DEBUG DEBUGLogger [(null)] - Write data: "0, 0, 0, 0, 0, 0, 0, 0, 0, 0, 0, 0, 0, 0, 0, 0, 0, 0, 0, 0, 0, 0, 0, 0, SUM(C16:Z16)" to day 03/04/2013, stock type STOCKTQ
2013-03-27 01:28:41,093 [1] DEBUG DEBUGLogger [(null)] - Write data: "0, 0, 0, 0, 0, 0, 0, 10, 30, 90, 0, 0, 80, 130, 150, 100, 20, 20, 90, 0, 100, 0, 0, 0, SUM(C15:Z15), , " to day 01/04/2013, stock type STOCKVN
2013-03-27 01:28:41,093 [1] DEBUG DEBUGLogger [(null)] - Write data: "0, 0, 0, 0, 0, 0, 0, 10, 30, 90, 0, 0, 80, 130, 150, 100, 20, 20, 90, 0, 100, 0, 0, 0, SUM(C15:Z15), , " to day 03/04/2013, stock type STOCKVN
2013-03-27 01:31:04,523 [1] DEBUG DEBUGLogger [(null)] - Copy data from 28/02/2013
2013-03-27 01:31:07,627 [1] DEBUG DEBUGLogger [(null)] - Write data: "0, 0, 0, 0, 0, 0, 0, 0, 0, 0, 0, 0, 0, 0, 0, 0, 0, 0, 0, 0, 0, 0, SUM(C259:X259)" to day 01/03/2013, stock type STOCKTQ
2013-03-27 01:31:07,627 [1] DEBUG DEBUGLogger [(null)] - Write data: "0, 0, 0, 0, 0, 0, 0, 0, 0, 0, 0, 0, 0, 0, 0, 0, 0, 0, 0, 0, 0, 0, SUM(C258:X258)" to day 01/03/2013, stock type STOCKVN
2013-03-27 01:31:07,627 [1] DEBUG DEBUGLogger [(null)] - Write data: "0, 0, 0, 0, 0, 0, 0, 0, 0, 0, 0, 0, 0, 0, 0, 0, 0, 0, 0, 0, 0, 0, SUM(C147:X147)" to day 01/03/2013, stock type STOCK
2013-03-27 01:31:07,627 [1] DEBUG DEBUGLogger [(null)] - Write data: "0, 0, 0, 0, 0, 0, 0, 0, 0, 0, 0, 0, 0, 0, 0, 0, 0, 0, 0, 0, 0, 0, 0, 0, 0, 0, SUM(C147:AB147)" to day 01/03/2013, stock type STOCK
2013-03-27 01:31:07,658 [1] DEBUG DEBUGLogger [(null)] - Write data: "0, 0, 0, 0, 0, 0, 0, 0, 0, 0, 0, 0, 0, 0, 0, 0, 0, 0, 0, 0, 0, 0, 0, 0, 0, 0, SUM(B147:AB147)" to day 01/03/2013, stock type STOCK
2013-03-27 01:31:07,658 [1] DEBUG DEBUGLogger [(null)] - Write data: "0, 0, 0, 0, 0, 0, 0, 0, 0, 0, 0, 0, 0, 0, 0, 0, 0, 0, 0, 0, 0, 0, SUM(C147:X147)" to day 01/03/2013, stock type STOCK
2013-03-27 01:31:07,674 [1] DEBUG DEBUGLogger [(null)] - Write data: "0, 0, 0, 0, 0, 0, 0, 0, 0, 0, 0, 0, 0, 0, 0, 0, 0, 0, 0, 0, 0, 0, 0, 0, 0, SUM(C259:AA259)" to day 01/03/2013, stock type STOCKTQ
2013-03-27 01:31:07,674 [1] DEBUG DEBUGLogger [(null)] - Write data: "0, 0, 0, 0, 0, 0, 0, 0, 0, 0, 0, 0, 0, 0, 0, 0, 0, 0, 0, 0, 0, 0, 0, 0, 0, SUM(C258:AA258)" to day 01/03/2013, stock type STOCKVN
2013-03-27 01:31:07,674 [1] DEBUG DEBUGLogger [(null)] - Write data: "0, 0, 0, 0, 0, 0, 0, 0, 0, 0, 0, 0, 0, 0, 0, 0, 0, 0, 0, 0, 0, 0, 0, 0, 0, SUM(C259:AA259)" to day 01/03/2013, stock type STOCKTQ
2013-03-27 01:31:07,674 [1] DEBUG DEBUGLogger [(null)] - Write data: "0, 0, 0, 0, 0, 0, 0, 0, 0, 0, 0, 0, 0, 0, 0, 0, 0, 0, 0, 0, 0, 0, 0, 0, 0, SUM(C258:AA258)" to day 01/03/2013, stock type STOCKVN
2013-03-27 01:31:07,674 [1] DEBUG DEBUGLogger [(null)] - Write data: "0, 0, 0, 0, 0, 0, 0, 0, 0, 0, 0, 0, 0, 0, 0, 0, 0, 0, 0, 0, 0, 0, 0, 0, 0, SUM(C259:AA259)" to day 01/03/2013, stock type STOCKTQ
2013-03-27 01:31:07,674 [1] DEBUG DEBUGLogger [(null)] - Write data: "0, 0, 0, 0, 0, 0, 0, 0, 0, 0, 0, 0, 0, 0, 0, 0, 0, 0, 0, 0, 0, 0, 0, 0, 0, SUM(C258:AA258)" to day 01/03/2013, stock type STOCKVN
2013-03-27 01:31:07,674 [1] DEBUG DEBUGLogger [(null)] - Write data: "0, 0, 0, 0, 0, 0, 0, 0, 0, 0, 0, 0, 0, 0, 0, 0, 0, 0, 0, 0, 0, 0, 0, 0, 0, SUM(C259:AA259)" to day 01/03/2013, stock type STOCKTQ
2013-03-27 01:31:07,674 [1] DEBUG DEBUGLogger [(null)] - Write data: "0, 0, 0, 0, 0, 0, 0, 0, 0, 0, 0, 0, 0, 0, 0, 0, 0, 0, 0, 0, 0, 0, 0, 0, 0, SUM(C258:AA258)" to day 01/03/2013, stock type STOCKVN
2013-03-27 01:31:07,674 [1] DEBUG DEBUGLogger [(null)] - Write data: "0, 0, 0, 0, 0, 0, 0, 0, 0, 0, 0, 0, 0, 0, 0, 0, 0, 0, 0, 0, 0, 0, 0, 0, 0, SUM(C259:AA259)" to day 01/03/2013, stock type STOCKTQ
2013-03-27 01:31:07,674 [1] DEBUG DEBUGLogger [(null)] - Write data: "0, 0, 0, 0, 0, 0, 0, 0, 0, 0, 0, 0, 0, 0, 0, 0, 0, 0, 0, 0, 0, 0, 0, 0, 0, SUM(C258:AA258)" to day 01/03/2013, stock type STOCKVN
2013-03-27 01:31:07,674 [1] DEBUG DEBUGLogger [(null)] - Write data: "0, 0, 0, 0, 0, 0, 0, 0, 0, 0, 0, 0, 0, 0, 0, 0, 0, 0, 0, 0, 0, SUM(C259:W259)" to day 01/03/2013, stock type STOCKTQ
2013-03-27 01:31:07,674 [1] DEBUG DEBUGLogger [(null)] - Write data: "0, 0, 0, 0, 0, 0, 0, 0, 0, 0, 0, 0, 0, 0, 0, 0, 0, 0, 0, 0, 0, SUM(C258:W258)" to day 01/03/2013, stock type STOCKVN
2013-03-27 01:31:07,690 [1] DEBUG DEBUGLogger [(null)] - Write data: "0, 0, 0, 0, 0, 0, 0, 0, 0, 0, 0, 0, 0, 0, 0, 0, 0, 0, 0, 0, 0, SUM(C259:W259)" to day 01/03/2013, stock type STOCKTQ
2013-03-27 01:31:07,690 [1] DEBUG DEBUGLogger [(null)] - Write data: "0, 0, 0, 0, 0, 0, 0, 0, 0, 0, 0, 0, 0, 0, 0, 0, 0, 0, 0, 0, 0, SUM(C258:W258)" to day 01/03/2013, stock type STOCKVN
2013-03-27 01:31:07,690 [1] DEBUG DEBUGLogger [(null)] - Write data: "0, 0, 0, 0, 0, 0, 0, 0, 0, 0, 0, 0, 0, 0, 0, 0, 0, SUM(C147:S147)" to day 01/03/2013, stock type STOCK
2013-03-27 01:31:07,690 [1] DEBUG DEBUGLogger [(null)] - Write data: "0, 0, 0, 0, 0, 0, 0, 0, 0, 0, 0, 0, 0, 0, 0, 0, 0, SUM(C341:S341)" to day 01/03/2013, stock type STOCK
2013-03-27 01:31:07,690 [1] DEBUG DEBUGLogger [(null)] - Write data: "0, 0, 0, 0, 0, 0, 0, 0, 0, 0, 0, 0, 0, 0, 0, 0, 0, SUM(C343:S343)" to day 01/03/2013, stock type STOCKTQ
2013-03-27 01:31:07,690 [1] DEBUG DEBUGLogger [(null)] - Write data: "0, 0, 0, 0, 0, 0, 0, 0, 0, 0, 0, 0, 0, 0, 0, 0, 0, SUM(C342:S342)" to day 01/03/2013, stock type STOCKVN
2013-03-27 01:31:07,690 [1] DEBUG DEBUGLogger [(null)] - Write data: "0, 0, 0, 0, 0, 0, 0, 0, 0, 0, 0, 0, 0, 0, 0, 0, 0, 0, 0, 0, 0, SUM(C259:W259)" to day 01/03/2013, stock type STOCKTQ
2013-03-27 01:31:07,690 [1] DEBUG DEBUGLogger [(null)] - Write data: "0, 0, 0, 0, 0, 0, 0, 0, 0, 0, 0, 0, 0, 0, 0, 0, 0, 0, 0, 0, 0, SUM(C258:W258)" to day 01/03/2013, stock type STOCKVN
2013-03-27 01:31:07,705 [1] DEBUG DEBUGLogger [(null)] - Write data: "0, 0, 0, 0, 0, 0, 0, 0, 0, 0, 0, 0, 0, 0, 0, 0, 0, 0, 0, 0, 0, 0, SUM(C145:X145)" to day 01/03/2013, stock type STOCK
2013-03-27 01:31:07,705 [1] DEBUG DEBUGLogger [(null)] - Write data: "0, 0, 0, 0, 0, 0, 0, 0, 0, 0, 0, 0, 0, 0, 0, 0, 0, 0, 0, 0, 0, 0, 0, SUM(C147:Y147)" to day 01/03/2013, stock type STOCK
2013-03-27 01:31:07,705 [1] DEBUG DEBUGLogger [(null)] - Write data: "0, 0, 0, 0, 0, 0, 0, 0, 0, 0, 0, 0, 0, 0, 0, 0, 0, 0, 0, 0, 0, 0, 0, 0, 0, 0, SUM(C147:AB147)" to day 01/03/2013, stock type STOCK
2013-03-27 01:31:07,705 [1] DEBUG DEBUGLogger [(null)] - Write data: "0, 0, 0, 0, 0, 0, 0, 0, 0, 0, 0, 0, 0, 0, 0, 0, 0, 0, 0, 0, 0, 0, 0, 0, 0, 0, SUM(C147:AB147)" to day 01/03/2013, stock type STOCK
2013-03-27 01:31:07,705 [1] DEBUG DEBUGLogger [(null)] - Write data: "0, 0, 0, 0, 0, 0, 0, 0, 0, 0, 0, 0, 0, 0, 0, 0, 0, 0, 0, 0, 0, 0, 0, 0, 0, SUM(C147:AA147)" to day 01/03/2013, stock type STOCK
2013-03-27 01:33:56,816 [1] DEBUG DEBUGLogger [(null)] - Copy data from 28/02/2013
2013-03-27 01:34:00,310 [1] DEBUG DEBUGLogger [(null)] - Write data: "0, 0, 0, 0, 0, 0, 0, 0, 0, 0, 0, 0, 0, 0, 0, 0, 0, 0, 0, 0, 0, 0, SUM(C259:X259)" to day 01/03/2013, stock type STOCKTQ
2013-03-27 01:34:00,326 [1] DEBUG DEBUGLogger [(null)] - Write data: "0, 0, 0, 0, 0, 0, 0, 0, 0, 0, 0, 0, 0, 0, 0, 0, 0, 0, 0, 0, 0, 0, SUM(C258:X258)" to day 01/03/2013, stock type STOCKVN
2013-03-27 01:34:00,326 [1] DEBUG DEBUGLogger [(null)] - Write data: "0, 0, 0, 0, 0, 0, 0, 0, 0, 0, 0, 0, 0, 0, 0, 0, 0, 0, 0, 0, 0, 0, SUM(C147:X147)" to day 01/03/2013, stock type STOCK
2013-03-27 01:34:00,326 [1] DEBUG DEBUGLogger [(null)] - Write data: "0, 0, 0, 0, 0, 0, 0, 0, 0, 0, 0, 0, 0, 0, 0, 0, 0, 0, 0, 0, 0, 0, 0, 0, 0, 0, SUM(C147:AB147)" to day 01/03/2013, stock type STOCK
2013-03-27 01:34:00,326 [1] DEBUG DEBUGLogger [(null)] - Write data: "0, 0, 0, 0, 0, 0, 0, 0, 0, 0, 0, 0, 0, 0, 0, 0, 0, 0, 0, 0, 0, 0, 0, 0, 0, 0, SUM(B147:AB147)" to day 01/03/2013, stock type STOCK
2013-03-27 01:34:00,326 [1] DEBUG DEBUGLogger [(null)] - Write data: "0, 0, 0, 0, 0, 0, 0, 0, 0, 0, 0, 0, 0, 0, 0, 0, 0, 0, 0, 0, 0, 0, SUM(C147:X147)" to day 01/03/2013, stock type STOCK
2013-03-27 01:34:00,326 [1] DEBUG DEBUGLogger [(null)] - Write data: "0, 0, 0, 0, 0, 0, 0, 0, 0, 0, 0, 0, 0, 0, 0, 0, 0, 0, 0, 0, 0, 0, 0, 0, 0, SUM(C259:AA259)" to day 01/03/2013, stock type STOCKTQ
2013-03-27 01:34:00,341 [1] DEBUG DEBUGLogger [(null)] - Write data: "0, 0, 0, 0, 0, 0, 0, 0, 0, 0, 0, 0, 0, 0, 0, 0, 0, 0, 0, 0, 0, 0, 0, 0, 0, SUM(C258:AA258)" to day 01/03/2013, stock type STOCKVN
2013-03-27 01:34:00,341 [1] DEBUG DEBUGLogger [(null)] - Write data: "0, 0, 0, 0, 0, 0, 0, 0, 0, 0, 0, 0, 0, 0, 0, 0, 0, 0, 0, 0, 0, 0, 0, 0, 0, SUM(C259:AA259)" to day 01/03/2013, stock type STOCKTQ
2013-03-27 01:34:00,341 [1] DEBUG DEBUGLogger [(null)] - Write data: "0, 0, 0, 0, 0, 0, 0, 0, 0, 0, 0, 0, 0, 0, 0, 0, 0, 0, 0, 0, 0, 0, 0, 0, 0, SUM(C258:AA258)" to day 01/03/2013, stock type STOCKVN
2013-03-27 01:34:00,341 [1] DEBUG DEBUGLogger [(null)] - Write data: "0, 0, 0, 0, 0, 0, 0, 0, 0, 0, 0, 0, 0, 0, 0, 0, 0, 0, 0, 0, 0, 0, 0, 0, 0, SUM(C259:AA259)" to day 01/03/2013, stock type STOCKTQ
2013-03-27 01:34:00,341 [1] DEBUG DEBUGLogger [(null)] - Write data: "0, 0, 0, 0, 0, 0, 0, 0, 0, 0, 0, 0, 0, 0, 0, 0, 0, 0, 0, 0, 0, 0, 0, 0, 0, SUM(C258:AA258)" to day 01/03/2013, stock type STOCKVN
2013-03-27 01:34:00,341 [1] DEBUG DEBUGLogger [(null)] - Write data: "0, 0, 0, 0, 0, 0, 0, 0, 0, 0, 0, 0, 0, 0, 0, 0, 0, 0, 0, 0, 0, 0, 0, 0, 0, SUM(C259:AA259)" to day 01/03/2013, stock type STOCKTQ
2013-03-27 01:34:00,341 [1] DEBUG DEBUGLogger [(null)] - Write data: "0, 0, 0, 0, 0, 0, 0, 0, 0, 0, 0, 0, 0, 0, 0, 0, 0, 0, 0, 0, 0, 0, 0, 0, 0, SUM(C258:AA258)" to day 01/03/2013, stock type STOCKVN
2013-03-27 01:34:00,341 [1] DEBUG DEBUGLogger [(null)] - Write data: "0, 0, 0, 0, 0, 0, 0, 0, 0, 0, 0, 0, 0, 0, 0, 0, 0, 0, 0, 0, 0, 0, 0, 0, 0, SUM(C259:AA259)" to day 01/03/2013, stock type STOCKTQ
2013-03-27 01:34:00,341 [1] DEBUG DEBUGLogger [(null)] - Write data: "0, 0, 0, 0, 0, 0, 0, 0, 0, 0, 0, 0, 0, 0, 0, 0, 0, 0, 0, 0, 0, 0, 0, 0, 0, SUM(C258:AA258)" to day 01/03/2013, stock type STOCKVN
2013-03-27 01:34:00,341 [1] DEBUG DEBUGLogger [(null)] - Write data: "0, 0, 0, 0, 0, 0, 0, 0, 0, 0, 0, 0, 0, 0, 0, 0, 0, 0, 0, 0, 0, SUM(C259:W259)" to day 01/03/2013, stock type STOCKTQ
2013-03-27 01:34:00,341 [1] DEBUG DEBUGLogger [(null)] - Write data: "0, 0, 0, 0, 0, 0, 0, 0, 0, 0, 0, 0, 0, 0, 0, 0, 0, 0, 0, 0, 0, SUM(C258:W258)" to day 01/03/2013, stock type STOCKVN
2013-03-27 01:34:00,357 [1] DEBUG DEBUGLogger [(null)] - Write data: "0, 0, 0, 0, 0, 0, 0, 0, 0, 0, 0, 0, 0, 0, 0, 0, 0, 0, 0, 0, 0, SUM(C259:W259)" to day 01/03/2013, stock type STOCKTQ
2013-03-27 01:34:00,357 [1] DEBUG DEBUGLogger [(null)] - Write data: "0, 0, 0, 0, 0, 0, 0, 0, 0, 0, 0, 0, 0, 0, 0, 0, 0, 0, 0, 0, 0, SUM(C258:W258)" to day 01/03/2013, stock type STOCKVN
2013-03-27 01:34:00,357 [1] DEBUG DEBUGLogger [(null)] - Write data: "0, 0, 0, 0, 0, 0, 0, 0, 0, 0, 0, 0, 0, 0, 0, 0, 0, SUM(C147:S147)" to day 01/03/2013, stock type STOCK
2013-03-27 01:34:00,357 [1] DEBUG DEBUGLogger [(null)] - Write data: "0, 0, 0, 0, 0, 0, 0, 0, 0, 0, 0, 0, 0, 0, 0, 0, 0, SUM(C341:S341)" to day 01/03/2013, stock type STOCK
2013-03-27 01:34:00,357 [1] DEBUG DEBUGLogger [(null)] - Write data: "0, 0, 0, 0, 0, 0, 0, 0, 0, 0, 0, 0, 0, 0, 0, 0, 0, SUM(C343:S343)" to day 01/03/2013, stock type STOCKTQ
2013-03-27 01:34:00,357 [1] DEBUG DEBUGLogger [(null)] - Write data: "0, 0, 0, 0, 0, 0, 0, 0, 0, 0, 0, 0, 0, 0, 0, 0, 0, SUM(C342:S342)" to day 01/03/2013, stock type STOCKVN
2013-03-27 01:34:00,357 [1] DEBUG DEBUGLogger [(null)] - Write data: "0, 0, 0, 0, 0, 0, 0, 0, 0, 0, 0, 0, 0, 0, 0, 0, 0, 0, 0, 0, 0, SUM(C259:W259)" to day 01/03/2013, stock type STOCKTQ
2013-03-27 01:34:00,357 [1] DEBUG DEBUGLogger [(null)] - Write data: "0, 0, 0, 0, 0, 0, 0, 0, 0, 0, 0, 0, 0, 0, 0, 0, 0, 0, 0, 0, 0, SUM(C258:W258)" to day 01/03/2013, stock type STOCKVN
2013-03-27 01:34:00,357 [1] DEBUG DEBUGLogger [(null)] - Write data: "0, 0, 0, 0, 0, 0, 0, 0, 0, 0, 0, 0, 0, 0, 0, 0, 0, 0, 0, 0, 0, 0, SUM(C145:X145)" to day 01/03/2013, stock type STOCK
2013-03-27 01:34:00,357 [1] DEBUG DEBUGLogger [(null)] - Write data: "0, 0, 0, 0, 0, 0, 0, 0, 0, 0, 0, 0, 0, 0, 0, 0, 0, 0, 0, 0, 0, 0, 0, SUM(C147:Y147)" to day 01/03/2013, stock type STOCK
2013-03-27 01:34:00,373 [1] DEBUG DEBUGLogger [(null)] - Write data: "0, 0, 0, 0, 0, 0, 0, 0, 0, 0, 0, 0, 0, 0, 0, 0, 0, 0, 0, 0, 0, 0, 0, 0, 0, 0, SUM(C147:AB147)" to day 01/03/2013, stock type STOCK
2013-03-27 01:34:00,373 [1] DEBUG DEBUGLogger [(null)] - Write data: "0, 0, 0, 0, 0, 0, 0, 0, 0, 0, 0, 0, 0, 0, 0, 0, 0, 0, 0, 0, 0, 0, 0, 0, 0, 0, SUM(C147:AB147)" to day 01/03/2013, stock type STOCK
2013-03-27 01:34:00,373 [1] DEBUG DEBUGLogger [(null)] - Write data: "0, 0, 0, 0, 0, 0, 0, 0, 0, 0, 0, 0, 0, 0, 0, 0, 0, 0, 0, 0, 0, 0, 0, 0, 0, SUM(C147:AA147)" to day 01/03/2013, stock type STOCK
2013-03-27 01:41:16,875 [10] DEBUG DEBUGLogger [(null)] - Copy data from 28/02/2013
2013-03-27 01:45:25,945 [10] DEBUG DEBUGLogger [(null)] - Write data: "0, 0, 0, 0, 0, 0, 0, 0, 0, 0, 0, 0, 0, 0, 0, 0, 0, 0, 0, 0, 0, 0, SUM(C259:X259)" to day 01/03/2013, stock type STOCKTQ
2013-03-27 01:45:25,945 [10] DEBUG DEBUGLogger [(null)] - Write data: "0, 0, 0, 0, 0, 0, 0, 0, 0, 0, 0, 0, 0, 0, 0, 0, 0, 0, 0, 0, 0, 0, SUM(C258:X258)" to day 01/03/2013, stock type STOCKVN
2013-03-27 01:45:25,961 [10] DEBUG DEBUGLogger [(null)] - Write data: "0, 0, 0, 0, 0, 0, 0, 0, 0, 0, 0, 0, 0, 0, 0, 0, 0, 0, 0, 0, 0, 0, SUM(C147:X147)" to day 01/03/2013, stock type STOCK
2013-03-27 01:45:25,961 [10] DEBUG DEBUGLogger [(null)] - Write data: "0, 0, 0, 0, 0, 0, 0, 0, 0, 0, 0, 0, 0, 0, 0, 0, 0, 0, 0, 0, 0, 0, 0, 0, 0, 0, SUM(C147:AB147)" to day 01/03/2013, stock type STOCK
2013-03-27 01:45:25,976 [10] DEBUG DEBUGLogger [(null)] - Write data: "0, 0, 0, 0, 0, 0, 0, 0, 0, 0, 0, 0, 0, 0, 0, 0, 0, 0, 0, 0, 0, 0, 0, 0, 0, 0, SUM(B147:AB147)" to day 01/03/2013, stock type STOCK
2013-03-27 01:45:25,976 [10] DEBUG DEBUGLogger [(null)] - Write data: "0, 0, 0, 0, 0, 0, 0, 0, 0, 0, 0, 0, 0, 0, 0, 0, 0, 0, 0, 0, 0, 0, SUM(C147:X147)" to day 01/03/2013, stock type STOCK
2013-03-27 01:45:25,976 [10] DEBUG DEBUGLogger [(null)] - Write data: "0, 0, 0, 0, 0, 0, 0, 0, 0, 0, 0, 0, 0, 0, 0, 0, 0, 0, 0, 0, 0, 0, 0, 0, 0, SUM(C259:AA259)" to day 01/03/2013, stock type STOCKTQ
2013-03-27 01:45:25,976 [10] DEBUG DEBUGLogger [(null)] - Write data: "0, 0, 0, 0, 0, 0, 0, 0, 0, 0, 0, 0, 0, 0, 0, 0, 0, 0, 0, 0, 0, 0, 0, 0, 0, SUM(C258:AA258)" to day 01/03/2013, stock type STOCKVN
2013-03-27 01:45:25,976 [10] DEBUG DEBUGLogger [(null)] - Write data: "0, 0, 0, 0, 0, 0, 0, 0, 0, 0, 0, 0, 0, 0, 0, 0, 0, 0, 0, 0, 0, 0, 0, 0, 0, SUM(C259:AA259)" to day 01/03/2013, stock type STOCKTQ
2013-03-27 01:45:25,976 [10] DEBUG DEBUGLogger [(null)] - Write data: "0, 0, 0, 0, 0, 0, 0, 0, 0, 0, 0, 0, 0, 0, 0, 0, 0, 0, 0, 0, 0, 0, 0, 0, 0, SUM(C258:AA258)" to day 01/03/2013, stock type STOCKVN
2013-03-27 01:45:25,992 [10] DEBUG DEBUGLogger [(null)] - Write data: "0, 0, 0, 0, 0, 0, 0, 0, 0, 0, 0, 0, 0, 0, 0, 0, 0, 0, 0, 0, 0, 0, 0, 0, 0, SUM(C259:AA259)" to day 01/03/2013, stock type STOCKTQ
2013-03-27 01:45:25,992 [10] DEBUG DEBUGLogger [(null)] - Write data: "0, 0, 0, 0, 0, 0, 0, 0, 0, 0, 0, 0, 0, 0, 0, 0, 0, 0, 0, 0, 0, 0, 0, 0, 0, SUM(C258:AA258)" to day 01/03/2013, stock type STOCKVN
2013-03-27 01:45:25,992 [10] DEBUG DEBUGLogger [(null)] - Write data: "0, 0, 0, 0, 0, 0, 0, 0, 0, 0, 0, 0, 0, 0, 0, 0, 0, 0, 0, 0, 0, 0, 0, 0, 0, SUM(C259:AA259)" to day 01/03/2013, stock type STOCKTQ
2013-03-27 01:45:25,992 [10] DEBUG DEBUGLogger [(null)] - Write data: "0, 0, 0, 0, 0, 0, 0, 0, 0, 0, 0, 0, 0, 0, 0, 0, 0, 0, 0, 0, 0, 0, 0, 0, 0, SUM(C258:AA258)" to day 01/03/2013, stock type STOCKVN
2013-03-27 01:45:25,992 [10] DEBUG DEBUGLogger [(null)] - Write data: "0, 0, 0, 0, 0, 0, 0, 0, 0, 0, 0, 0, 0, 0, 0, 0, 0, 0, 0, 0, 0, 0, 0, 0, 0, SUM(C259:AA259)" to day 01/03/2013, stock type STOCKTQ
2013-03-27 01:45:25,992 [10] DEBUG DEBUGLogger [(null)] - Write data: "0, 0, 0, 0, 0, 0, 0, 0, 0, 0, 0, 0, 0, 0, 0, 0, 0, 0, 0, 0, 0, 0, 0, 0, 0, SUM(C258:AA258)" to day 01/03/2013, stock type STOCKVN
2013-03-27 01:45:25,992 [10] DEBUG DEBUGLogger [(null)] - Write data: "0, 0, 0, 0, 0, 0, 0, 0, 0, 0, 0, 0, 0, 0, 0, 0, 0, 0, 0, 0, 0, SUM(C259:W259)" to day 01/03/2013, stock type STOCKTQ
2013-03-27 01:45:25,992 [10] DEBUG DEBUGLogger [(null)] - Write data: "0, 0, 0, 0, 0, 0, 0, 0, 0, 0, 0, 0, 0, 0, 0, 0, 0, 0, 0, 0, 0, SUM(C258:W258)" to day 01/03/2013, stock type STOCKVN
2013-03-27 01:45:26,008 [10] DEBUG DEBUGLogger [(null)] - Write data: "0, 0, 0, 0, 0, 0, 0, 0, 0, 0, 0, 0, 0, 0, 0, 0, 0, 0, 0, 0, 0, SUM(C259:W259)" to day 01/03/2013, stock type STOCKTQ
2013-03-27 01:45:26,008 [10] DEBUG DEBUGLogger [(null)] - Write data: "0, 0, 0, 0, 0, 0, 0, 0, 0, 0, 0, 0, 0, 0, 0, 0, 0, 0, 0, 0, 0, SUM(C258:W258)" to day 01/03/2013, stock type STOCKVN
2013-03-27 01:45:26,008 [10] DEBUG DEBUGLogger [(null)] - Write data: "0, 0, 0, 0, 0, 0, 0, 0, 0, 0, 0, 0, 0, 0, 0, 0, 0, SUM(C147:S147)" to day 01/03/2013, stock type STOCK
2013-03-27 01:45:26,008 [10] DEBUG DEBUGLogger [(null)] - Write data: "0, 0, 0, 0, 0, 0, 0, 0, 0, 0, 0, 0, 0, 0, 0, 0, 0, SUM(C341:S341)" to day 01/03/2013, stock type STOCK
2013-03-27 01:45:26,008 [10] DEBUG DEBUGLogger [(null)] - Write data: "0, 0, 0, 0, 0, 0, 0, 0, 0, 0, 0, 0, 0, 0, 0, 0, 0, SUM(C343:S343)" to day 01/03/2013, stock type STOCKTQ
2013-03-27 01:45:26,008 [10] DEBUG DEBUGLogger [(null)] - Write data: "0, 0, 0, 0, 0, 0, 0, 0, 0, 0, 0, 0, 0, 0, 0, 0, 0, SUM(C342:S342)" to day 01/03/2013, stock type STOCKVN
2013-03-27 01:45:26,008 [10] DEBUG DEBUGLogger [(null)] - Write data: "0, 0, 0, 0, 0, 0, 0, 0, 0, 0, 0, 0, 0, 0, 0, 0, 0, 0, 0, 0, 0, SUM(C259:W259)" to day 01/03/2013, stock type STOCKTQ
2013-03-27 01:45:26,008 [10] DEBUG DEBUGLogger [(null)] - Write data: "0, 0, 0, 0, 0, 0, 0, 0, 0, 0, 0, 0, 0, 0, 0, 0, 0, 0, 0, 0, 0, SUM(C258:W258)" to day 01/03/2013, stock type STOCKVN
2013-03-27 01:45:26,023 [10] DEBUG DEBUGLogger [(null)] - Write data: "0, 0, 0, 0, 0, 0, 0, 0, 0, 0, 0, 0, 0, 0, 0, 0, 0, 0, 0, 0, 0, 0, SUM(C145:X145)" to day 01/03/2013, stock type STOCK
2013-03-27 01:45:26,023 [10] DEBUG DEBUGLogger [(null)] - Write data: "0, 0, 0, 0, 0, 0, 0, 0, 0, 0, 0, 0, 0, 0, 0, 0, 0, 0, 0, 0, 0, 0, 0, SUM(C147:Y147)" to day 01/03/2013, stock type STOCK
2013-03-27 01:45:26,023 [10] DEBUG DEBUGLogger [(null)] - Write data: "0, 0, 0, 0, 0, 0, 0, 0, 0, 0, 0, 0, 0, 0, 0, 0, 0, 0, 0, 0, 0, 0, 0, 0, 0, 0, SUM(C147:AB147)" to day 01/03/2013, stock type STOCK
2013-03-27 01:45:26,023 [10] DEBUG DEBUGLogger [(null)] - Write data: "0, 0, 0, 0, 0, 0, 0, 0, 0, 0, 0, 0, 0, 0, 0, 0, 0, 0, 0, 0, 0, 0, 0, 0, 0, 0, SUM(C147:AB147)" to day 01/03/2013, stock type STOCK
2013-03-27 01:45:26,023 [10] DEBUG DEBUGLogger [(null)] - Write data: "0, 0, 0, 0, 0, 0, 0, 0, 0, 0, 0, 0, 0, 0, 0, 0, 0, 0, 0, 0, 0, 0, 0, 0, 0, SUM(C147:AA147)" to day 01/03/2013, stock type STOCK
2013-04-03 20:19:24,788 [1] DEBUG DEBUGLogger [(null)] - Copy data from 31/03/2013
2013-04-03 20:19:26,381 [1] DEBUG DEBUGLogger [(null)] - Write data: "25, 30, 35, 40, 0, 0, 0, 0, 0, 0, 0, 0, 0, 0, 0, 0, 0, 0, 0, 0, 0, 0, 0, 0, SUM(C286:Z286)" to day 03/04/2013, stock type STOCKTQ
2013-04-03 20:19:26,390 [1] DEBUG DEBUGLogger [(null)] - Write data: "5, 10, 15, 20, 0, 0, 0, 0, 0, 0, 0, 0, 0, 0, 0, 0, 0, 0, 0, 0, 0, 0, 0, 0, SUM(C285:Z285), , " to day 03/04/2013, stock type STOCKVN
2013-04-03 20:19:26,397 [1] DEBUG DEBUGLogger [(null)] - Write data: "0, 0, 0, 0, 0, 0, 0, 0, 0, 0, 0, 0, 0, 0, 0, 0, 0, 0, 0, 0, 0, 0, 0, 0, SUM(C286:Z286)" to day 03/04/2013, stock type STOCKTQ
2013-04-03 20:19:26,401 [1] DEBUG DEBUGLogger [(null)] - Write data: "0, 0, 0, 0, 0, 0, 0, 0, 0, 0, 0, 0, 0, 0, 0, 0, 0, 0, 0, 0, 0, 0, 0, 0, SUM(C285:Z285), , " to day 03/04/2013, stock type STOCKVN
2013-04-03 20:19:26,416 [1] DEBUG DEBUGLogger [(null)] - Write data: "0, 0, 0, 0, 0, 0, 0, 0, 0, 0, 0, 0, 0, 0, 0, 0, 0, 0, 0, 0, 0, 0, 0, 0, SUM(C286:Z286)" to day 03/04/2013, stock type STOCKTQ
2013-04-03 20:19:26,418 [1] DEBUG DEBUGLogger [(null)] - Write data: "0, 0, 0, 0, 0, 0, 0, 0, 0, 0, 0, 0, 0, 0, 0, 0, 0, 0, 0, 0, 0, 0, 0, 0, SUM(C285:Z285), , " to day 03/04/2013, stock type STOCKVN
2013-04-03 20:20:23,661 [10] DEBUG DEBUGLogger [(null)] - Copy data from 31/03/2013
2013-04-03 20:20:24,883 [10] DEBUG DEBUGLogger [(null)] - Write data: "25, 30, 35, 40, 0, 0, 0, 0, 0, 0, 0, 0, 0, 0, 0, 0, 0, 0, 0, 0, 0, 0, 0, 0, SUM(C286:Z286)" to day 03/04/2013, stock type STOCKTQ
2013-04-03 20:20:24,891 [10] DEBUG DEBUGLogger [(null)] - Write data: "5, 10, 15, 20, 0, 0, 0, 0, 0, 0, 0, 0, 0, 0, 0, 0, 0, 0, 0, 0, 0, 0, 0, 0, SUM(C285:Z285), , " to day 03/04/2013, stock type STOCKVN
2013-04-03 20:20:24,898 [10] DEBUG DEBUGLogger [(null)] - Write data: "0, 0, 0, 0, 0, 0, 0, 0, 0, 0, 0, 0, 0, 0, 0, 0, 0, 0, 0, 0, 0, 0, 0, 0, SUM(C286:Z286)" to day 03/04/2013, stock type STOCKTQ
2013-04-03 20:20:24,902 [10] DEBUG DEBUGLogger [(null)] - Write data: "0, 0, 0, 0, 0, 0, 0, 0, 0, 0, 0, 0, 0, 0, 0, 0, 0, 0, 0, 0, 0, 0, 0, 0, SUM(C285:Z285), , " to day 03/04/2013, stock type STOCKVN
2013-04-03 20:20:24,919 [10] DEBUG DEBUGLogger [(null)] - Write data: "0, 0, 0, 0, 0, 0, 0, 0, 0, 0, 0, 0, 0, 0, 0, 0, 0, 0, 0, 0, 0, 0, 0, 0, SUM(C286:Z286)" to day 03/04/2013, stock type STOCKTQ
2013-04-03 20:20:24,922 [10] DEBUG DEBUGLogger [(null)] - Write data: "0, 0, 0, 0, 0, 0, 0, 0, 0, 0, 0, 0, 0, 0, 0, 0, 0, 0, 0, 0, 0, 0, 0, 0, SUM(C285:Z285), , " to day 03/04/2013, stock type STOCKVN
2013-04-03 20:22:30,813 [1] DEBUG DEBUGLogger [(null)] - Copy data from 31/03/2013
2013-04-03 20:22:31,368 [1] DEBUG DEBUGLogger [(null)] - Has redudant date: 3/31/2013 12:00:00 AM
2013-04-03 20:22:31,420 [1] DEBUG DEBUGLogger [(null)] - Has redudant date: 3/31/2013 12:00:00 AM
2013-04-03 20:22:31,424 [1] DEBUG DEBUGLogger [(null)] - Has redudant date: 3/31/2013 12:00:00 AM
2013-04-03 20:22:31,429 [1] DEBUG DEBUGLogger [(null)] - Has redudant date: 3/31/2013 12:00:00 AM
2013-04-03 20:22:31,433 [1] DEBUG DEBUGLogger [(null)] - Has redudant date: 3/31/2013 12:00:00 AM
2013-04-03 20:22:31,438 [1] DEBUG DEBUGLogger [(null)] - Has redudant date: 3/31/2013 12:00:00 AM
2013-04-03 20:22:31,865 [1] DEBUG DEBUGLogger [(null)] - Write data: "25, 30, 35, 40, 0, 0, 0, 0, 0, 0, 0, 0, 0, 0, 0, 0, 0, 0, 0, 0, 0, 0, 0, 0, SUM(C286:Z286)" to day 03/04/2013, stock type STOCKTQ
2013-04-03 20:22:31,874 [1] DEBUG DEBUGLogger [(null)] - Write data: "5, 10, 15, 20, 0, 0, 0, 0, 0, 0, 0, 0, 0, 0, 0, 0, 0, 0, 0, 0, 0, 0, 0, 0, SUM(C285:Z285), , " to day 03/04/2013, stock type STOCKVN
2013-04-03 20:22:31,882 [1] DEBUG DEBUGLogger [(null)] - Write data: "0, 0, 0, 0, 0, 0, 0, 0, 0, 0, 0, 0, 0, 0, 0, 0, 0, 0, 0, 0, 0, 0, 0, 0, SUM(C286:Z286)" to day 03/04/2013, stock type STOCKTQ
2013-04-03 20:22:31,931 [1] DEBUG DEBUGLogger [(null)] - Write data: "0, 0, 0, 0, 0, 0, 0, 0, 0, 0, 0, 0, 0, 0, 0, 0, 0, 0, 0, 0, 0, 0, 0, 0, SUM(C285:Z285), , " to day 03/04/2013, stock type STOCKVN
2013-04-03 20:22:31,945 [1] DEBUG DEBUGLogger [(null)] - Write data: "0, 0, 0, 0, 0, 0, 0, 0, 0, 0, 0, 0, 0, 0, 0, 0, 0, 0, 0, 0, 0, 0, 0, 0, SUM(C286:Z286)" to day 03/04/2013, stock type STOCKTQ
2013-04-03 20:22:31,948 [1] DEBUG DEBUGLogger [(null)] - Write data: "0, 0, 0, 0, 0, 0, 0, 0, 0, 0, 0, 0, 0, 0, 0, 0, 0, 0, 0, 0, 0, 0, 0, 0, SUM(C285:Z285), , " to day 03/04/2013, stock type STOCKVN
2013-04-03 20:28:17,679 [1] DEBUG DEBUGLogger [(null)] - Copy data from 31/03/2013
2013-04-03 20:28:18,244 [1] DEBUG DEBUGLogger [(null)] - Has redudant date: 3/30/2013 12:00:00 AM
2013-04-03 20:28:18,257 [1] DEBUG DEBUGLogger [(null)] - Has redudant date: 3/30/2013 12:00:00 AM
2013-04-03 20:28:18,261 [1] DEBUG DEBUGLogger [(null)] - Has redudant date: 3/30/2013 12:00:00 AM
2013-04-03 20:28:18,265 [1] DEBUG DEBUGLogger [(null)] - Has redudant date: 3/30/2013 12:00:00 AM
2013-04-03 20:28:18,269 [1] DEBUG DEBUGLogger [(null)] - Has redudant date: 3/30/2013 12:00:00 AM
2013-04-03 20:28:18,274 [1] DEBUG DEBUGLogger [(null)] - Has redudant date: 3/30/2013 12:00:00 AM
2013-04-03 20:28:18,675 [1] DEBUG DEBUGLogger [(null)] - Write data: "25, 30, 35, 40, 0, 0, 0, 0, 0, 0, 0, 0, 0, 0, 0, 0, 0, 0, 0, 0, 0, 0, 0, 0, SUM(C286:Z286)" to day 03/04/2013, stock type STOCKTQ
2013-04-03 20:28:18,684 [1] DEBUG DEBUGLogger [(null)] - Write data: "5, 10, 15, 20, 0, 0, 0, 0, 0, 0, 0, 0, 0, 0, 0, 0, 0, 0, 0, 0, 0, 0, 0, 0, SUM(C285:Z285), , " to day 03/04/2013, stock type STOCKVN
2013-04-03 20:28:18,691 [1] DEBUG DEBUGLogger [(null)] - Write data: "0, 0, 0, 0, 0, 0, 0, 0, 0, 0, 0, 0, 0, 0, 0, 0, 0, 0, 0, 0, 0, 0, 0, 0, SUM(C286:Z286)" to day 03/04/2013, stock type STOCKTQ
2013-04-03 20:28:18,694 [1] DEBUG DEBUGLogger [(null)] - Write data: "0, 0, 0, 0, 0, 0, 0, 0, 0, 0, 0, 0, 0, 0, 0, 0, 0, 0, 0, 0, 0, 0, 0, 0, SUM(C285:Z285), , " to day 03/04/2013, stock type STOCKVN
2013-04-03 20:28:18,752 [1] DEBUG DEBUGLogger [(null)] - Write data: "0, 0, 0, 0, 0, 0, 0, 0, 0, 0, 0, 0, 0, 0, 0, 0, 0, 0, 0, 0, 0, 0, 0, 0, SUM(C286:Z286)" to day 03/04/2013, stock type STOCKTQ
2013-04-03 20:28:18,754 [1] DEBUG DEBUGLogger [(null)] - Write data: "0, 0, 0, 0, 0, 0, 0, 0, 0, 0, 0, 0, 0, 0, 0, 0, 0, 0, 0, 0, 0, 0, 0, 0, SUM(C285:Z285), , " to day 03/04/2013, stock type STOCKVN
2013-04-03 20:29:44,022 [10] DEBUG DEBUGLogger [(null)] - Copy data from 31/03/2013
2013-04-03 20:30:34,048 [10] DEBUG DEBUGLogger [(null)] - Has redudant date: 3/30/2013 12:00:00 AM
2013-04-03 20:32:43,282 [9] DEBUG DEBUGLogger [(null)] - Copy data from 31/03/2013
2013-04-03 20:32:46,343 [9] DEBUG DEBUGLogger [(null)] - Has redudant date: 3/30/2013 12:00:00 AM
2013-04-03 20:33:07,004 [9] DEBUG DEBUGLogger [(null)] - Has redudant date: 3/30/2013 12:00:00 AM
2013-04-03 20:40:32,466 [1] DEBUG DEBUGLogger [(null)] - Copy data from 31/03/2013
2013-04-03 20:40:33,018 [1] DEBUG DEBUGLogger [(null)] - Has redudant date: 3/30/2013 12:00:00 AM
2013-04-03 20:40:33,025 [1] DEBUG DEBUGLogger [(null)] - Find redudant region start from row 277
2013-04-03 20:40:33,060 [1] DEBUG DEBUGLogger [(null)] - Has redudant date: 3/30/2013 12:00:00 AM
2013-04-03 20:40:33,060 [1] DEBUG DEBUGLogger [(null)] - Find redudant region start from row 277
2013-04-03 20:40:33,066 [1] DEBUG DEBUGLogger [(null)] - Has redudant date: 3/30/2013 12:00:00 AM
2013-04-03 20:40:33,069 [1] DEBUG DEBUGLogger [(null)] - Find redudant region start from row 277
2013-04-03 20:40:33,072 [1] DEBUG DEBUGLogger [(null)] - Has redudant date: 3/30/2013 12:00:00 AM
2013-04-03 20:40:33,075 [1] DEBUG DEBUGLogger [(null)] - Find redudant region start from row 277
2013-04-03 20:40:33,108 [1] DEBUG DEBUGLogger [(null)] - Has redudant date: 3/30/2013 12:00:00 AM
2013-04-03 20:40:33,111 [1] DEBUG DEBUGLogger [(null)] - Find redudant region start from row 277
2013-04-03 20:40:33,115 [1] DEBUG DEBUGLogger [(null)] - Has redudant date: 3/30/2013 12:00:00 AM
2013-04-03 20:40:33,118 [1] DEBUG DEBUGLogger [(null)] - Find redudant region start from row 277
2013-04-03 20:40:33,478 [1] DEBUG DEBUGLogger [(null)] - Write data: "25, 30, 35, 40, 0, 0, 0, 0, 0, 0, 0, 0, 0, 0, 0, 0, 0, 0, 0, 0, 0, 0, 0, 0, SUM(C286:Z286)" to day 03/04/2013, stock type STOCKTQ
2013-04-03 20:40:33,487 [1] DEBUG DEBUGLogger [(null)] - Write data: "5, 10, 15, 20, 0, 0, 0, 0, 0, 0, 0, 0, 0, 0, 0, 0, 0, 0, 0, 0, 0, 0, 0, 0, SUM(C285:Z285), , " to day 03/04/2013, stock type STOCKVN
2013-04-03 20:40:33,491 [1] DEBUG DEBUGLogger [(null)] - Write data: "0, 0, 0, 0, 0, 0, 0, 0, 0, 0, 0, 0, 0, 0, 0, 0, 0, 0, 0, 0, 0, 0, 0, 0, SUM(C286:Z286)" to day 03/04/2013, stock type STOCKTQ
2013-04-03 20:40:33,495 [1] DEBUG DEBUGLogger [(null)] - Write data: "0, 0, 0, 0, 0, 0, 0, 0, 0, 0, 0, 0, 0, 0, 0, 0, 0, 0, 0, 0, 0, 0, 0, 0, SUM(C285:Z285), , " to day 03/04/2013, stock type STOCKVN
2013-04-03 20:40:33,553 [1] DEBUG DEBUGLogger [(null)] - Write data: "0, 0, 0, 0, 0, 0, 0, 0, 0, 0, 0, 0, 0, 0, 0, 0, 0, 0, 0, 0, 0, 0, 0, 0, SUM(C286:Z286)" to day 03/04/2013, stock type STOCKTQ
2013-04-03 20:40:33,555 [1] DEBUG DEBUGLogger [(null)] - Write data: "0, 0, 0, 0, 0, 0, 0, 0, 0, 0, 0, 0, 0, 0, 0, 0, 0, 0, 0, 0, 0, 0, 0, 0, SUM(C285:Z285), , " to day 03/04/2013, stock type STOCKVN
2013-04-19 05:37:05,485 [1] DEBUG DEBUGLogger [(null)] - Copy data from 28/02/2013
2013-04-19 05:37:07,888 [1] DEBUG DEBUGLogger [(null)] - Write data: "5, 10, 15, 20, 25, 0, 0, 0, 0, 0, 0, 0, 0, 0, 0, 0, 0, 0, 0, 0, 0, 0, 0, 0, SUM(C259:Z259)" to day 01/03/2013, stock type STOCKTQ
2013-04-19 05:37:07,903 [1] DEBUG DEBUGLogger [(null)] - Write data: "0, 0, 0, 0, 0, 0, 0, 0, 0, 0, 0, 0, 0, 0, 0, 0, 0, 0, 0, 0, 0, 0, 0, 0, SUM(C258:Z258), , " to day 01/03/2013, stock type STOCKVN
2013-04-19 05:37:07,903 [1] DEBUG DEBUGLogger [(null)] - Write data: "0, 0, 0, 0, 0, 0, 0, 0, 0, 0, 0, 0, 0, 0, 0, 0, 0, 0, 0, 0, 0, 0, 0, 0, SUM(C259:Z259)" to day 01/03/2013, stock type STOCKTQ
2013-04-19 05:37:07,903 [1] DEBUG DEBUGLogger [(null)] - Write data: "20, 15, 101, 5, 0, 0, 0, 0, 0, 0, 0, 0, 0, 0, 0, 0, 0, 0, 0, 0, 0, 0, 0, 0, SUM(C258:Z258), , " to day 01/03/2013, stock type STOCKVN
2013-04-19 05:37:07,919 [1] DEBUG DEBUGLogger [(null)] - Write data: "0, 0, 0, 0, 0, 0, 0, 0, 0, 0, 0, 0, 0, 0, 0, 0, 0, 0, 0, 0, 0, SUM(C119:W119)" to day 01/03/2013, stock type STOCK
2013-04-19 05:37:07,919 [1] DEBUG DEBUGLogger [(null)] - Write data: "0, 0, 0, 0, 0, 0, 0, 0, 0, 0, 0, 0, 0, 0, 0, 0, 0, 0, 0, 0, 0, 0, 0, 0, SUM(C119:Z119)" to day 01/03/2013, stock type STOCK
2013-04-19 05:37:07,934 [1] DEBUG DEBUGLogger [(null)] - Write data: "0, 0, 0, 0, 0, 0, 0, 0, 0, 0, 0, 0, 0, 0, 0, 0, 0, 0, 0, 0, 0, 0, 0, 0, SUM(C119:Z119)" to day 01/03/2013, stock type STOCK
2013-04-19 05:37:07,934 [1] DEBUG DEBUGLogger [(null)] - Write data: "0, 0, 0, 0, 0, 0, 0, 0, 0, 0, 0, 0, 0, 0, 0, 0, 0, 0, 0, 0, 0, 0, 0, 0, SUM(C259:Z259)" to day 01/03/2013, stock type STOCKTQ
2013-04-19 05:37:07,934 [1] DEBUG DEBUGLogger [(null)] - Write data: "0, 0, 0, 0, 0, 0, 0, 0, 0, 0, 0, 0, 0, 0, 0, 0, 0, 0, 0, 0, 0, 0, 0, 0, SUM(C258:Z258), , " to day 01/03/2013, stock type STOCKVN
2013-04-19 05:47:27,592 [1] DEBUG DEBUGLogger [(null)] - Copy data from 28/02/2013
2013-04-19 05:47:27,638 [1] DEBUG DEBUGLogger [(null)] - Different month
2013-04-19 05:47:30,010 [1] DEBUG DEBUGLogger [(null)] - Write data: "5, 10, 15, 20, 25, 0, 0, 0, 0, 0, 0, 0, 0, 0, 0, 0, 0, 0, 0, 0, 0, 0, 0, 0, SUM(C259:Z259)" to day 01/03/2013, stock type STOCKTQ
2013-04-19 05:47:30,025 [1] DEBUG DEBUGLogger [(null)] - Write data: "0, 0, 0, 0, 0, 0, 0, 0, 0, 0, 0, 0, 0, 0, 0, 0, 0, 0, 0, 0, 0, 0, 0, 0, SUM(C258:Z258), , " to day 01/03/2013, stock type STOCKVN
2013-04-19 05:47:30,025 [1] DEBUG DEBUGLogger [(null)] - Write data: "0, 0, 0, 0, 0, 0, 0, 0, 0, 0, 0, 0, 0, 0, 0, 0, 0, 0, 0, 0, 0, 0, 0, 0, SUM(C259:Z259)" to day 01/03/2013, stock type STOCKTQ
2013-04-19 05:47:30,041 [1] DEBUG DEBUGLogger [(null)] - Write data: "20, 15, 101, 5, 0, 0, 0, 0, 0, 0, 0, 0, 0, 0, 0, 0, 0, 0, 0, 0, 0, 0, 0, 0, SUM(C258:Z258), , " to day 01/03/2013, stock type STOCKVN
2013-04-19 05:47:30,041 [1] DEBUG DEBUGLogger [(null)] - Write data: "0, 0, 0, 0, 0, 0, 0, 0, 0, 0, 0, 0, 0, 0, 0, 0, 0, 0, 0, 0, 0, SUM(C119:W119)" to day 01/03/2013, stock type STOCK
2013-04-19 05:47:30,056 [1] DEBUG DEBUGLogger [(null)] - Write data: "0, 0, 0, 0, 0, 0, 0, 0, 0, 0, 0, 0, 0, 0, 0, 0, 0, 0, 0, 0, 0, 0, 0, 0, SUM(C119:Z119)" to day 01/03/2013, stock type STOCK
2013-04-19 05:47:30,056 [1] DEBUG DEBUGLogger [(null)] - Write data: "0, 0, 0, 0, 0, 0, 0, 0, 0, 0, 0, 0, 0, 0, 0, 0, 0, 0, 0, 0, 0, 0, 0, 0, SUM(C119:Z119)" to day 01/03/2013, stock type STOCK
2013-04-19 05:47:30,072 [1] DEBUG DEBUGLogger [(null)] - Write data: "0, 0, 0, 0, 0, 0, 0, 0, 0, 0, 0, 0, 0, 0, 0, 0, 0, 0, 0, 0, 0, 0, 0, 0, SUM(C259:Z259)" to day 01/03/2013, stock type STOCKTQ
2013-04-19 05:47:30,072 [1] DEBUG DEBUGLogger [(null)] - Write data: "0, 0, 0, 0, 0, 0, 0, 0, 0, 0, 0, 0, 0, 0, 0, 0, 0, 0, 0, 0, 0, 0, 0, 0, SUM(C258:Z258), , " to day 01/03/2013, stock type STOCKVN
2013-04-19 05:50:07,738 [9] DEBUG DEBUGLogger [(null)] - Copy data from 28/02/2013
2013-04-19 05:50:21,918 [9] DEBUG DEBUGLogger [(null)] - Different month
2013-04-19 06:02:34,580 [9] DEBUG DEBUGLogger [(null)] - Write data: "5, 10, 15, 20, 25, 0, 0, 0, 0, 0, 0, 0, 0, 0, 0, 0, 0, 0, 0, 0, 0, 0, 0, 0, SUM(C259:Z259)" to day 01/03/2013, stock type STOCKTQ
2013-04-19 06:02:34,595 [9] DEBUG DEBUGLogger [(null)] - Write data: "0, 0, 0, 0, 0, 0, 0, 0, 0, 0, 0, 0, 0, 0, 0, 0, 0, 0, 0, 0, 0, 0, 0, 0, SUM(C258:Z258), , " to day 01/03/2013, stock type STOCKVN
2013-04-19 06:02:34,595 [9] DEBUG DEBUGLogger [(null)] - Write data: "0, 0, 0, 0, 0, 0, 0, 0, 0, 0, 0, 0, 0, 0, 0, 0, 0, 0, 0, 0, 0, 0, 0, 0, SUM(C259:Z259)" to day 01/03/2013, stock type STOCKTQ
2013-04-19 06:02:34,611 [9] DEBUG DEBUGLogger [(null)] - Write data: "20, 15, 101, 5, 0, 0, 0, 0, 0, 0, 0, 0, 0, 0, 0, 0, 0, 0, 0, 0, 0, 0, 0, 0, SUM(C258:Z258), , " to day 01/03/2013, stock type STOCKVN
2013-04-19 06:02:34,611 [9] DEBUG DEBUGLogger [(null)] - Write data: "0, 0, 0, 0, 0, 0, 0, 0, 0, 0, 0, 0, 0, 0, 0, 0, 0, 0, 0, 0, 0, SUM(C119:W119)" to day 01/03/2013, stock type STOCK
2013-04-19 06:02:34,626 [9] DEBUG DEBUGLogger [(null)] - Write data: "0, 0, 0, 0, 0, 0, 0, 0, 0, 0, 0, 0, 0, 0, 0, 0, 0, 0, 0, 0, 0, 0, 0, 0, SUM(C119:Z119)" to day 01/03/2013, stock type STOCK
2013-04-19 06:02:34,626 [9] DEBUG DEBUGLogger [(null)] - Write data: "0, 0, 0, 0, 0, 0, 0, 0, 0, 0, 0, 0, 0, 0, 0, 0, 0, 0, 0, 0, 0, 0, 0, 0, SUM(C119:Z119)" to day 01/03/2013, stock type STOCK
2013-04-19 06:02:34,642 [9] DEBUG DEBUGLogger [(null)] - Write data: "0, 0, 0, 0, 0, 0, 0, 0, 0, 0, 0, 0, 0, 0, 0, 0, 0, 0, 0, 0, 0, 0, 0, 0, SUM(C259:Z259)" to day 01/03/2013, stock type STOCKTQ
2013-04-19 06:02:34,642 [9] DEBUG DEBUGLogger [(null)] - Write data: "0, 0, 0, 0, 0, 0, 0, 0, 0, 0, 0, 0, 0, 0, 0, 0, 0, 0, 0, 0, 0, 0, 0, 0, SUM(C258:Z258), , " to day 01/03/2013, stock type STOCKVN
2013-04-22 06:51:56,468 [1] DEBUG DEBUGLogger [(null)] - Copy data from 28/02/2013
2013-04-22 06:51:56,530 [1] DEBUG DEBUGLogger [(null)] - Different month
2013-04-22 06:51:57,014 [1] DEBUG DEBUGLogger [(null)] - Copy from workbook NPOI.HSSF.UserModel.HSSFWorkbook to new file .\Temp_New.xls, 2/28/2013 6:51:32 AM to 3/1/2013 6:51:32 AM
2013-04-22 06:51:58,714 [1] DEBUG DEBUGLogger [(null)] - Write data: "5, 10, 15, 20, 25, 0, 0, 0, 0, 0, 0, 0, 0, 0, 0, 0, 0, 0, 0, 0, 0, 0, 0, 0, SUM(C259:Z259)" to day 01/03/2013, stock type STOCKTQ
2013-04-22 06:51:58,730 [1] DEBUG DEBUGLogger [(null)] - Write data: "0, 0, 0, 0, 0, 0, 0, 0, 0, 0, 0, 0, 0, 0, 0, 0, 0, 0, 0, 0, 0, 0, 0, 0, SUM(C258:Z258), , " to day 01/03/2013, stock type STOCKVN
2013-04-22 06:51:58,730 [1] DEBUG DEBUGLogger [(null)] - Write data: "0, 0, 0, 0, 0, 0, 0, 0, 0, 0, 0, 0, 0, 0, 0, 0, 0, 0, 0, 0, 0, 0, 0, 0, SUM(C259:Z259)" to day 01/03/2013, stock type STOCKTQ
2013-04-22 06:51:58,730 [1] DEBUG DEBUGLogger [(null)] - Write data: "20, 15, 101, 5, 0, 0, 0, 0, 0, 0, 0, 0, 0, 0, 0, 0, 0, 0, 0, 0, 0, 0, 0, 0, SUM(C258:Z258), , " to day 01/03/2013, stock type STOCKVN
2013-04-22 06:51:58,746 [1] DEBUG DEBUGLogger [(null)] - Write data: "0, 0, 0, 0, 0, 0, 0, 0, 0, 0, 0, 0, 0, 0, 0, 0, 0, 0, 0, 0, 0, SUM(C119:W119)" to day 01/03/2013, stock type STOCK
2013-04-22 06:51:58,746 [1] DEBUG DEBUGLogger [(null)] - Write data: "0, 0, 0, 0, 0, 0, 0, 0, 0, 0, 0, 0, 0, 0, 0, 0, 0, 0, 0, 0, 0, 0, 0, 0, SUM(C119:Z119)" to day 01/03/2013, stock type STOCK
2013-04-22 06:51:58,761 [1] DEBUG DEBUGLogger [(null)] - Write data: "0, 0, 0, 0, 0, 0, 0, 0, 0, 0, 0, 0, 0, 0, 0, 0, 0, 0, 0, 0, 0, 0, 0, 0, SUM(C119:Z119)" to day 01/03/2013, stock type STOCK
2013-04-22 06:51:58,761 [1] DEBUG DEBUGLogger [(null)] - Write data: "0, 0, 0, 0, 0, 0, 0, 0, 0, 0, 0, 0, 0, 0, 0, 0, 0, 0, 0, 0, 0, 0, 0, 0, SUM(C259:Z259)" to day 01/03/2013, stock type STOCKTQ
2013-04-22 06:51:58,777 [1] DEBUG DEBUGLogger [(null)] - Write data: "0, 0, 0, 0, 0, 0, 0, 0, 0, 0, 0, 0, 0, 0, 0, 0, 0, 0, 0, 0, 0, 0, 0, 0, SUM(C258:Z258), , " to day 01/03/2013, stock type STOCKVN
2013-04-22 07:02:15,793 [1] DEBUG DEBUGLogger [(null)] - Copy data from 28/02/2013
2013-04-22 07:02:16,277 [1] DEBUG DEBUGLogger [(null)] - Copy from workbook to new file .\Temp_New.xls, 2/28/2013 7:01:42 AM to 3/1/2013 7:01:42 AM
2013-04-22 07:02:16,589 [1] DEBUG DEBUGLogger [(null)] - Has redudant date from 2/28/2013 12:00:00 AM
2013-04-22 07:02:16,605 [1] DEBUG DEBUGLogger [(null)] - Find redudant region start from row 259
2013-04-22 07:02:16,605 [1] DEBUG DEBUGLogger [(null)] - Remove redudant rows
2013-04-22 07:02:16,605 [1] DEBUG DEBUGLogger [(null)] - Remove all rows from 259
2013-04-22 07:02:16,605 [1] DEBUG DEBUGLogger [(null)] - Has redudant date from 2/28/2013 12:00:00 AM
2013-04-22 07:02:16,605 [1] DEBUG DEBUGLogger [(null)] - Find redudant region start from row 259
2013-04-22 07:02:16,605 [1] DEBUG DEBUGLogger [(null)] - Remove redudant rows
2013-04-22 07:02:16,605 [1] DEBUG DEBUGLogger [(null)] - Remove all redudant merged regions: 1, 2, 3
2013-04-22 07:02:16,605 [1] DEBUG DEBUGLogger [(null)] - Remove all rows from 259
2013-04-22 07:02:16,714 [1] DEBUG DEBUGLogger [(null)] - Has redudant date from 2/28/2013 12:00:00 AM
2013-04-22 07:02:16,729 [1] DEBUG DEBUGLogger [(null)] - Find redudant region start from row 119
2013-04-22 07:02:16,729 [1] DEBUG DEBUGLogger [(null)] - Remove redudant rows
2013-04-22 07:02:16,729 [1] DEBUG DEBUGLogger [(null)] - Remove all redudant merged regions: 18, 25, 29, 34
2013-04-22 07:02:16,729 [1] DEBUG DEBUGLogger [(null)] - Remove all rows from 119
2013-04-22 07:02:16,729 [1] DEBUG DEBUGLogger [(null)] - Has redudant date from 2/28/2013 12:00:00 AM
2013-04-22 07:02:16,729 [1] DEBUG DEBUGLogger [(null)] - Find redudant region start from row 119
2013-04-22 07:02:16,745 [1] DEBUG DEBUGLogger [(null)] - Remove redudant rows
2013-04-22 07:02:16,745 [1] DEBUG DEBUGLogger [(null)] - Remove all redudant merged regions: 18, 25, 29, 34
2013-04-22 07:02:16,745 [1] DEBUG DEBUGLogger [(null)] - Remove all rows from 119
2013-04-22 07:02:16,745 [1] DEBUG DEBUGLogger [(null)] - Has redudant date from 2/28/2013 12:00:00 AM
2013-04-22 07:02:16,745 [1] DEBUG DEBUGLogger [(null)] - Find redudant region start from row 119
2013-04-22 07:02:16,745 [1] DEBUG DEBUGLogger [(null)] - Remove redudant rows
2013-04-22 07:02:16,745 [1] DEBUG DEBUGLogger [(null)] - Remove all redudant merged regions: 26, 27, 28, 29
2013-04-22 07:02:16,745 [1] DEBUG DEBUGLogger [(null)] - Remove all rows from 119
2013-04-22 07:02:16,776 [1] DEBUG DEBUGLogger [(null)] - Has redudant date from 2/28/2013 12:00:00 AM
2013-04-22 07:02:16,792 [1] DEBUG DEBUGLogger [(null)] - Find redudant region start from row 259
2013-04-22 07:02:16,792 [1] DEBUG DEBUGLogger [(null)] - Remove redudant rows
2013-04-22 07:02:16,792 [1] DEBUG DEBUGLogger [(null)] - Remove all redudant merged regions: 25, 26, 27
2013-04-22 07:02:16,792 [1] DEBUG DEBUGLogger [(null)] - Remove all rows from 259
2013-04-22 07:08:42,020 [1] DEBUG DEBUGLogger [(null)] - Copy data from 28/02/2013
2013-04-22 07:08:42,504 [1] DEBUG DEBUGLogger [(null)] - Copy from workbook to new file .\Temp_New.xls, 2/28/2013 7:08:26 AM to 3/1/2013 7:08:26 AM
2013-04-22 07:08:42,832 [1] DEBUG DEBUGLogger [(null)] - Has redudant date from 2/28/2013 12:00:00 AM
2013-04-22 07:08:42,847 [1] DEBUG DEBUGLogger [(null)] - Find redudant region start from row 259
2013-04-22 07:08:42,847 [1] DEBUG DEBUGLogger [(null)] - Remove redudant rows
2013-04-22 07:08:42,847 [1] DEBUG DEBUGLogger [(null)] - Remove all rows from 259
2013-04-22 07:08:42,847 [1] DEBUG DEBUGLogger [(null)] - Has redudant date from 2/28/2013 12:00:00 AM
2013-04-22 07:08:42,847 [1] DEBUG DEBUGLogger [(null)] - Find redudant region start from row 259
2013-04-22 07:08:42,847 [1] DEBUG DEBUGLogger [(null)] - Remove redudant rows
2013-04-22 07:08:42,847 [1] DEBUG DEBUGLogger [(null)] - Remove all redudant merged regions: 1, 2, 3
2013-04-22 07:08:42,847 [1] DEBUG DEBUGLogger [(null)] - Remove all rows from 259
2013-04-22 07:08:42,956 [1] DEBUG DEBUGLogger [(null)] - Has redudant date from 2/28/2013 12:00:00 AM
2013-04-22 07:08:42,972 [1] DEBUG DEBUGLogger [(null)] - Find redudant region start from row 119
2013-04-22 07:08:42,972 [1] DEBUG DEBUGLogger [(null)] - Remove redudant rows
2013-04-22 07:08:42,972 [1] DEBUG DEBUGLogger [(null)] - Remove all redudant merged regions: 18, 25, 29, 34
2013-04-22 07:08:42,972 [1] DEBUG DEBUGLogger [(null)] - Remove all rows from 119
2013-04-22 07:08:42,972 [1] DEBUG DEBUGLogger [(null)] - Has redudant date from 2/28/2013 12:00:00 AM
2013-04-22 07:08:42,972 [1] DEBUG DEBUGLogger [(null)] - Find redudant region start from row 119
2013-04-22 07:08:42,972 [1] DEBUG DEBUGLogger [(null)] - Remove redudant rows
2013-04-22 07:08:42,972 [1] DEBUG DEBUGLogger [(null)] - Remove all redudant merged regions: 18, 25, 29, 34
2013-04-22 07:08:42,972 [1] DEBUG DEBUGLogger [(null)] - Remove all rows from 119
2013-04-22 07:08:42,988 [1] DEBUG DEBUGLogger [(null)] - Has redudant date from 2/28/2013 12:00:00 AM
2013-04-22 07:08:42,988 [1] DEBUG DEBUGLogger [(null)] - Find redudant region start from row 119
2013-04-22 07:08:42,988 [1] DEBUG DEBUGLogger [(null)] - Remove redudant rows
2013-04-22 07:08:42,988 [1] DEBUG DEBUGLogger [(null)] - Remove all redudant merged regions: 26, 27, 28, 29
2013-04-22 07:08:42,988 [1] DEBUG DEBUGLogger [(null)] - Remove all rows from 119
2013-04-22 07:08:43,019 [1] DEBUG DEBUGLogger [(null)] - Has redudant date from 2/28/2013 12:00:00 AM
2013-04-22 07:08:43,019 [1] DEBUG DEBUGLogger [(null)] - Find redudant region start from row 259
2013-04-22 07:08:43,019 [1] DEBUG DEBUGLogger [(null)] - Remove redudant rows
2013-04-22 07:08:43,019 [1] DEBUG DEBUGLogger [(null)] - Remove all redudant merged regions: 25, 26, 27
2013-04-22 07:08:43,019 [1] DEBUG DEBUGLogger [(null)] - Remove all rows from 259
2013-04-22 07:11:42,313 [10] DEBUG DEBUGLogger [(null)] - Copy data from 28/02/2013
2013-04-22 07:11:47,416 [10] DEBUG DEBUGLogger [(null)] - Copy from workbook to new file .\Temp_New.xls, 2/28/2013 7:10:31 AM to 3/1/2013 7:10:31 AM
2013-04-22 07:11:47,822 [10] DEBUG DEBUGLogger [(null)] - Has redudant date from 2/28/2013 12:00:00 AM
2013-04-22 07:11:47,822 [10] DEBUG DEBUGLogger [(null)] - Find redudant region start from row 259
2013-04-22 07:11:47,822 [10] DEBUG DEBUGLogger [(null)] - Remove redudant rows
2013-04-22 07:11:47,822 [10] DEBUG DEBUGLogger [(null)] - Remove all rows from 259
2013-04-22 07:11:47,837 [10] DEBUG DEBUGLogger [(null)] - Has redudant date from 2/28/2013 12:00:00 AM
2013-04-22 07:11:47,837 [10] DEBUG DEBUGLogger [(null)] - Find redudant region start from row 259
2013-04-22 07:11:47,837 [10] DEBUG DEBUGLogger [(null)] - Remove redudant rows
2013-04-22 07:11:47,837 [10] DEBUG DEBUGLogger [(null)] - Remove all redudant merged regions: 1, 2, 3
2013-04-22 07:11:47,837 [10] DEBUG DEBUGLogger [(null)] - Remove all rows from 259
2013-04-22 07:11:47,978 [10] DEBUG DEBUGLogger [(null)] - Has redudant date from 2/28/2013 12:00:00 AM
2013-04-22 07:11:47,978 [10] DEBUG DEBUGLogger [(null)] - Find redudant region start from row 119
2013-04-22 07:11:47,978 [10] DEBUG DEBUGLogger [(null)] - Remove redudant rows
2013-04-22 07:11:47,978 [10] DEBUG DEBUGLogger [(null)] - Remove all redudant merged regions: 18, 25, 29, 34
2013-04-22 07:11:47,978 [10] DEBUG DEBUGLogger [(null)] - Remove all rows from 119
2013-04-22 07:11:47,993 [10] DEBUG DEBUGLogger [(null)] - Has redudant date from 2/28/2013 12:00:00 AM
2013-04-22 07:11:47,993 [10] DEBUG DEBUGLogger [(null)] - Find redudant region start from row 119
2013-04-22 07:11:47,993 [10] DEBUG DEBUGLogger [(null)] - Remove redudant rows
2013-04-22 07:11:47,993 [10] DEBUG DEBUGLogger [(null)] - Remove all redudant merged regions: 18, 25, 29, 34
2013-04-22 07:11:47,993 [10] DEBUG DEBUGLogger [(null)] - Remove all rows from 119
2013-04-22 07:11:48,009 [10] DEBUG DEBUGLogger [(null)] - Has redudant date from 2/28/2013 12:00:00 AM
2013-04-22 07:11:48,009 [10] DEBUG DEBUGLogger [(null)] - Find redudant region start from row 119
2013-04-22 07:11:48,009 [10] DEBUG DEBUGLogger [(null)] - Remove redudant rows
2013-04-22 07:11:48,009 [10] DEBUG DEBUGLogger [(null)] - Remove all redudant merged regions: 26, 27, 28, 29
2013-04-22 07:11:48,009 [10] DEBUG DEBUGLogger [(null)] - Remove all rows from 119
2013-04-22 07:11:48,024 [10] DEBUG DEBUGLogger [(null)] - Has redudant date from 2/28/2013 12:00:00 AM
2013-04-22 07:11:48,024 [10] DEBUG DEBUGLogger [(null)] - Find redudant region start from row 259
2013-04-22 07:11:48,024 [10] DEBUG DEBUGLogger [(null)] - Remove redudant rows
2013-04-22 07:11:48,024 [10] DEBUG DEBUGLogger [(null)] - Remove all redudant merged regions: 25, 26, 27
2013-04-22 07:11:48,024 [10] DEBUG DEBUGLogger [(null)] - Remove all rows from 259
2013-04-22 07:16:18,202 [1] DEBUG DEBUGLogger [(null)] - Copy data from 28/02/2013
2013-04-22 07:16:18,686 [1] DEBUG DEBUGLogger [(null)] - Copy from workbook to new file .\Temp_New.xls, 2/28/2013 7:16:02 AM to 3/1/2013 7:16:02 AM
2013-04-22 07:16:19,045 [1] DEBUG DEBUGLogger [(null)] - Has redudant date from 2/28/2013 12:00:00 AM
2013-04-22 07:16:19,060 [1] DEBUG DEBUGLogger [(null)] - Find redudant region start from row 259
2013-04-22 07:16:19,060 [1] DEBUG DEBUGLogger [(null)] - Remove redudant rows
2013-04-22 07:16:19,060 [1] DEBUG DEBUGLogger [(null)] - Remove all rows from 259
2013-04-22 07:16:19,060 [1] DEBUG DEBUGLogger [(null)] - Has redudant date from 2/28/2013 12:00:00 AM
2013-04-22 07:16:19,060 [1] DEBUG DEBUGLogger [(null)] - Find redudant region start from row 259
2013-04-22 07:16:19,060 [1] DEBUG DEBUGLogger [(null)] - Remove redudant rows
2013-04-22 07:16:19,060 [1] DEBUG DEBUGLogger [(null)] - Remove all redudant merged regions: 1, 2, 3
2013-04-22 07:16:19,060 [1] DEBUG DEBUGLogger [(null)] - Remove all rows from 259
2013-04-22 07:16:19,123 [1] DEBUG DEBUGLogger [(null)] - Has redudant date from 2/28/2013 12:00:00 AM
2013-04-22 07:16:19,123 [1] DEBUG DEBUGLogger [(null)] - Find redudant region start from row 119
2013-04-22 07:16:19,123 [1] DEBUG DEBUGLogger [(null)] - Remove redudant rows
2013-04-22 07:16:19,123 [1] DEBUG DEBUGLogger [(null)] - Remove all redudant merged regions: 18, 25, 29, 34
2013-04-22 07:16:19,123 [1] DEBUG DEBUGLogger [(null)] - Remove all rows from 119
2013-04-22 07:16:19,138 [1] DEBUG DEBUGLogger [(null)] - Has redudant date from 2/28/2013 12:00:00 AM
2013-04-22 07:16:19,138 [1] DEBUG DEBUGLogger [(null)] - Find redudant region start from row 119
2013-04-22 07:16:19,138 [1] DEBUG DEBUGLogger [(null)] - Remove redudant rows
2013-04-22 07:16:19,138 [1] DEBUG DEBUGLogger [(null)] - Remove all redudant merged regions: 18, 25, 29, 34
2013-04-22 07:16:19,138 [1] DEBUG DEBUGLogger [(null)] - Remove all rows from 119
2013-04-22 07:16:19,185 [1] DEBUG DEBUGLogger [(null)] - Has redudant date from 2/28/2013 12:00:00 AM
2013-04-22 07:16:19,185 [1] DEBUG DEBUGLogger [(null)] - Find redudant region start from row 119
2013-04-22 07:16:19,185 [1] DEBUG DEBUGLogger [(null)] - Remove redudant rows
2013-04-22 07:16:19,185 [1] DEBUG DEBUGLogger [(null)] - Remove all redudant merged regions: 26, 27, 28, 29
2013-04-22 07:16:19,185 [1] DEBUG DEBUGLogger [(null)] - Remove all rows from 119
2013-04-22 07:16:19,201 [1] DEBUG DEBUGLogger [(null)] - Has redudant date from 2/28/2013 12:00:00 AM
2013-04-22 07:16:19,201 [1] DEBUG DEBUGLogger [(null)] - Find redudant region start from row 259
2013-04-22 07:16:19,201 [1] DEBUG DEBUGLogger [(null)] - Remove redudant rows
2013-04-22 07:16:19,201 [1] DEBUG DEBUGLogger [(null)] - Remove all redudant merged regions: 25, 26, 27
2013-04-22 07:16:19,201 [1] DEBUG DEBUGLogger [(null)] - Remove all rows from 259
