2013-03-26 23:04:47,008 [1] ERROR MAINLogger [(null)] - Exception: 
System.NullReferenceException: Object reference not set to an instance of an object.
   at MicrosoftExcelCopier.ExcelUtils.WriteOpeningData(ISheet sheet, List`1 data, CellRangeAddress region, StockType stockType) in E:\My Projects\MicrosoftExcelCopier\MicrosoftExcelCopier\ExcelUtils.cs:line 238
   at MicrosoftExcelCopier.frmMain.PasteToOneDate(String toDate, ISheet sheet, List`1 copyData, StockType stockType) in E:\My Projects\MicrosoftExcelCopier\MicrosoftExcelCopier\MainForm.cs:line 380
   at MicrosoftExcelCopier.frmMain.CopyAndPasteAllDates(ISheet sourceSheet, ISheet destSheet, StockType stockType, CellRangeAddress fromDateRegion, String toDate1Formatted, String toDate2Formatted, String toDate3Formatted, String toDate4Formatted) in E:\My Projects\MicrosoftExcelCopier\MicrosoftExcelCopier\MainForm.cs:line 408
   at MicrosoftExcelCopier.frmMain.btnCopy_Click(Object sender, EventArgs e) in E:\My Projects\MicrosoftExcelCopier\MicrosoftExcelCopier\MainForm.cs:line 293
2013-03-26 23:09:02,706 [1] ERROR MAINLogger [(null)] - Exception: 
System.ArgumentOutOfRangeException: Index was out of range. Must be non-negative and less than the size of the collection.
Parameter name: index
   at System.ThrowHelper.ThrowArgumentOutOfRangeException()
   at MicrosoftExcelCopier.ExcelUtils.WriteOpeningData(ISheet sheet, List`1 data, CellRangeAddress region, StockType stockType) in E:\My Projects\MicrosoftExcelCopier\MicrosoftExcelCopier\ExcelUtils.cs:line 238
   at MicrosoftExcelCopier.frmMain.PasteToOneDate(String toDate, ISheet sheet, List`1 copyData, StockType stockType) in E:\My Projects\MicrosoftExcelCopier\MicrosoftExcelCopier\MainForm.cs:line 380
   at MicrosoftExcelCopier.frmMain.CopyAndPasteAllDates(ISheet sourceSheet, ISheet destSheet, StockType stockType, CellRangeAddress fromDateRegion, String toDate1Formatted, String toDate2Formatted, String toDate3Formatted, String toDate4Formatted) in E:\My Projects\MicrosoftExcelCopier\MicrosoftExcelCopier\MainForm.cs:line 408
   at MicrosoftExcelCopier.frmMain.btnCopy_Click(Object sender, EventArgs e) in E:\My Projects\MicrosoftExcelCopier\MicrosoftExcelCopier\MainForm.cs:line 293
2013-03-27 00:05:27,785 [1] ERROR MAINLogger [(null)] - Exception: 
System.ArgumentOutOfRangeException: Index was out of range. Must be non-negative and less than the size of the collection.
Parameter name: index
   at System.ThrowHelper.ThrowArgumentOutOfRangeException()
   at MicrosoftExcelCopier.ExcelUtils.WriteOpeningData(ISheet sheet, List`1 data, CellRangeAddress region, StockType stockType) in E:\My Projects\MicrosoftExcelCopier\MicrosoftExcelCopier\ExcelUtils.cs:line 244
   at MicrosoftExcelCopier.frmMain.PasteToOneDate(String toDate, ISheet sheet, List`1 copyData, StockType stockType) in E:\My Projects\MicrosoftExcelCopier\MicrosoftExcelCopier\MainForm.cs:line 380
   at MicrosoftExcelCopier.frmMain.CopyAndPasteAllDates(ISheet sourceSheet, ISheet destSheet, StockType stockType, CellRangeAddress fromDateRegion, String toDate1Formatted, String toDate2Formatted, String toDate3Formatted, String toDate4Formatted) in E:\My Projects\MicrosoftExcelCopier\MicrosoftExcelCopier\MainForm.cs:line 408
   at MicrosoftExcelCopier.frmMain.btnCopy_Click(Object sender, EventArgs e) in E:\My Projects\MicrosoftExcelCopier\MicrosoftExcelCopier\MainForm.cs:line 293
2013-04-22 07:02:17,010 [1] ERROR MAINLogger [(null)] - Khong the tao tap tin cho thang moi
System.NullReferenceException: Object reference not set to an instance of an object.
   at MicrosoftExcelCopier.ExcelUtils.CopyFile(IWorkbook workbook, String filePath, DateTime fromDate, DateTime toDate) in E:\My Projects\MicrosoftExcelCopier\MicrosoftExcelCopier\ExcelUtils.cs:line 431
2013-04-22 07:08:43,066 [1] ERROR MAINLogger [(null)] - Khong the tao tap tin cho thang moi
System.NullReferenceException: Object reference not set to an instance of an object.
   at MicrosoftExcelCopier.ExcelUtils.FindMergedRegion(ISheet sheet, String value) in E:\My Projects\MicrosoftExcelCopier\MicrosoftExcelCopier\ExcelUtils.cs:line 133
   at MicrosoftExcelCopier.ExcelUtils.CopyFile(IWorkbook workbook, String filePath, DateTime fromDate, DateTime toDate) in E:\My Projects\MicrosoftExcelCopier\MicrosoftExcelCopier\ExcelUtils.cs:line 416
2013-04-22 07:16:19,435 [1] ERROR MAINLogger [(null)] - Khong the tao tap tin cho thang moi
System.NullReferenceException: Object reference not set to an instance of an object.
   at MicrosoftExcelCopier.ExcelUtils.FindMergedRegion(ISheet sheet, String value) in E:\My Projects\MicrosoftExcelCopier\MicrosoftExcelCopier\ExcelUtils.cs:line 135
   at MicrosoftExcelCopier.ExcelUtils.CopyFile(IWorkbook workbook, String filePath, DateTime fromDate, DateTime toDate) in E:\My Projects\MicrosoftExcelCopier\MicrosoftExcelCopier\ExcelUtils.cs:line 419
