2013-03-15 23:46:21,360 [10] DEBUG DEBUGLogger [(null)] - Start openning file: D:\My Document\Mo May\MAR\Test.xls
2013-03-15 23:55:13,175 [1] DEBUG DEBUGLogger [(null)] - Start openning file: D:\My Document\Mo May\MAR\Test.xls
2013-03-16 00:00:36,584 [1] DEBUG DEBUGLogger [(null)] - Start openning file: D:\My Document\Mo May\MAR\Test.xls
2013-03-16 00:04:58,281 [1] DEBUG DEBUGLogger [(null)] - Start openning file: D:\My Document\Mo May\MAR\Test.xls
2013-03-16 00:15:32,156 [1] DEBUG DEBUGLogger [(null)] - Start openning file: D:\My Document\Mo May\MAR\Test.xls
2013-03-16 15:25:10,077 [1] DEBUG DEBUGLogger [(null)] - Start openning file: D:\My Document\Mo May\MAR\Test.xls
2013-03-16 15:26:28,090 [1] DEBUG DEBUGLogger [(null)] - Start openning file: D:\My Document\Mo May\MAR\Test.xls
2013-03-16 15:27:33,194 [1] DEBUG DEBUGLogger [(null)] - Start openning file: D:\My Document\Mo May\MAR\HSV STOCK STATU.3.xls
2013-03-16 15:31:18,290 [1] DEBUG DEBUGLogger [(null)] - Start openning file: D:\My Document\Mo May\MAR\HSV STOCK STATU.3.xls
2013-03-16 15:39:14,884 [1] DEBUG DEBUGLogger [(null)] - Start openning file: D:\My Document\Mo May\MAR\Test.xls
2013-03-16 15:46:28,033 [1] DEBUG DEBUGLogger [(null)] - Start openning file: D:\My Document\Mo May\MAR\EVM STOCK STATUS.3.xls
2013-03-16 15:47:29,855 [1] DEBUG DEBUGLogger [(null)] - Start openning file: D:\My Document\Mo May\MAR\EVM STOCK STATUS.3.xls
2013-03-16 15:50:15,890 [1] DEBUG DEBUGLogger [(null)] - Start openning file: D:\My Document\Mo May\MAR\EVM STOCK STATUS.3.xls
2013-03-16 15:52:10,005 [1] DEBUG DEBUGLogger [(null)] - Start openning file: D:\My Document\Mo May\MAR\EVM STOCK STATUS.3.xls
2013-03-16 16:00:03,249 [1] DEBUG DEBUGLogger [(null)] - Start openning file: D:\My Document\Mo May\MAR\EVM STOCK STATUS.3.xls
2013-03-16 16:23:07,413 [1] DEBUG DEBUGLogger [(null)] - Start openning file: D:\My Document\Mo May\MAR\Test.xls
2013-03-16 17:16:31,499 [1] DEBUG DEBUGLogger [(null)] - Copy data from 15/03/2013
2013-03-16 17:49:26,826 [1] DEBUG DEBUGLogger [(null)] - Copy data from 15/03/2013
2013-03-16 17:51:48,808 [10] DEBUG DEBUGLogger [(null)] - Copy data from 15/03/2013
2013-03-16 17:52:57,077 [1] DEBUG DEBUGLogger [(null)] - Copy data from 15/03/2013
2013-03-16 17:56:16,166 [1] DEBUG DEBUGLogger [(null)] - Copy data from 15/03/2013
2013-03-16 18:01:29,089 [1] DEBUG DEBUGLogger [(null)] - Copy data from 15/03/2013
2013-03-16 18:03:28,212 [1] DEBUG DEBUGLogger [(null)] - Copy data from 15/03/2013
2013-03-16 18:03:53,313 [1] DEBUG DEBUGLogger [(null)] - Copy data from 15/03/2013
2013-03-16 18:12:15,890 [1] DEBUG DEBUGLogger [(null)] - Copy data from 15/03/2013
2013-03-16 18:48:13,558 [1] DEBUG DEBUGLogger [(null)] - Copy data from 15/03/2013
2013-03-16 18:49:55,084 [9] DEBUG DEBUGLogger [(null)] - Copy data from 15/03/2013
2013-03-16 18:56:39,638 [1] DEBUG DEBUGLogger [(null)] - Copy data from 15/03/2013
2013-03-16 22:42:42,420 [1] DEBUG DEBUGLogger [(null)] - Copy data from 01/02/2013
2013-03-16 22:46:22,415 [8] DEBUG DEBUGLogger [(null)] - Copy data from 01/02/2013
2013-03-16 22:46:54,325 [8] DEBUG DEBUGLogger [(null)] - Copy data from 01/02/2013
2013-03-16 22:54:26,408 [1] DEBUG DEBUGLogger [(null)] - Copy data from 01/02/2013
2013-03-16 23:06:06,811 [1] DEBUG DEBUGLogger [(null)] - Copy data from 01/02/2013
2013-03-16 23:08:30,160 [1] DEBUG DEBUGLogger [(null)] - Copy data from 01/02/2013
2013-03-16 23:14:42,763 [1] DEBUG DEBUGLogger [(null)] - Copy data from 01/02/2013
2013-03-16 23:16:32,631 [1] DEBUG DEBUGLogger [(null)] - Copy data from 01/02/2013
2013-03-16 23:18:26,780 [1] DEBUG DEBUGLogger [(null)] - Copy data from 15/03/2013
2013-03-16 23:38:56,605 [1] DEBUG DEBUGLogger [(null)] - Copy data from 01/03/2013
2013-03-16 23:38:57,301 [1] DEBUG DEBUGLogger [(null)] - Write data: "50, 30, 40, 44, 0, 0, 0, 0, 0, 0, 0, 0, 0, 0, 0, 0, 0, 0, 0, 0, 0, 0, 20, 184, " to day 02/03/2013, stock type STOCK
2013-03-16 23:38:57,311 [1] DEBUG DEBUGLogger [(null)] - Write data: "50, 30, 40, 44, 0, 0, 0, 0, 0, 0, 0, 0, 0, 0, 0, 0, 0, 0, 0, 0, 0, 0, 20, 184, " to day 03/03/2013, stock type STOCK
2013-03-16 23:38:57,322 [1] DEBUG DEBUGLogger [(null)] - Write data: "0, 0, 0, 0, 0, 0, 100, 40, 350, 160, 200, 0, 50, 150, 0, 50, 10, 30, 0, 0, 0, 0, 0, 1140, " to day 02/03/2013, stock type STOCK
2013-03-16 23:38:57,323 [1] DEBUG DEBUGLogger [(null)] - Write data: "0, 0, 0, 0, 0, 0, 100, 40, 350, 160, 200, 0, 50, 150, 0, 50, 10, 30, 0, 0, 0, 0, 0, 1140, " to day 03/03/2013, stock type STOCK
2013-03-16 23:40:26,975 [1] DEBUG DEBUGLogger [(null)] - Copy data from 01/03/2013
2013-03-16 23:40:27,201 [1] DEBUG DEBUGLogger [(null)] - Write data: "9, 20, 0, 0, 0, 0, 0, 0, 0, 0, 0, 0, 0, 0, 0, 0, 0, 0, 0, 0, 0, 0, 0, 0, 29, " to day 02/03/2013, stock type STOCKTQ
2013-03-16 23:40:27,205 [1] DEBUG DEBUGLogger [(null)] - Write data: "9, 20, 0, 0, 0, 0, 0, 0, 0, 0, 0, 0, 0, 0, 0, 0, 0, 0, 0, 0, 0, 0, 0, 0, 29, " to day 03/03/2013, stock type STOCKTQ
2013-03-16 23:40:27,210 [1] DEBUG DEBUGLogger [(null)] - Write data: "21, 30, 0, 0, 0, 0, 0, 10, 30, 90, 0, 0, 80, 130, 150, 100, 20, 20, 90, 0, 100, 0, 0, 0, 871, , , " to day 02/03/2013, stock type STOCKVN
2013-03-16 23:40:27,215 [1] DEBUG DEBUGLogger [(null)] - Write data: "21, 30, 0, 0, 0, 0, 0, 10, 30, 90, 0, 0, 80, 130, 150, 100, 20, 20, 90, 0, 100, 0, 0, 0, 871, , , " to day 03/03/2013, stock type STOCKVN
2013-03-16 23:40:27,223 [1] DEBUG DEBUGLogger [(null)] - Write data: "0, 0, 0, 0, 0, 0, 0, 0, 0, 0, 0, 0, 0, 0, 0, 0, 0, 0, 0, 0, 0, 0, 0, 0, 0, " to day 02/03/2013, stock type STOCKTQ
2013-03-16 23:40:27,227 [1] DEBUG DEBUGLogger [(null)] - Write data: "0, 0, 0, 0, 0, 0, 0, 0, 0, 0, 0, 0, 0, 0, 0, 0, 0, 0, 0, 0, 0, 0, 0, 0, 0, " to day 03/03/2013, stock type STOCKTQ
2013-03-16 23:40:27,232 [1] DEBUG DEBUGLogger [(null)] - Write data: "0, 0, 0, 0, 0, 0, 0, 60, 220, 130, 140, 160, 140, 40, 250, 40, 170, 10, 20, 30, 10, 30, 18, 0, 1468, , , " to day 02/03/2013, stock type STOCKVN
2013-03-16 23:40:27,236 [1] DEBUG DEBUGLogger [(null)] - Write data: "0, 0, 0, 0, 0, 0, 0, 60, 220, 130, 140, 160, 140, 40, 250, 40, 170, 10, 20, 30, 10, 30, 18, 0, 1468, , , " to day 03/03/2013, stock type STOCKVN
2013-03-16 23:40:27,244 [1] DEBUG DEBUGLogger [(null)] - Write data: "0, 0, 0, 0, 0, 0, 0, 0, 0, 10, 0, 0, 10, 0, 0, 0, 0, 0, 0, 0, 0, 20, " to day 02/03/2013, stock type STOCK
2013-03-16 23:40:27,247 [1] DEBUG DEBUGLogger [(null)] - Write data: "0, 0, 0, 0, 0, 0, 0, 0, 0, 10, 0, 0, 10, 0, 0, 0, 0, 0, 0, 0, 0, 20, " to day 03/03/2013, stock type STOCK
2013-03-16 23:40:27,256 [1] DEBUG DEBUGLogger [(null)] - Write data: "0, 0, 0, 30, 0, 20, 30, 10, 20, 20, 30, 0, 30, 40, 40, 38, 40, 8, 0, 0, 0, 0, 0, 0, 356, " to day 02/03/2013, stock type STOCK
2013-03-16 23:40:27,259 [1] DEBUG DEBUGLogger [(null)] - Write data: "0, 0, 0, 30, 0, 20, 30, 10, 20, 20, 30, 0, 30, 40, 40, 38, 40, 8, 0, 0, 0, 0, 0, 0, 356, " to day 03/03/2013, stock type STOCK
2013-03-16 23:40:27,268 [1] DEBUG DEBUGLogger [(null)] - Write data: "0, 0, 0, 30, 0, 20, 30, 10, 20, 20, 30, 0, 30, 40, 40, 38, 40, 8, 0, 0, 0, 0, 0, 0, 356, " to day 02/03/2013, stock type STOCK
2013-03-16 23:40:27,271 [1] DEBUG DEBUGLogger [(null)] - Write data: "0, 0, 0, 30, 0, 20, 30, 10, 20, 20, 30, 0, 30, 40, 40, 38, 40, 8, 0, 0, 0, 0, 0, 0, 356, " to day 03/03/2013, stock type STOCK
2013-03-16 23:40:27,335 [1] DEBUG DEBUGLogger [(null)] - Write data: "0, 0, 0, 0, 0, 0, 0, 0, 0, 0, 0, 0, 0, 0, 0, 0, 0, 0, 0, 0, 0, 0, 0, 0, 0, " to day 02/03/2013, stock type STOCKTQ
2013-03-16 23:40:27,341 [1] DEBUG DEBUGLogger [(null)] - Write data: "0, 0, 0, 0, 0, 0, 0, 0, 0, 0, 0, 0, 0, 0, 0, 0, 0, 0, 0, 0, 0, 0, 0, 0, 0, " to day 03/03/2013, stock type STOCKTQ
2013-03-16 23:40:27,347 [1] DEBUG DEBUGLogger [(null)] - Write data: "0, 0, 0, 0, 0, 0, 0, 10, 30, 90, 0, 0, 80, 130, 150, 100, 20, 20, 90, 0, 100, 0, 0, 0, 820, , , " to day 02/03/2013, stock type STOCKVN
2013-03-16 23:40:27,356 [1] DEBUG DEBUGLogger [(null)] - Write data: "0, 0, 0, 0, 0, 0, 0, 10, 30, 90, 0, 0, 80, 130, 150, 100, 20, 20, 90, 0, 100, 0, 0, 0, 820, , , " to day 03/03/2013, stock type STOCKVN
2013-03-16 23:42:05,751 [1] DEBUG DEBUGLogger [(null)] - Copy data from 31/03/2013
2013-03-16 23:44:50,256 [10] DEBUG DEBUGLogger [(null)] - Copy data from 31/03/2013
2013-03-16 23:45:09,294 [10] DEBUG DEBUGLogger [(null)] - Copy data from 31/03/2013
2013-03-16 23:47:44,727 [10] DEBUG DEBUGLogger [(null)] - Copy data from 31/03/2013
2013-03-16 23:51:08,731 [10] DEBUG DEBUGLogger [(null)] - Copy data from 31/03/2013
2013-03-16 23:56:55,621 [8] DEBUG DEBUGLogger [(null)] - Copy data from 31/03/2013
2013-03-16 23:57:02,338 [8] DEBUG DEBUGLogger [(null)] - Copy data from 31/03/2013
2013-03-17 00:01:07,601 [1] DEBUG DEBUGLogger [(null)] - Copy data from 31/03/2013
2013-03-17 00:06:39,625 [1] DEBUG DEBUGLogger [(null)] - Copy data from 31/03/2013
2013-03-17 00:06:40,301 [1] DEBUG DEBUGLogger [(null)] - Write data: "25, 30, 35, 40, 0, 0, 0, 0, 0, 0, 0, 0, 0, 0, 0, 0, 0, 0, 0, 0, 0, 0, 0, 0, 130, " to day 01/03/2013, stock type STOCKTQ
2013-03-17 00:06:40,321 [1] DEBUG DEBUGLogger [(null)] - Write data: "5, 10, 15, 20, 0, 0, 0, 0, 0, 0, 0, 0, 0, 0, 0, 0, 0, 0, 0, 0, 0, 0, 0, 0, 50, , , " to day 01/03/2013, stock type STOCKVN
2013-03-17 00:06:40,326 [1] DEBUG DEBUGLogger [(null)] - Write data: "0, 0, 0, 0, 0, 0, 0, 0, 0, 0, 0, 0, 0, 0, 0, 0, 0, 0, 0, 0, 0, 0, 0, 0, 0, " to day 01/03/2013, stock type STOCKTQ
2013-03-17 00:06:40,331 [1] DEBUG DEBUGLogger [(null)] - Write data: "0, 0, 0, 0, 0, 0, 0, 0, 0, 0, 0, 0, 0, 0, 0, 0, 0, 0, 0, 0, 0, 0, 0, 0, 0, , , " to day 01/03/2013, stock type STOCKVN
2013-03-17 00:06:40,352 [1] DEBUG DEBUGLogger [(null)] - Write data: "0, 0, 0, 0, 0, 0, 0, 0, 0, 0, 0, 0, 0, 0, 0, 0, 0, 0, 0, 0, 0, 0, 0, 0, 0, " to day 01/03/2013, stock type STOCKTQ
2013-03-17 00:06:40,355 [1] DEBUG DEBUGLogger [(null)] - Write data: "0, 0, 0, 0, 0, 0, 0, 0, 0, 0, 0, 0, 0, 0, 0, 0, 0, 0, 0, 0, 0, 0, 0, 0, 0, , , " to day 01/03/2013, stock type STOCKVN
2013-03-17 00:08:08,323 [1] DEBUG DEBUGLogger [(null)] - Copy data from 31/03/2013
2013-03-17 00:08:09,907 [1] DEBUG DEBUGLogger [(null)] - Write data: "25, 30, 35, 40, 0, 0, 0, 0, 0, 0, 0, 0, 0, 0, 0, 0, 0, 0, 0, 0, 0, 0, 0, 0, 130, " to day 01/04/2013, stock type STOCKTQ
2013-03-17 00:08:09,917 [1] DEBUG DEBUGLogger [(null)] - Write data: "5, 10, 15, 20, 0, 0, 0, 0, 0, 0, 0, 0, 0, 0, 0, 0, 0, 0, 0, 0, 0, 0, 0, 0, 50, , , " to day 01/04/2013, stock type STOCKVN
2013-03-17 00:08:09,922 [1] DEBUG DEBUGLogger [(null)] - Write data: "0, 0, 0, 0, 0, 0, 0, 0, 0, 0, 0, 0, 0, 0, 0, 0, 0, 0, 0, 0, 0, 0, 0, 0, 0, " to day 01/04/2013, stock type STOCKTQ
2013-03-17 00:08:09,926 [1] DEBUG DEBUGLogger [(null)] - Write data: "0, 0, 0, 0, 0, 0, 0, 0, 0, 0, 0, 0, 0, 0, 0, 0, 0, 0, 0, 0, 0, 0, 0, 0, 0, , , " to day 01/04/2013, stock type STOCKVN
2013-03-17 00:08:09,945 [1] DEBUG DEBUGLogger [(null)] - Write data: "0, 0, 0, 0, 0, 0, 0, 0, 0, 0, 0, 0, 0, 0, 0, 0, 0, 0, 0, 0, 0, 0, 0, 0, 0, " to day 01/04/2013, stock type STOCKTQ
2013-03-17 00:08:09,948 [1] DEBUG DEBUGLogger [(null)] - Write data: "0, 0, 0, 0, 0, 0, 0, 0, 0, 0, 0, 0, 0, 0, 0, 0, 0, 0, 0, 0, 0, 0, 0, 0, 0, , , " to day 01/04/2013, stock type STOCKVN
2013-03-17 00:09:57,413 [1] DEBUG DEBUGLogger [(null)] - Copy data from 31/03/2013
2013-03-17 00:09:58,389 [1] DEBUG DEBUGLogger [(null)] - Write data: "25, 30, 35, 40, 0, 0, 0, 0, 0, 0, 0, 0, 0, 0, 0, 0, 0, 0, 0, 0, 0, 0, 0, 0, 130, " to day 01/04/2013, stock type STOCKTQ
2013-03-17 00:09:58,395 [1] DEBUG DEBUGLogger [(null)] - Write data: "25, 30, 35, 40, 0, 0, 0, 0, 0, 0, 0, 0, 0, 0, 0, 0, 0, 0, 0, 0, 0, 0, 0, 0, 130, " to day 15/04/2013, stock type STOCKTQ
2013-03-17 00:09:58,399 [1] DEBUG DEBUGLogger [(null)] - Write data: "5, 10, 15, 20, 0, 0, 0, 0, 0, 0, 0, 0, 0, 0, 0, 0, 0, 0, 0, 0, 0, 0, 0, 0, 50, , , " to day 01/04/2013, stock type STOCKVN
2013-03-17 00:09:58,404 [1] DEBUG DEBUGLogger [(null)] - Write data: "5, 10, 15, 20, 0, 0, 0, 0, 0, 0, 0, 0, 0, 0, 0, 0, 0, 0, 0, 0, 0, 0, 0, 0, 50, , , " to day 15/04/2013, stock type STOCKVN
2013-03-17 00:09:58,445 [1] DEBUG DEBUGLogger [(null)] - Write data: "0, 0, 0, 0, 0, 0, 0, 0, 0, 0, 0, 0, 0, 0, 0, 0, 0, 0, 0, 0, 0, 0, 0, 0, 0, " to day 01/04/2013, stock type STOCKTQ
2013-03-17 00:09:58,450 [1] DEBUG DEBUGLogger [(null)] - Write data: "0, 0, 0, 0, 0, 0, 0, 0, 0, 0, 0, 0, 0, 0, 0, 0, 0, 0, 0, 0, 0, 0, 0, 0, 0, " to day 15/04/2013, stock type STOCKTQ
2013-03-17 00:09:58,454 [1] DEBUG DEBUGLogger [(null)] - Write data: "0, 0, 0, 0, 0, 0, 0, 0, 0, 0, 0, 0, 0, 0, 0, 0, 0, 0, 0, 0, 0, 0, 0, 0, 0, , , " to day 01/04/2013, stock type STOCKVN
2013-03-17 00:09:58,459 [1] DEBUG DEBUGLogger [(null)] - Write data: "0, 0, 0, 0, 0, 0, 0, 0, 0, 0, 0, 0, 0, 0, 0, 0, 0, 0, 0, 0, 0, 0, 0, 0, 0, , , " to day 15/04/2013, stock type STOCKVN
2013-03-17 00:09:58,480 [1] DEBUG DEBUGLogger [(null)] - Write data: "0, 0, 0, 0, 0, 0, 0, 0, 0, 0, 0, 0, 0, 0, 0, 0, 0, 0, 0, 0, 0, 0, 0, 0, 0, " to day 01/04/2013, stock type STOCKTQ
2013-03-17 00:09:58,484 [1] DEBUG DEBUGLogger [(null)] - Write data: "0, 0, 0, 0, 0, 0, 0, 0, 0, 0, 0, 0, 0, 0, 0, 0, 0, 0, 0, 0, 0, 0, 0, 0, 0, " to day 15/04/2013, stock type STOCKTQ
2013-03-17 00:09:58,487 [1] DEBUG DEBUGLogger [(null)] - Write data: "0, 0, 0, 0, 0, 0, 0, 0, 0, 0, 0, 0, 0, 0, 0, 0, 0, 0, 0, 0, 0, 0, 0, 0, 0, , , " to day 01/04/2013, stock type STOCKVN
2013-03-17 00:09:58,491 [1] DEBUG DEBUGLogger [(null)] - Write data: "0, 0, 0, 0, 0, 0, 0, 0, 0, 0, 0, 0, 0, 0, 0, 0, 0, 0, 0, 0, 0, 0, 0, 0, 0, , , " to day 15/04/2013, stock type STOCKVN
2013-03-17 00:43:54,201 [1] DEBUG DEBUGLogger [(null)] - Copy data from 01/03/2013
2013-03-17 00:49:09,356 [1] DEBUG DEBUGLogger [(null)] - Copy data from 01/03/2013
2013-03-17 00:49:10,045 [1] DEBUG DEBUGLogger [(null)] - Write data: "9, 20, 0, 0, 0, 0, 0, 0, 0, 0, 0, 0, 0, 0, 0, 0, 0, 0, 0, 0, 0, 0, 0, 0, 29, " to day 02/03/2013, stock type STOCKTQ
2013-03-17 00:49:10,066 [1] DEBUG DEBUGLogger [(null)] - Write data: "21, 30, 0, 0, 0, 0, 0, 10, 30, 90, 0, 0, 80, 130, 150, 100, 20, 20, 90, 0, 100, 0, 0, 0, 871, , , " to day 02/03/2013, stock type STOCKVN
2013-03-17 00:49:10,076 [1] DEBUG DEBUGLogger [(null)] - Write data: "0, 0, 0, 0, 0, 0, 0, 0, 0, 0, 0, 0, 0, 0, 0, 0, 0, 0, 0, 0, 0, 0, 0, 0, 0, " to day 02/03/2013, stock type STOCKTQ
2013-03-17 00:49:10,080 [1] DEBUG DEBUGLogger [(null)] - Write data: "0, 0, 0, 0, 0, 0, 0, 60, 220, 130, 140, 160, 140, 40, 250, 40, 170, 10, 20, 30, 10, 30, 18, 0, 1468, , , " to day 02/03/2013, stock type STOCKVN
2013-03-17 00:49:10,086 [1] DEBUG DEBUGLogger [(null)] - Write data: "0, 0, 0, 0, 0, 0, 0, 0, 0, 10, 0, 0, 10, 0, 0, 0, 0, 0, 0, 0, 0, 20, " to day 02/03/2013, stock type STOCK
2013-03-17 00:49:10,092 [1] DEBUG DEBUGLogger [(null)] - Write data: "0, 0, 0, 30, 0, 20, 30, 10, 20, 20, 30, 0, 30, 40, 40, 38, 40, 8, 0, 0, 0, 0, 0, 0, 356, " to day 02/03/2013, stock type STOCK
2013-03-17 00:49:10,098 [1] DEBUG DEBUGLogger [(null)] - Write data: "0, 0, 0, 30, 0, 20, 30, 10, 20, 20, 30, 0, 30, 40, 40, 38, 40, 8, 0, 0, 0, 0, 0, 0, 356, " to day 02/03/2013, stock type STOCK
2013-03-17 00:49:10,104 [1] DEBUG DEBUGLogger [(null)] - Write data: "0, 0, 0, 0, 0, 0, 0, 0, 0, 0, 0, 0, 0, 0, 0, 0, 0, 0, 0, 0, 0, 0, 0, 0, 0, " to day 02/03/2013, stock type STOCKTQ
2013-03-17 00:49:10,107 [1] DEBUG DEBUGLogger [(null)] - Write data: "0, 0, 0, 0, 0, 0, 0, 10, 30, 90, 0, 0, 80, 130, 150, 100, 20, 20, 90, 0, 100, 0, 0, 0, 820, , , " to day 02/03/2013, stock type STOCKVN
2013-03-17 00:54:21,166 [1] DEBUG DEBUGLogger [(null)] - Copy data from 01/03/2013
2013-03-17 00:54:21,827 [1] DEBUG DEBUGLogger [(null)] - Write data: "9, 20, 0, 0, 0, 0, 0, 0, 0, 0, 0, 0, 0, 0, 0, 0, 0, 0, 0, 0, 0, 0, 0, 0, 29, " to day 02/03/2013, stock type STOCKTQ
2013-03-17 00:54:21,848 [1] DEBUG DEBUGLogger [(null)] - Write data: "21, 30, 0, 0, 0, 0, 0, 10, 30, 90, 0, 0, 80, 130, 150, 100, 20, 20, 90, 0, 100, 0, 0, 0, 871, , , " to day 02/03/2013, stock type STOCKVN
2013-03-17 00:54:21,858 [1] DEBUG DEBUGLogger [(null)] - Write data: "0, 0, 0, 0, 0, 0, 0, 0, 0, 0, 0, 0, 0, 0, 0, 0, 0, 0, 0, 0, 0, 0, 0, 0, 0, " to day 02/03/2013, stock type STOCKTQ
2013-03-17 00:54:21,862 [1] DEBUG DEBUGLogger [(null)] - Write data: "0, 0, 0, 0, 0, 0, 0, 60, 220, 130, 140, 160, 140, 40, 250, 40, 170, 10, 20, 30, 10, 30, 18, 0, 1468, , , " to day 02/03/2013, stock type STOCKVN
2013-03-17 00:54:21,868 [1] DEBUG DEBUGLogger [(null)] - Write data: "0, 0, 0, 0, 0, 0, 0, 0, 0, 10, 0, 0, 10, 0, 0, 0, 0, 0, 0, 0, 0, 20, " to day 02/03/2013, stock type STOCK
2013-03-17 00:54:21,874 [1] DEBUG DEBUGLogger [(null)] - Write data: "0, 0, 0, 30, 0, 20, 30, 10, 20, 20, 30, 0, 30, 40, 40, 38, 40, 8, 0, 0, 0, 0, 0, 0, 356, " to day 02/03/2013, stock type STOCK
2013-03-17 00:54:21,880 [1] DEBUG DEBUGLogger [(null)] - Write data: "0, 0, 0, 30, 0, 20, 30, 10, 20, 20, 30, 0, 30, 40, 40, 38, 40, 8, 0, 0, 0, 0, 0, 0, 356, " to day 02/03/2013, stock type STOCK
2013-03-17 00:54:21,886 [1] DEBUG DEBUGLogger [(null)] - Write data: "0, 0, 0, 0, 0, 0, 0, 0, 0, 0, 0, 0, 0, 0, 0, 0, 0, 0, 0, 0, 0, 0, 0, 0, 0, " to day 02/03/2013, stock type STOCKTQ
2013-03-17 00:54:21,889 [1] DEBUG DEBUGLogger [(null)] - Write data: "0, 0, 0, 0, 0, 0, 0, 10, 30, 90, 0, 0, 80, 130, 150, 100, 20, 20, 90, 0, 100, 0, 0, 0, 820, , , " to day 02/03/2013, stock type STOCKVN
2013-03-17 00:56:33,017 [1] DEBUG DEBUGLogger [(null)] - Copy data from 01/03/2013
2013-03-17 00:56:33,693 [1] DEBUG DEBUGLogger [(null)] - Write data: "9, 20, 0, 0, 0, 0, 0, 0, 0, 0, 0, 0, 0, 0, 0, 0, 0, 0, 0, 0, 0, 0, 0, 0, 29, " to day 02/03/2013, stock type STOCKTQ
2013-03-17 00:56:33,714 [1] DEBUG DEBUGLogger [(null)] - Write data: "21, 30, 0, 0, 0, 0, 0, 10, 30, 90, 0, 0, 80, 130, 150, 100, 20, 20, 90, 0, 100, 0, 0, 0, 871, , , " to day 02/03/2013, stock type STOCKVN
2013-03-17 00:56:33,724 [1] DEBUG DEBUGLogger [(null)] - Write data: "0, 0, 0, 0, 0, 0, 0, 0, 0, 0, 0, 0, 0, 0, 0, 0, 0, 0, 0, 0, 0, 0, 0, 0, 0, " to day 02/03/2013, stock type STOCKTQ
2013-03-17 00:56:33,729 [1] DEBUG DEBUGLogger [(null)] - Write data: "0, 0, 0, 0, 0, 0, 0, 60, 220, 130, 140, 160, 140, 40, 250, 40, 170, 10, 20, 30, 10, 30, 18, 0, 1468, , , " to day 02/03/2013, stock type STOCKVN
2013-03-17 00:56:33,734 [1] DEBUG DEBUGLogger [(null)] - Write data: "0, 0, 0, 0, 0, 0, 0, 0, 0, 10, 0, 0, 10, 0, 0, 0, 0, 0, 0, 0, 0, 20, " to day 02/03/2013, stock type STOCK
2013-03-17 00:56:33,740 [1] DEBUG DEBUGLogger [(null)] - Write data: "0, 0, 0, 30, 0, 20, 30, 10, 20, 20, 30, 0, 30, 40, 40, 38, 40, 8, 0, 0, 0, 0, 0, 0, 356, " to day 02/03/2013, stock type STOCK
2013-03-17 00:56:33,746 [1] DEBUG DEBUGLogger [(null)] - Write data: "0, 0, 0, 30, 0, 20, 30, 10, 20, 20, 30, 0, 30, 40, 40, 38, 40, 8, 0, 0, 0, 0, 0, 0, 356, " to day 02/03/2013, stock type STOCK
2013-03-17 00:56:33,752 [1] DEBUG DEBUGLogger [(null)] - Write data: "0, 0, 0, 0, 0, 0, 0, 0, 0, 0, 0, 0, 0, 0, 0, 0, 0, 0, 0, 0, 0, 0, 0, 0, 0, " to day 02/03/2013, stock type STOCKTQ
2013-03-17 00:56:33,755 [1] DEBUG DEBUGLogger [(null)] - Write data: "0, 0, 0, 0, 0, 0, 0, 10, 30, 90, 0, 0, 80, 130, 150, 100, 20, 20, 90, 0, 100, 0, 0, 0, 820, , , " to day 02/03/2013, stock type STOCKVN
2013-03-17 01:21:49,822 [1] DEBUG DEBUGLogger [(null)] - Copy data from 01/03/2013
2013-03-17 01:21:52,625 [1] DEBUG DEBUGLogger [(null)] - Write data: "50, 30, 40, 44, 0, 0, 0, 0, 0, 0, 0, 0, 0, 0, 0, 0, 0, 0, 0, 0, 0, 0, 20, 184, , " to day 02/03/2013, stock type STOCK
2013-03-17 01:21:52,646 [1] DEBUG DEBUGLogger [(null)] - Write data: "0, 0, 0, 0, 0, 0, 100, 40, 350, 160, 200, 0, 50, 150, 0, 50, 10, 30, 0, 0, 0, 0, 0, 1140, , " to day 02/03/2013, stock type STOCK
2013-03-17 01:21:52,654 [1] DEBUG DEBUGLogger [(null)] - Write data: "0, 0, 0, 0, 0, 0, 140, 40, 110, 300, 380, 120, 0, 10, 60, 50, 20, 10, 0, 0, 0, 0, 0, 1240, , " to day 02/03/2013, stock type STOCK
2013-03-17 01:21:52,681 [1] DEBUG DEBUGLogger [(null)] - Write data: "0, 0, 0, 0, 0, 120, 130, 210, 370, 440, 470, 280, 180, 280, 400, 300, 320, 80, 130, 0, 0, 0, 0, 3710, , " to day 02/03/2013, stock type STOCK
2013-03-17 01:21:52,689 [1] DEBUG DEBUGLogger [(null)] - Write data: "0, 0, 0, 0, 0, 25, 780, 360, 260, 2170, 2780, 1480, 870, 820, 480, 860, 150, 70, 0, 10, 0, 0, 0, 11115, , " to day 02/03/2013, stock type STOCK
2013-03-17 01:21:52,690 [1] DEBUG DEBUGLogger [(null)] - Write data: "0, 0, 0, 0, 0, 0, 370, 170, 440, 320, 310, 730, 297, 650, 100, 250, 180, 240, 10, 10, 8, 7, 0, 4092, , " to day 02/03/2013, stock type STOCK
2013-03-17 01:21:52,696 [1] DEBUG DEBUGLogger [(null)] - Write data: "0, 0, 0, 0, 0, 0, 10, 20, 20, 10, 0, 30, 10, 0, 0, 10, 0, 0, 0, 0, 0, 0, 0, 110, , " to day 02/03/2013, stock type STOCK
2013-03-17 01:21:52,702 [1] DEBUG DEBUGLogger [(null)] - Write data: "0, 0, 0, 0, 0, 0, 20, 0, 110, 20, 10, 0, 10, 160, 240, 0, 0, 10, 10, 0, 10, 0, 0, 600, , " to day 02/03/2013, stock type STOCK
2013-03-17 01:21:52,709 [1] DEBUG DEBUGLogger [(null)] - Write data: "0, 0, 0, 0, 0, 0, 10, 0, 90, 30, 0, 30, 0, 30, 190, 10, 40, 30, 20, 20, 20, 0, 0, 520, , " to day 02/03/2013, stock type STOCK
2013-03-17 01:21:52,716 [1] DEBUG DEBUGLogger [(null)] - Write data: "0, 0, 0, 0, 0, 0, 40, 10, 60, 150, 10, 90, 110, 10, 50, 10, 10, 10, 10, 0, 0, 0, 0, 570, , " to day 02/03/2013, stock type STOCK
2013-03-17 01:21:52,722 [1] DEBUG DEBUGLogger [(null)] - Write data: "0, 0, 0, 0, 0, 0, 0, 50, 20, 100, 40, 60, 30, 70, 0, 0, 10, 30, 0, 0, 0, 0, 0, 410, , " to day 02/03/2013, stock type STOCK
2013-03-17 01:21:52,729 [1] DEBUG DEBUGLogger [(null)] - Write data: "0, 0, 0, 0, 0, 0, 300, 270, 30, 170, 100, 0, 110, 190, 60, 20, 50, 80, 0, 0, 20, 0, 0, 1400, , " to day 02/03/2013, stock type STOCK
2013-03-17 01:21:52,734 [1] DEBUG DEBUGLogger [(null)] - Write data: "0, 0, 0, 0, 0, 0, 70, 30, 60, 10, 10, 10, 70, 50, 40, 30, 30, 10, 0, 0, 0, 0, 0, 420, , " to day 02/03/2013, stock type STOCK
2013-03-17 01:21:52,741 [1] DEBUG DEBUGLogger [(null)] - Write data: "0, 0, 0, 0, 0, 0, 20, 30, 10, 70, 100, 100, 130, 8, 30, 30, 30, 0, 10, 10, 7, 5, 0, 590, , " to day 02/03/2013, stock type STOCK
2013-03-17 01:21:52,743 [1] DEBUG DEBUGLogger [(null)] - Write data: "0, 0, 0, 0, 0, 0, 10, 220, 160, 70, 50, 100, 130, 300, 50, 350, 10, 10, 20, 20, 0, 0, 0, 1500, , " to day 02/03/2013, stock type STOCK
2013-03-17 01:21:52,747 [1] DEBUG DEBUGLogger [(null)] - Write data: "0, 0, 0, 0, 0, 0, 130, 110, 160, 170, 160, 220, 200, 0, 0, 0, 0, 0, 0, 0, 0, 0, 0, 1150, , " to day 02/03/2013, stock type STOCK
2013-03-17 01:21:52,753 [1] DEBUG DEBUGLogger [(null)] - Write data: "0, 0, 0, 0, 0, 0, 0, 30, 40, 0, 310, 20, 90, 310, 230, 30, 80, 10, 170, 10, 30, 0, 0, 1360, , " to day 02/03/2013, stock type STOCK
2013-03-17 01:21:52,755 [1] DEBUG DEBUGLogger [(null)] - Write data: "0, 0, 0, 0, 0, 0, 60, 90, 110, 80, 0, 10, 10, 50, 40, 90, 40, 70, 10, 20, 0, 0, 0, 680, , " to day 02/03/2013, stock type STOCK
2013-03-17 01:21:52,756 [1] DEBUG DEBUGLogger [(null)] - Write data: "0, 0, 0, 0, 0, 0, 10, 140, 170, 140, 30, 180, 70, 160, 50, 10, 20, 20, 0, 0, 0, 0, 0, 1000, , " to day 02/03/2013, stock type STOCK
2013-03-17 01:21:52,762 [1] DEBUG DEBUGLogger [(null)] - Write data: "0, 0, 0, 0, 0, 0, 40, 40, 310, 30, 30, 10, 20, 170, 110, 40, 10, 10, 0, 0, 0, 0, 0, 820, , " to day 02/03/2013, stock type STOCK
2013-03-17 01:21:52,774 [1] DEBUG DEBUGLogger [(null)] - Write data: "0, 0, 0, 0, 0, 0, 60, 110, 0, 140, 280, 70, 60, 500, 30, 30, 0, 0, 20, 0, 0, 0, 0, 1300, , " to day 02/03/2013, stock type STOCK
2013-03-17 01:21:52,780 [1] DEBUG DEBUGLogger [(null)] - Write data: "0, 0, 0, 0, 0, 0, 50, 130, 60, 120, 110, 60, 100, 50, 20, 20, 0, 30, 10, 60, 0, 0, 0, 820, , " to day 02/03/2013, stock type STOCK
2013-03-17 01:21:52,786 [1] DEBUG DEBUGLogger [(null)] - Write data: "0, 0, 0, 0, 0, 0, 80, 80, 20, 380, 340, 200, 30, 160, 60, 90, 50, 10, 40, 10, 0, 0, 0, 1550, , " to day 02/03/2013, stock type STOCK
2013-03-17 01:21:52,795 [1] DEBUG DEBUGLogger [(null)] - Write data: "0, 0, 0, 0, 0, 0, 40, 100, 80, 400, 270, 40, 150, 170, 0, 60, 30, 0, 10, 0, 0, 0, 0, 1350, , " to day 02/03/2013, stock type STOCK
2013-03-17 01:21:52,801 [1] DEBUG DEBUGLogger [(null)] - Write data: "0, 0, 0, 0, 0, 0, 30, 10, 50, 60, 10, 0, 50, 40, 60, 0, 10, 0, 10, 0, 10, 0, 0, 340, , " to day 02/03/2013, stock type STOCK
2013-03-17 01:21:52,807 [1] DEBUG DEBUGLogger [(null)] - Write data: "0, 0, 0, 0, 0, 0, 50, 230, 120, 0, 50, 70, 140, 10, 180, 90, 20, 50, 10, 140, 0, 20, 0, 1180, , " to day 02/03/2013, stock type STOCK
2013-03-17 01:21:52,816 [1] DEBUG DEBUGLogger [(null)] - Write data: "0, 0, 0, 0, 0, 0, 10, 40, 20, 10, 0, 60, 90, 70, 40, 70, 100, 100, 0, 10, 10, 0, 0, 630, , " to day 02/03/2013, stock type STOCK
2013-03-17 01:21:52,822 [1] DEBUG DEBUGLogger [(null)] - Write data: "0, 0, 0, 0, 0, 0, 0, 20, 10, 30, 90, 10, 0, 10, 70, 10, 0, 10, 20, 10, 0, 0, 0, 290, , " to day 02/03/2013, stock type STOCK
2013-03-17 01:21:52,828 [1] DEBUG DEBUGLogger [(null)] - Write data: "0, 0, 0, 0, 0, 0, 90, 60, 90, 10, 0, 110, 250, 30, 20, 10, 20, 0, 10, 0, 30, 0, 0, 730, , " to day 02/03/2013, stock type STOCK
2013-03-17 01:21:52,834 [1] DEBUG DEBUGLogger [(null)] - Write data: "0, 60, 70, 90, 10, 0, 0, 20, 10, 0, 60, 40, 60, 10, 30, 0, 0, 20, 20, 50, 0, 10, 0, 560, , " to day 02/03/2013, stock type STOCK
2013-03-17 01:21:52,843 [1] DEBUG DEBUGLogger [(null)] - Write data: "0, 0, 0, 0, 0, 0, 50, 70, 100, 110, 100, 50, 120, 170, 60, 0, 0, 0, 10, 0, 0, 0, 0, 840, , " to day 02/03/2013, stock type STOCK
2013-03-17 01:21:52,844 [1] DEBUG DEBUGLogger [(null)] - Write data: "0, 0, 0, 0, 0, 0, 55, 90, 270, 740, 550, 510, 610, 240, 10, 40, 5, 10, 10, 15, 0, 0, 0, 3155, , " to day 02/03/2013, stock type STOCK
2013-03-17 01:21:52,851 [1] DEBUG DEBUGLogger [(null)] - Write data: "0, 0, 0, 0, 0, 0, 20, 20, 40, 150, 100, 70, 90, 20, 40, 30, 10, 20, 30, 10, 0, 0, 0, 650, , " to day 02/03/2013, stock type STOCK
2013-03-17 01:21:52,857 [1] DEBUG DEBUGLogger [(null)] - Write data: "0, 0, 0, 0, 0, 0, 20, 60, 50, 180, 240, 70, 80, 10, 10, 30, 0, 0, 0, 0, 0, 0, 0, 750, , " to day 02/03/2013, stock type STOCK
2013-03-17 01:21:52,875 [1] DEBUG DEBUGLogger [(null)] - Write data: "0, 0, 0, 20, 0, 0, 20, 300, 180, 490, 390, 460, 460, 530, 70, 30, 350, 30, 30, 20, 20, 10, 0, 3410, , " to day 02/03/2013, stock type STOCK
2013-03-17 01:21:52,876 [1] DEBUG DEBUGLogger [(null)] - Write data: "0, 0, 0, 0, 0, 0, 20, 10, 100, 10, 200, 30, 20, 120, 80, 10, 20, 40, 20, 20, 30, 10, 0, 740, , " to day 02/03/2013, stock type STOCK
2013-03-17 01:21:52,882 [1] DEBUG DEBUGLogger [(null)] - Write data: "0, 0, 0, 0, 0, 80, 20, 40, 10, 10, 20, 130, 20, 80, 10, 60, 0, 20, 10, 0, 10, 10, 0, 530, , " to day 02/03/2013, stock type STOCK
2013-03-17 01:21:52,888 [1] DEBUG DEBUGLogger [(null)] - Write data: "0, 0, 110, 0, 90, 0, 1680, 0, 3170, 0, 6510, 0, 6660, 0, 7140, 0, 3570, 0, 1410, 0, 670, 0, 0, 31010, , " to day 02/03/2013, stock type STOCK
2013-03-17 01:21:52,897 [1] DEBUG DEBUGLogger [(null)] - Write data: "0, 0, 0, 0, 30, 0, 420, 0, 1800, 0, 1790, 0, 2500, 0, 6440, 0, 5030, 0, 2310, 0, 1910, 0, 0, 22230, , " to day 02/03/2013, stock type STOCK
2013-03-17 01:21:52,898 [1] DEBUG DEBUGLogger [(null)] - Write data: "0, 0, 0, 0, 30, 0, 130, 0, 600, 0, 530, 0, 1190, 0, 1160, 0, 970, 0, 80, 0, 110, 0, 0, 4800, , " to day 02/03/2013, stock type STOCK
2013-03-17 01:21:52,905 [1] DEBUG DEBUGLogger [(null)] - Write data: "0, 18, 69, 25, 9, 25, 25, 71, 0, 0, 0, 0, 0, 0, 0, 0, 0, 0, 0, 0, 0, 0, 0, 242, , " to day 02/03/2013, stock type STOCK
2013-03-17 01:21:52,905 [1] DEBUG DEBUGLogger [(null)] - Write data: "0, 0, 0, 40, 10, 0, 20, 38, 68, 10, 5, 9, 20, 5, 18, 8, 20, 20, 0, 10, 0, 0, 0, 301, , " to day 02/03/2013, stock type STOCK
2013-03-17 01:21:52,912 [1] DEBUG DEBUGLogger [(null)] - Write data: "20, 0, 0, 0, 0, 0, 0, 50, 3, 40, 30, 30, 6, 10, 0, 30, 0, 20, 30, 0, 0, 0, 0, 269, , " to day 02/03/2013, stock type STOCK
2013-03-17 01:28:58,547 [1] DEBUG DEBUGLogger [(null)] - Copy data from 16/03/2013
2013-03-17 01:29:01,410 [1] DEBUG DEBUGLogger [(null)] - Write data: "0, 0, 0, 0, 0, 0, 0, 0, 0, 0, 0, 0, 0, 0, 0, 0, 0, 0, 0, 0, 0, 0, 0, 0, , " to day 17/03/2013, stock type STOCK
2013-03-17 01:29:01,424 [1] DEBUG DEBUGLogger [(null)] - Write data: "0, 0, 0, 0, 0, 0, 0, 0, 0, 0, 0, 0, 0, 0, 0, 0, 0, 0, 0, 0, 0, 0, 0, 0, , " to day 17/03/2013, stock type STOCK
2013-03-17 01:29:01,426 [1] DEBUG DEBUGLogger [(null)] - Write data: "0, 0, 0, 0, 0, 0, 0, 0, 0, 0, 0, 0, 0, 0, 0, 0, 0, 0, 0, 0, 0, 0, 0, 0, , " to day 17/03/2013, stock type STOCK
2013-03-17 01:29:01,428 [1] DEBUG DEBUGLogger [(null)] - Write data: "0, 0, 0, 0, 0, 0, 0, 0, 0, 0, 0, 0, 0, 0, 0, 0, 0, 0, 0, 0, 0, 0, 0, 0, , " to day 17/03/2013, stock type STOCK
2013-03-17 01:29:01,430 [1] DEBUG DEBUGLogger [(null)] - Write data: "0, 0, 0, 0, 0, 0, 0, 0, 0, 0, 0, 0, 0, 0, 0, 0, 0, 0, 0, 0, 0, 0, 0, 0, , " to day 17/03/2013, stock type STOCK
2013-03-17 01:29:01,433 [1] DEBUG DEBUGLogger [(null)] - Write data: "0, 0, 0, 0, 0, 0, 0, 0, 0, 0, 0, 0, 0, 0, 0, 0, 0, 0, 0, 0, 0, 0, 0, 0, , " to day 17/03/2013, stock type STOCK
2013-03-17 01:29:01,441 [1] DEBUG DEBUGLogger [(null)] - Write data: "0, 0, 0, 0, 0, 0, 0, 0, 0, 0, 0, 0, 0, 0, 0, 0, 0, 0, 0, 0, 0, 0, 0, 0, , " to day 17/03/2013, stock type STOCK
2013-03-17 01:29:01,446 [1] DEBUG DEBUGLogger [(null)] - Write data: "0, 0, 0, 0, 0, 0, 0, 0, 0, 0, 0, 0, 0, 0, 0, 0, 0, 0, 0, 0, 0, 0, 0, 0, , " to day 17/03/2013, stock type STOCK
2013-03-17 01:29:01,473 [1] DEBUG DEBUGLogger [(null)] - Write data: "0, 0, 0, 0, 0, 0, 0, 0, 0, 0, 0, 0, 0, 0, 0, 0, 0, 0, 0, 0, 0, 0, 0, 0, , " to day 17/03/2013, stock type STOCK
2013-03-17 01:29:01,479 [1] DEBUG DEBUGLogger [(null)] - Write data: "0, 0, 0, 0, 0, 0, 0, 0, 0, 0, 0, 0, 0, 0, 0, 0, 0, 0, 0, 0, 0, 0, 0, 0, , " to day 17/03/2013, stock type STOCK
2013-03-17 01:29:01,484 [1] DEBUG DEBUGLogger [(null)] - Write data: "0, 0, 0, 0, 0, 0, 0, 0, 0, 0, 0, 0, 0, 0, 0, 0, 0, 0, 0, 0, 0, 0, 0, 0, , " to day 17/03/2013, stock type STOCK
2013-03-17 01:29:01,490 [1] DEBUG DEBUGLogger [(null)] - Write data: "0, 0, 0, 0, 0, 0, 0, 0, 0, 0, 0, 0, 0, 0, 0, 0, 0, 0, 0, 0, 0, 0, 0, 0, , " to day 17/03/2013, stock type STOCK
2013-03-17 01:29:01,496 [1] DEBUG DEBUGLogger [(null)] - Write data: "0, 0, 0, 0, 0, 0, 0, 0, 0, 0, 0, 0, 0, 0, 0, 0, 0, 0, 0, 0, 0, 0, 0, 0, , " to day 17/03/2013, stock type STOCK
2013-03-17 01:29:01,498 [1] DEBUG DEBUGLogger [(null)] - Write data: "0, 0, 0, 0, 0, 0, 0, 0, 0, 0, 0, 0, 0, 0, 0, 0, 0, 0, 0, 0, 0, 0, 0, 0, , " to day 17/03/2013, stock type STOCK
2013-03-17 01:29:01,501 [1] DEBUG DEBUGLogger [(null)] - Write data: "0, 0, 0, 0, 0, 0, 0, 0, 0, 0, 0, 0, 0, 0, 0, 0, 0, 0, 0, 0, 0, 0, 0, 0, , " to day 17/03/2013, stock type STOCK
2013-03-17 01:29:01,506 [1] DEBUG DEBUGLogger [(null)] - Write data: "0, 0, 0, 0, 0, 0, 0, 0, 0, 0, 0, 0, 0, 0, 0, 0, 0, 0, 0, 0, 0, 0, 0, 0, , " to day 17/03/2013, stock type STOCK
2013-03-17 01:29:01,512 [1] DEBUG DEBUGLogger [(null)] - Write data: "0, 0, 0, 0, 0, 0, 0, 0, 0, 0, 0, 0, 0, 0, 0, 0, 0, 0, 0, 0, 0, 0, 0, 0, , " to day 17/03/2013, stock type STOCK
2013-03-17 01:29:01,515 [1] DEBUG DEBUGLogger [(null)] - Write data: "0, 0, 0, 0, 0, 0, 0, 0, 0, 0, 0, 0, 0, 0, 0, 0, 0, 0, 0, 0, 0, 0, 0, 0, , " to day 17/03/2013, stock type STOCK
2013-03-17 01:29:01,517 [1] DEBUG DEBUGLogger [(null)] - Write data: "0, 0, 0, 0, 0, 0, 0, 0, 0, 0, 0, 0, 0, 0, 0, 0, 0, 0, 0, 0, 0, 0, 0, 0, , " to day 17/03/2013, stock type STOCK
2013-03-17 01:29:01,523 [1] DEBUG DEBUGLogger [(null)] - Write data: "0, 0, 0, 0, 0, 0, 0, 0, 0, 0, 0, 0, 0, 0, 0, 0, 0, 0, 0, 0, 0, 0, 0, 0, , " to day 17/03/2013, stock type STOCK
2013-03-17 01:29:01,529 [1] DEBUG DEBUGLogger [(null)] - Write data: "0, 0, 0, 0, 0, 0, 0, 0, 0, 0, 0, 0, 0, 0, 0, 0, 0, 0, 0, 0, 0, 0, 0, 0, , " to day 17/03/2013, stock type STOCK
2013-03-17 01:29:01,535 [1] DEBUG DEBUGLogger [(null)] - Write data: "0, 0, 0, 0, 0, 0, 0, 0, 0, 0, 0, 0, 0, 0, 0, 0, 0, 0, 0, 0, 0, 0, 0, 0, , " to day 17/03/2013, stock type STOCK
2013-03-17 01:29:01,541 [1] DEBUG DEBUGLogger [(null)] - Write data: "0, 0, 0, 0, 0, 0, 0, 0, 0, 0, 0, 0, 0, 0, 0, 0, 0, 0, 0, 0, 0, 0, 0, 0, , " to day 17/03/2013, stock type STOCK
2013-03-17 01:29:01,547 [1] DEBUG DEBUGLogger [(null)] - Write data: "0, 0, 0, 0, 0, 0, 0, 0, 0, 0, 0, 0, 0, 0, 0, 0, 0, 0, 0, 0, 0, 0, 0, 0, , " to day 17/03/2013, stock type STOCK
2013-03-17 01:29:01,553 [1] DEBUG DEBUGLogger [(null)] - Write data: "0, 0, 0, 0, 0, 0, 0, 0, 0, 0, 0, 0, 0, 0, 0, 0, 0, 0, 0, 0, 0, 0, 0, 0, , " to day 17/03/2013, stock type STOCK
2013-03-17 01:29:01,569 [1] DEBUG DEBUGLogger [(null)] - Write data: "0, 0, 0, 0, 0, 0, 0, 0, 0, 0, 0, 0, 0, 0, 0, 0, 0, 0, 0, 0, 0, 0, 0, 0, , " to day 17/03/2013, stock type STOCK
2013-03-17 01:29:01,574 [1] DEBUG DEBUGLogger [(null)] - Write data: "0, 0, 0, 0, 0, 0, 0, 0, 0, 0, 0, 0, 0, 0, 0, 0, 0, 0, 0, 0, 0, 0, 0, 0, , " to day 17/03/2013, stock type STOCK
2013-03-17 01:29:01,580 [1] DEBUG DEBUGLogger [(null)] - Write data: "0, 0, 0, 0, 0, 0, 0, 0, 0, 0, 0, 0, 0, 0, 0, 0, 0, 0, 0, 0, 0, 0, 0, 0, , " to day 17/03/2013, stock type STOCK
2013-03-17 01:29:01,589 [1] DEBUG DEBUGLogger [(null)] - Write data: "0, 0, 0, 0, 0, 0, 0, 0, 0, 0, 0, 0, 0, 0, 0, 0, 0, 0, 0, 0, 0, 0, 0, 0, , " to day 17/03/2013, stock type STOCK
2013-03-17 01:29:01,594 [1] DEBUG DEBUGLogger [(null)] - Write data: "0, 0, 0, 0, 0, 0, 0, 0, 0, 0, 0, 0, 0, 0, 0, 0, 0, 0, 0, 0, 0, 0, 0, 0, , " to day 17/03/2013, stock type STOCK
2013-03-17 01:29:01,599 [1] DEBUG DEBUGLogger [(null)] - Write data: "0, 0, 0, 0, 0, 0, 0, 0, 0, 0, 0, 0, 0, 0, 0, 0, 0, 0, 0, 0, 0, 0, 0, 0, , " to day 17/03/2013, stock type STOCK
2013-03-17 01:29:01,602 [1] DEBUG DEBUGLogger [(null)] - Write data: "0, 0, 0, 0, 0, 0, 0, 0, 0, 0, 0, 0, 0, 0, 0, 0, 0, 0, 0, 0, 0, 0, 0, 0, , " to day 17/03/2013, stock type STOCK
2013-03-17 01:29:01,611 [1] DEBUG DEBUGLogger [(null)] - Write data: "0, 0, 0, 0, 0, 0, 0, 0, 0, 0, 0, 0, 0, 0, 0, 0, 0, 0, 0, 0, 0, 0, 0, 0, , " to day 17/03/2013, stock type STOCK
2013-03-17 01:29:01,616 [1] DEBUG DEBUGLogger [(null)] - Write data: "0, 0, 0, 0, 0, 0, 0, 0, 0, 0, 0, 0, 0, 0, 0, 0, 0, 0, 0, 0, 0, 0, 0, 0, , " to day 17/03/2013, stock type STOCK
2013-03-17 01:29:01,622 [1] DEBUG DEBUGLogger [(null)] - Write data: "0, 0, 0, 0, 0, 0, 0, 0, 0, 0, 0, 0, 0, 0, 0, 0, 0, 0, 0, 0, 0, 0, 0, 0, , " to day 17/03/2013, stock type STOCK
2013-03-17 01:29:01,624 [1] DEBUG DEBUGLogger [(null)] - Write data: "0, 0, 0, 0, 0, 0, 0, 0, 0, 0, 0, 0, 0, 0, 0, 0, 0, 0, 0, 0, 0, 0, 0, 0, , " to day 17/03/2013, stock type STOCK
2013-03-17 01:29:01,629 [1] DEBUG DEBUGLogger [(null)] - Write data: "0, 0, 0, 0, 0, 0, 0, 0, 0, 0, 0, 0, 0, 0, 0, 0, 0, 0, 0, 0, 0, 0, 0, 0, , " to day 17/03/2013, stock type STOCK
2013-03-17 01:29:01,635 [1] DEBUG DEBUGLogger [(null)] - Write data: "0, 0, 0, 0, 0, 0, 0, 0, 0, 0, 0, 0, 0, 0, 0, 0, 0, 0, 0, 0, 0, 0, 0, 0, , " to day 17/03/2013, stock type STOCK
2013-03-17 01:29:01,641 [1] DEBUG DEBUGLogger [(null)] - Write data: "0, 0, 0, 0, 0, 0, 0, 0, 0, 0, 0, 0, 0, 0, 0, 0, 0, 0, 0, 0, 0, 0, 0, 0, , " to day 17/03/2013, stock type STOCK
2013-03-17 01:29:01,643 [1] DEBUG DEBUGLogger [(null)] - Write data: "0, 0, 0, 0, 0, 0, 0, 0, 0, 0, 0, 0, 0, 0, 0, 0, 0, 0, 0, 0, 0, 0, 0, 0, , " to day 17/03/2013, stock type STOCK
2013-03-17 01:29:01,649 [1] DEBUG DEBUGLogger [(null)] - Write data: "0, 0, 0, 0, 0, 0, 0, 0, 0, 0, 0, 0, 0, 0, 0, 0, 0, 0, 0, 0, 0, 0, 0, 0, , " to day 17/03/2013, stock type STOCK
2013-03-17 01:29:01,655 [1] DEBUG DEBUGLogger [(null)] - Write data: "0, 0, 0, 0, 0, 0, 0, 0, 0, 0, 0, 0, 0, 0, 0, 0, 0, 0, 0, 0, 0, 0, 0, 0, , " to day 17/03/2013, stock type STOCK
2013-03-17 01:29:01,672 [1] DEBUG DEBUGLogger [(null)] - Write data: "0, 0, 0, 0, 0, 0, 0, 0, 0, 0, 0, 0, 0, 0, 0, 0, 0, 0, 0, 0, 0, 0, 0, 0, , " to day 17/03/2013, stock type STOCK
